[0.172s] DEBUG:colcon:Command line arguments: ['/usr/bin/colcon', 'build']
[0.172s] DEBUG:colcon:Parsed command line arguments: Namespace(allow_overriding=[], ament_cmake_args=None, base_paths=['.'], build_base='build', catkin_cmake_args=None, catkin_skip_building_tests=False, cmake_args=None, cmake_clean_cache=False, cmake_clean_first=False, cmake_force_configure=False, cmake_target=None, cmake_target_skip_unavailable=False, continue_on_error=False, event_handlers=None, executor='parallel', ignore_user_meta=False, install_base='install', log_base=None, log_level=None, main=<bound method BuildVerb.main of <colcon_core.verb.build.BuildVerb object at 0x7f776e51a7c0>>, merge_install=False, metas=['./colcon.meta'], packages_above=None, packages_above_and_dependencies=None, packages_above_depth=None, packages_end=None, packages_ignore=None, packages_ignore_regex=None, packages_select=None, packages_select_build_failed=False, packages_select_by_dep=None, packages_select_regex=None, packages_select_test_failures=False, packages_skip=None, packages_skip_build_finished=False, packages_skip_by_dep=None, packages_skip_regex=None, packages_skip_test_passed=False, packages_skip_up_to=None, packages_start=None, packages_up_to=None, packages_up_to_regex=None, parallel_workers=8, paths=None, symlink_install=False, test_result_base=None, verb_extension=<colcon_core.verb.build.BuildVerb object at 0x7f776e51a7c0>, verb_name='build', verb_parser=<colcon_defaults.argument_parser.defaults.DefaultArgumentsDecorator object at 0x7f776e5254c0>)
[0.199s] Level 1:colcon.colcon_core.package_discovery:discover_packages(colcon_meta) check parameters
[0.199s] Level 1:colcon.colcon_core.package_discovery:discover_packages(recursive) check parameters
[0.199s] Level 1:colcon.colcon_core.package_discovery:discover_packages(ignore) check parameters
[0.199s] Level 1:colcon.colcon_core.package_discovery:discover_packages(path) check parameters
[0.199s] Level 1:colcon.colcon_core.package_discovery:discover_packages(colcon_meta) discover
[0.199s] Level 1:colcon.colcon_core.package_discovery:discover_packages(recursive) discover
[0.199s] INFO:colcon.colcon_core.package_discovery:Crawling recursively for packages in '/home/hjf/auto/rplidar-ros2'
[0.199s] Level 1:colcon.colcon_core.package_identification:_identify(.) by extensions ['ignore', 'ignore_ament_install']
[0.199s] Level 1:colcon.colcon_core.package_identification:_identify(.) by extension 'ignore'
[0.199s] Level 1:colcon.colcon_core.package_identification:_identify(.) by extension 'ignore_ament_install'
[0.199s] Level 1:colcon.colcon_core.package_identification:_identify(.) by extensions ['colcon_pkg']
[0.199s] Level 1:colcon.colcon_core.package_identification:_identify(.) by extension 'colcon_pkg'
[0.199s] Level 1:colcon.colcon_core.package_identification:_identify(.) by extensions ['colcon_meta']
[0.199s] Level 1:colcon.colcon_core.package_identification:_identify(.) by extension 'colcon_meta'
[0.199s] Level 1:colcon.colcon_core.package_identification:_identify(.) by extensions ['ros']
[0.199s] Level 1:colcon.colcon_core.package_identification:_identify(.) by extension 'ros'
[0.210s] Level 1:colcon.colcon_core.package_identification:_identify(.) by extensions ['cmake', 'python']
[0.210s] Level 1:colcon.colcon_core.package_identification:_identify(.) by extension 'cmake'
[0.210s] Level 1:colcon.colcon_core.package_identification:_identify(.) by extension 'python'
[0.211s] Level 1:colcon.colcon_core.package_identification:_identify(.) by extensions ['python_setup_py']
[0.211s] Level 1:colcon.colcon_core.package_identification:_identify(.) by extension 'python_setup_py'
[0.211s] Level 1:colcon.colcon_core.package_identification:_identify(build) by extensions ['ignore', 'ignore_ament_install']
[0.211s] Level 1:colcon.colcon_core.package_identification:_identify(build) by extension 'ignore'
[0.211s] Level 1:colcon.colcon_core.package_identification:_identify(build) ignored
[0.211s] Level 1:colcon.colcon_core.package_identification:_identify(install) by extensions ['ignore', 'ignore_ament_install']
[0.211s] Level 1:colcon.colcon_core.package_identification:_identify(install) by extension 'ignore'
[0.211s] Level 1:colcon.colcon_core.package_identification:_identify(install) ignored
[0.211s] Level 1:colcon.colcon_core.package_identification:_identify(log) by extensions ['ignore', 'ignore_ament_install']
[0.211s] Level 1:colcon.colcon_core.package_identification:_identify(log) by extension 'ignore'
[0.211s] Level 1:colcon.colcon_core.package_identification:_identify(log) ignored
[0.211s] Level 1:colcon.colcon_core.package_identification:_identify(src) by extensions ['ignore', 'ignore_ament_install']
[0.211s] Level 1:colcon.colcon_core.package_identification:_identify(src) by extension 'ignore'
[0.212s] Level 1:colcon.colcon_core.package_identification:_identify(src) by extension 'ignore_ament_install'
[0.212s] Level 1:colcon.colcon_core.package_identification:_identify(src) by extensions ['colcon_pkg']
[0.212s] Level 1:colcon.colcon_core.package_identification:_identify(src) by extension 'colcon_pkg'
[0.212s] Level 1:colcon.colcon_core.package_identification:_identify(src) by extensions ['colcon_meta']
[0.212s] Level 1:colcon.colcon_core.package_identification:_identify(src) by extension 'colcon_meta'
[0.212s] Level 1:colcon.colcon_core.package_identification:_identify(src) by extensions ['ros']
[0.212s] Level 1:colcon.colcon_core.package_identification:_identify(src) by extension 'ros'
[0.212s] Level 1:colcon.colcon_core.package_identification:_identify(src) by extensions ['cmake', 'python']
[0.212s] Level 1:colcon.colcon_core.package_identification:_identify(src) by extension 'cmake'
[0.212s] Level 1:colcon.colcon_core.package_identification:_identify(src) by extension 'python'
[0.212s] Level 1:colcon.colcon_core.package_identification:_identify(src) by extensions ['python_setup_py']
[0.212s] Level 1:colcon.colcon_core.package_identification:_identify(src) by extension 'python_setup_py'
[0.212s] Level 1:colcon.colcon_core.package_identification:_identify(src/cartographer_test) by extensions ['ignore', 'ignore_ament_install']
[0.212s] Level 1:colcon.colcon_core.package_identification:_identify(src/cartographer_test) by extension 'ignore'
[0.212s] Level 1:colcon.colcon_core.package_identification:_identify(src/cartographer_test) by extension 'ignore_ament_install'
[0.212s] Level 1:colcon.colcon_core.package_identification:_identify(src/cartographer_test) by extensions ['colcon_pkg']
[0.212s] Level 1:colcon.colcon_core.package_identification:_identify(src/cartographer_test) by extension 'colcon_pkg'
[0.212s] Level 1:colcon.colcon_core.package_identification:_identify(src/cartographer_test) by extensions ['colcon_meta']
[0.212s] Level 1:colcon.colcon_core.package_identification:_identify(src/cartographer_test) by extension 'colcon_meta'
[0.212s] Level 1:colcon.colcon_core.package_identification:_identify(src/cartographer_test) by extensions ['ros']
[0.212s] Level 1:colcon.colcon_core.package_identification:_identify(src/cartographer_test) by extension 'ros'
[0.215s] DEBUG:colcon.colcon_core.package_identification:Package 'src/cartographer_test' with type 'ros.ament_cmake' and name 'cartographer_test'
[0.215s] Level 1:colcon.colcon_core.package_identification:_identify(src/openslam_gmapping) by extensions ['ignore', 'ignore_ament_install']
[0.215s] Level 1:colcon.colcon_core.package_identification:_identify(src/openslam_gmapping) by extension 'ignore'
[0.215s] Level 1:colcon.colcon_core.package_identification:_identify(src/openslam_gmapping) by extension 'ignore_ament_install'
[0.215s] Level 1:colcon.colcon_core.package_identification:_identify(src/openslam_gmapping) by extensions ['colcon_pkg']
[0.215s] Level 1:colcon.colcon_core.package_identification:_identify(src/openslam_gmapping) by extension 'colcon_pkg'
[0.215s] Level 1:colcon.colcon_core.package_identification:_identify(src/openslam_gmapping) by extensions ['colcon_meta']
[0.216s] Level 1:colcon.colcon_core.package_identification:_identify(src/openslam_gmapping) by extension 'colcon_meta'
[0.216s] Level 1:colcon.colcon_core.package_identification:_identify(src/openslam_gmapping) by extensions ['ros']
[0.216s] Level 1:colcon.colcon_core.package_identification:_identify(src/openslam_gmapping) by extension 'ros'
[0.229s] DEBUG:colcon.colcon_core.package_identification:Package 'src/openslam_gmapping' with type 'ros.ament_cmake' and name 'openslam_gmapping'
[0.229s] Level 1:colcon.colcon_core.package_identification:_identify(src/slam_gmapping) by extensions ['ignore', 'ignore_ament_install']
[0.229s] Level 1:colcon.colcon_core.package_identification:_identify(src/slam_gmapping) by extension 'ignore'
[0.229s] Level 1:colcon.colcon_core.package_identification:_identify(src/slam_gmapping) by extension 'ignore_ament_install'
[0.229s] Level 1:colcon.colcon_core.package_identification:_identify(src/slam_gmapping) by extensions ['colcon_pkg']
[0.229s] Level 1:colcon.colcon_core.package_identification:_identify(src/slam_gmapping) by extension 'colcon_pkg'
[0.229s] Level 1:colcon.colcon_core.package_identification:_identify(src/slam_gmapping) by extensions ['colcon_meta']
[0.229s] Level 1:colcon.colcon_core.package_identification:_identify(src/slam_gmapping) by extension 'colcon_meta'
[0.229s] Level 1:colcon.colcon_core.package_identification:_identify(src/slam_gmapping) by extensions ['ros']
[0.229s] Level 1:colcon.colcon_core.package_identification:_identify(src/slam_gmapping) by extension 'ros'
[0.231s] DEBUG:colcon.colcon_core.package_identification:Package 'src/slam_gmapping' with type 'ros.ament_cmake' and name 'slam_gmapping'
[0.231s] Level 1:colcon.colcon_core.package_identification:_identify(src/sllidar_ros2) by extensions ['ignore', 'ignore_ament_install']
[0.231s] Level 1:colcon.colcon_core.package_identification:_identify(src/sllidar_ros2) by extension 'ignore'
[0.231s] Level 1:colcon.colcon_core.package_identification:_identify(src/sllidar_ros2) by extension 'ignore_ament_install'
[0.231s] Level 1:colcon.colcon_core.package_identification:_identify(src/sllidar_ros2) by extensions ['colcon_pkg']
[0.231s] Level 1:colcon.colcon_core.package_identification:_identify(src/sllidar_ros2) by extension 'colcon_pkg'
[0.231s] Level 1:colcon.colcon_core.package_identification:_identify(src/sllidar_ros2) by extensions ['colcon_meta']
[0.231s] Level 1:colcon.colcon_core.package_identification:_identify(src/sllidar_ros2) by extension 'colcon_meta'
[0.231s] Level 1:colcon.colcon_core.package_identification:_identify(src/sllidar_ros2) by extensions ['ros']
[0.231s] Level 1:colcon.colcon_core.package_identification:_identify(src/sllidar_ros2) by extension 'ros'
[0.232s] DEBUG:colcon.colcon_core.package_identification:Package 'src/sllidar_ros2' with type 'ros.ament_cmake' and name 'sllidar_ros2'
[0.232s] Level 1:colcon.colcon_core.package_discovery:discover_packages(recursive) using defaults
[0.232s] Level 1:colcon.colcon_core.package_discovery:discover_packages(ignore) discover
[0.233s] Level 1:colcon.colcon_core.package_discovery:discover_packages(ignore) using defaults
[0.233s] Level 1:colcon.colcon_core.package_discovery:discover_packages(path) discover
[0.233s] Level 1:colcon.colcon_core.package_discovery:discover_packages(path) using defaults
[0.255s] Level 1:colcon.colcon_core.package_discovery:discover_packages(prefix_path) check parameters
[0.255s] Level 1:colcon.colcon_core.package_discovery:discover_packages(prefix_path) discover
[0.258s] DEBUG:colcon.colcon_installed_package_information.package_discovery:Found 291 installed packages in /opt/ros/foxy
[0.260s] Level 1:colcon.colcon_core.package_discovery:discover_packages(prefix_path) using defaults
[0.337s] Level 5:colcon.colcon_core.verb:set package 'cartographer_test' build argument 'cmake_args' from command line to 'None'
[0.337s] Level 5:colcon.colcon_core.verb:set package 'cartographer_test' build argument 'cmake_target' from command line to 'None'
[0.337s] Level 5:colcon.colcon_core.verb:set package 'cartographer_test' build argument 'cmake_target_skip_unavailable' from command line to 'False'
[0.337s] Level 5:colcon.colcon_core.verb:set package 'cartographer_test' build argument 'cmake_clean_cache' from command line to 'False'
[0.337s] Level 5:colcon.colcon_core.verb:set package 'cartographer_test' build argument 'cmake_clean_first' from command line to 'False'
[0.338s] Level 5:colcon.colcon_core.verb:set package 'cartographer_test' build argument 'cmake_force_configure' from command line to 'False'
[0.338s] Level 5:colcon.colcon_core.verb:set package 'cartographer_test' build argument 'ament_cmake_args' from command line to 'None'
[0.338s] Level 5:colcon.colcon_core.verb:set package 'cartographer_test' build argument 'catkin_cmake_args' from command line to 'None'
[0.338s] Level 5:colcon.colcon_core.verb:set package 'cartographer_test' build argument 'catkin_skip_building_tests' from command line to 'False'
[0.338s] DEBUG:colcon.colcon_core.verb:Building package 'cartographer_test' with the following arguments: {'ament_cmake_args': None, 'build_base': '/home/hjf/auto/rplidar-ros2/build/cartographer_test', 'catkin_cmake_args': None, 'catkin_skip_building_tests': False, 'cmake_args': None, 'cmake_clean_cache': False, 'cmake_clean_first': False, 'cmake_force_configure': False, 'cmake_target': None, 'cmake_target_skip_unavailable': False, 'install_base': '/home/hjf/auto/rplidar-ros2/install/cartographer_test', 'merge_install': False, 'path': '/home/hjf/auto/rplidar-ros2/src/cartographer_test', 'symlink_install': False, 'test_result_base': None}
[0.339s] Level 5:colcon.colcon_core.verb:set package 'openslam_gmapping' build argument 'cmake_args' from command line to 'None'
[0.339s] Level 5:colcon.colcon_core.verb:set package 'openslam_gmapping' build argument 'cmake_target' from command line to 'None'
[0.339s] Level 5:colcon.colcon_core.verb:set package 'openslam_gmapping' build argument 'cmake_target_skip_unavailable' from command line to 'False'
[0.339s] Level 5:colcon.colcon_core.verb:set package 'openslam_gmapping' build argument 'cmake_clean_cache' from command line to 'False'
[0.339s] Level 5:colcon.colcon_core.verb:set package 'openslam_gmapping' build argument 'cmake_clean_first' from command line to 'False'
[0.339s] Level 5:colcon.colcon_core.verb:set package 'openslam_gmapping' build argument 'cmake_force_configure' from command line to 'False'
[0.339s] Level 5:colcon.colcon_core.verb:set package 'openslam_gmapping' build argument 'ament_cmake_args' from command line to 'None'
[0.339s] Level 5:colcon.colcon_core.verb:set package 'openslam_gmapping' build argument 'catkin_cmake_args' from command line to 'None'
[0.339s] Level 5:colcon.colcon_core.verb:set package 'openslam_gmapping' build argument 'catkin_skip_building_tests' from command line to 'False'
[0.339s] DEBUG:colcon.colcon_core.verb:Building package 'openslam_gmapping' with the following arguments: {'ament_cmake_args': None, 'build_base': '/home/hjf/auto/rplidar-ros2/build/openslam_gmapping', 'catkin_cmake_args': None, 'catkin_skip_building_tests': False, 'cmake_args': None, 'cmake_clean_cache': False, 'cmake_clean_first': False, 'cmake_force_configure': False, 'cmake_target': None, 'cmake_target_skip_unavailable': False, 'install_base': '/home/hjf/auto/rplidar-ros2/install/openslam_gmapping', 'merge_install': False, 'path': '/home/hjf/auto/rplidar-ros2/src/openslam_gmapping', 'symlink_install': False, 'test_result_base': None}
[0.340s] Level 5:colcon.colcon_core.verb:set package 'sllidar_ros2' build argument 'cmake_args' from command line to 'None'
[0.340s] Level 5:colcon.colcon_core.verb:set package 'sllidar_ros2' build argument 'cmake_target' from command line to 'None'
[0.340s] Level 5:colcon.colcon_core.verb:set package 'sllidar_ros2' build argument 'cmake_target_skip_unavailable' from command line to 'False'
[0.340s] Level 5:colcon.colcon_core.verb:set package 'sllidar_ros2' build argument 'cmake_clean_cache' from command line to 'False'
[0.340s] Level 5:colcon.colcon_core.verb:set package 'sllidar_ros2' build argument 'cmake_clean_first' from command line to 'False'
[0.340s] Level 5:colcon.colcon_core.verb:set package 'sllidar_ros2' build argument 'cmake_force_configure' from command line to 'False'
[0.340s] Level 5:colcon.colcon_core.verb:set package 'sllidar_ros2' build argument 'ament_cmake_args' from command line to 'None'
[0.340s] Level 5:colcon.colcon_core.verb:set package 'sllidar_ros2' build argument 'catkin_cmake_args' from command line to 'None'
[0.340s] Level 5:colcon.colcon_core.verb:set package 'sllidar_ros2' build argument 'catkin_skip_building_tests' from command line to 'False'
[0.340s] DEBUG:colcon.colcon_core.verb:Building package 'sllidar_ros2' with the following arguments: {'ament_cmake_args': None, 'build_base': '/home/hjf/auto/rplidar-ros2/build/sllidar_ros2', 'catkin_cmake_args': None, 'catkin_skip_building_tests': False, 'cmake_args': None, 'cmake_clean_cache': False, 'cmake_clean_first': False, 'cmake_force_configure': False, 'cmake_target': None, 'cmake_target_skip_unavailable': False, 'install_base': '/home/hjf/auto/rplidar-ros2/install/sllidar_ros2', 'merge_install': False, 'path': '/home/hjf/auto/rplidar-ros2/src/sllidar_ros2', 'symlink_install': False, 'test_result_base': None}
[0.341s] Level 5:colcon.colcon_core.verb:set package 'slam_gmapping' build argument 'cmake_args' from command line to 'None'
[0.341s] Level 5:colcon.colcon_core.verb:set package 'slam_gmapping' build argument 'cmake_target' from command line to 'None'
[0.341s] Level 5:colcon.colcon_core.verb:set package 'slam_gmapping' build argument 'cmake_target_skip_unavailable' from command line to 'False'
[0.341s] Level 5:colcon.colcon_core.verb:set package 'slam_gmapping' build argument 'cmake_clean_cache' from command line to 'False'
[0.341s] Level 5:colcon.colcon_core.verb:set package 'slam_gmapping' build argument 'cmake_clean_first' from command line to 'False'
[0.341s] Level 5:colcon.colcon_core.verb:set package 'slam_gmapping' build argument 'cmake_force_configure' from command line to 'False'
[0.341s] Level 5:colcon.colcon_core.verb:set package 'slam_gmapping' build argument 'ament_cmake_args' from command line to 'None'
[0.341s] Level 5:colcon.colcon_core.verb:set package 'slam_gmapping' build argument 'catkin_cmake_args' from command line to 'None'
[0.341s] Level 5:colcon.colcon_core.verb:set package 'slam_gmapping' build argument 'catkin_skip_building_tests' from command line to 'False'
[0.341s] DEBUG:colcon.colcon_core.verb:Building package 'slam_gmapping' with the following arguments: {'ament_cmake_args': None, 'build_base': '/home/hjf/auto/rplidar-ros2/build/slam_gmapping', 'catkin_cmake_args': None, 'catkin_skip_building_tests': False, 'cmake_args': None, 'cmake_clean_cache': False, 'cmake_clean_first': False, 'cmake_force_configure': False, 'cmake_target': None, 'cmake_target_skip_unavailable': False, 'install_base': '/home/hjf/auto/rplidar-ros2/install/slam_gmapping', 'merge_install': False, 'path': '/home/hjf/auto/rplidar-ros2/src/slam_gmapping', 'symlink_install': False, 'test_result_base': None}
[0.342s] INFO:colcon.colcon_core.executor:Executing jobs using 'parallel' executor
[0.346s] DEBUG:colcon.colcon_parallel_executor.executor.parallel:run_until_complete
[0.346s] INFO:colcon.colcon_ros.task.ament_cmake.build:Building ROS package in '/home/hjf/auto/rplidar-ros2/src/openslam_gmapping' with build type 'ament_cmake'
[0.347s] INFO:colcon.colcon_cmake.task.cmake.build:Building CMake package in '/home/hjf/auto/rplidar-ros2/src/openslam_gmapping'
[0.351s] INFO:colcon.colcon_core.plugin_system:Skipping extension 'colcon_core.shell.bat': Not used on non-Windows systems
[0.352s] INFO:colcon.colcon_core.shell:Skip shell extension 'powershell' for command environment: Not usable outside of PowerShell
[0.352s] DEBUG:colcon.colcon_core.shell:Skip shell extension 'dsv' for command environment
[0.366s] INFO:colcon.colcon_ros.task.ament_cmake.build:Building ROS package in '/home/hjf/auto/rplidar-ros2/src/cartographer_test' with build type 'ament_cmake'
[0.367s] INFO:colcon.colcon_cmake.task.cmake.build:Building CMake package in '/home/hjf/auto/rplidar-ros2/src/cartographer_test'
[0.368s] INFO:colcon.colcon_core.shell:Skip shell extension 'powershell' for command environment: Not usable outside of PowerShell
[0.369s] DEBUG:colcon.colcon_core.shell:Skip shell extension 'dsv' for command environment
[0.375s] INFO:colcon.colcon_ros.task.ament_cmake.build:Building ROS package in '/home/hjf/auto/rplidar-ros2/src/sllidar_ros2' with build type 'ament_cmake'
[0.375s] INFO:colcon.colcon_cmake.task.cmake.build:Building CMake package in '/home/hjf/auto/rplidar-ros2/src/sllidar_ros2'
[0.377s] INFO:colcon.colcon_core.shell:Skip shell extension 'powershell' for command environment: Not usable outside of PowerShell
[0.377s] DEBUG:colcon.colcon_core.shell:Skip shell extension 'dsv' for command environment
[0.394s] DEBUG:colcon.colcon_core.event_handler.log_command:Invoking command in '/home/hjf/auto/rplidar-ros2/build/openslam_gmapping': CMAKE_PREFIX_PATH=/opt/ros/foxy /usr/bin/cmake --build /home/hjf/auto/rplidar-ros2/build/openslam_gmapping -- -j8 -l8
[0.401s] DEBUG:colcon.colcon_core.event_handler.log_command:Invoking command in '/home/hjf/auto/rplidar-ros2/build/cartographer_test': CMAKE_PREFIX_PATH=/opt/ros/foxy /usr/bin/cmake --build /home/hjf/auto/rplidar-ros2/build/cartographer_test -- -j8 -l8
[0.412s] DEBUG:colcon.colcon_core.event_handler.log_command:Invoking command in '/home/hjf/auto/rplidar-ros2/build/sllidar_ros2': CMAKE_PREFIX_PATH=/opt/ros/foxy /usr/bin/cmake --build /home/hjf/auto/rplidar-ros2/build/sllidar_ros2 -- -j8 -l8
[0.521s] DEBUG:colcon.colcon_core.event_handler.log_command:Invoked command in '/home/hjf/auto/rplidar-ros2/build/sllidar_ros2' returned '0': CMAKE_PREFIX_PATH=/opt/ros/foxy /usr/bin/cmake --build /home/hjf/auto/rplidar-ros2/build/sllidar_ros2 -- -j8 -l8
[0.580s] DEBUG:colcon.colcon_core.event_handler.log_command:Invoking command in '/home/hjf/auto/rplidar-ros2/build/sllidar_ros2': CMAKE_PREFIX_PATH=/opt/ros/foxy /usr/bin/cmake --install /home/hjf/auto/rplidar-ros2/build/sllidar_ros2
[0.583s] DEBUG:colcon.colcon_core.event_handler.log_command:Invoked command in '/home/hjf/auto/rplidar-ros2/build/openslam_gmapping' returned '0': CMAKE_PREFIX_PATH=/opt/ros/foxy /usr/bin/cmake --build /home/hjf/auto/rplidar-ros2/build/openslam_gmapping -- -j8 -l8
[0.597s] Level 1:colcon.colcon_core.environment:create_environment_scripts_only(sllidar_ros2)
[0.598s] DEBUG:colcon.colcon_core.event_handler.log_command:Invoked command in '/home/hjf/auto/rplidar-ros2/build/sllidar_ros2' returned '0': CMAKE_PREFIX_PATH=/opt/ros/foxy /usr/bin/cmake --install /home/hjf/auto/rplidar-ros2/build/sllidar_ros2
[0.606s] Level 1:colcon.colcon_core.environment:checking '/home/hjf/auto/rplidar-ros2/install/sllidar_ros2' for CMake module files
[0.607s] Level 1:colcon.colcon_core.environment:checking '/home/hjf/auto/rplidar-ros2/install/sllidar_ros2' for CMake config files
[0.610s] Level 1:colcon.colcon_core.shell:create_environment_hook('sllidar_ros2', 'cmake_prefix_path')
[0.612s] INFO:colcon.colcon_core.shell:Creating environment hook '/home/hjf/auto/rplidar-ros2/install/sllidar_ros2/share/sllidar_ros2/hook/cmake_prefix_path.ps1'
[0.614s] INFO:colcon.colcon_core.shell:Creating environment descriptor '/home/hjf/auto/rplidar-ros2/install/sllidar_ros2/share/sllidar_ros2/hook/cmake_prefix_path.dsv'
[0.614s] INFO:colcon.colcon_core.shell:Creating environment hook '/home/hjf/auto/rplidar-ros2/install/sllidar_ros2/share/sllidar_ros2/hook/cmake_prefix_path.sh'
[0.616s] Level 1:colcon.colcon_core.environment:checking '/home/hjf/auto/rplidar-ros2/install/sllidar_ros2/lib'
[0.616s] Level 1:colcon.colcon_core.environment:checking '/home/hjf/auto/rplidar-ros2/install/sllidar_ros2/bin'
[0.616s] Level 1:colcon.colcon_core.environment:checking '/home/hjf/auto/rplidar-ros2/install/sllidar_ros2/lib/pkgconfig/sllidar_ros2.pc'
[0.616s] Level 1:colcon.colcon_core.environment:checking '/home/hjf/auto/rplidar-ros2/install/sllidar_ros2/lib/python3.8/site-packages'
[0.616s] Level 1:colcon.colcon_core.environment:checking '/home/hjf/auto/rplidar-ros2/install/sllidar_ros2/bin'
[0.619s] INFO:colcon.colcon_core.shell:Creating package script '/home/hjf/auto/rplidar-ros2/install/sllidar_ros2/share/sllidar_ros2/package.ps1'
[0.620s] INFO:colcon.colcon_core.shell:Creating package descriptor '/home/hjf/auto/rplidar-ros2/install/sllidar_ros2/share/sllidar_ros2/package.dsv'
[0.621s] INFO:colcon.colcon_core.shell:Creating package script '/home/hjf/auto/rplidar-ros2/install/sllidar_ros2/share/sllidar_ros2/package.sh'
[0.622s] INFO:colcon.colcon_core.shell:Creating package script '/home/hjf/auto/rplidar-ros2/install/sllidar_ros2/share/sllidar_ros2/package.bash'
[0.622s] INFO:colcon.colcon_core.shell:Creating package script '/home/hjf/auto/rplidar-ros2/install/sllidar_ros2/share/sllidar_ros2/package.zsh'
[0.623s] Level 1:colcon.colcon_core.environment:create_file_with_runtime_dependencies(/home/hjf/auto/rplidar-ros2/install/sllidar_ros2/share/colcon-core/packages/sllidar_ros2)
[0.628s] DEBUG:colcon.colcon_core.event_handler.log_command:Invoking command in '/home/hjf/auto/rplidar-ros2/build/openslam_gmapping': CMAKE_PREFIX_PATH=/opt/ros/foxy /usr/bin/cmake --install /home/hjf/auto/rplidar-ros2/build/openslam_gmapping
[0.650s] Level 1:colcon.colcon_core.environment:create_environment_scripts_only(openslam_gmapping)
[0.656s] DEBUG:colcon.colcon_core.event_handler.log_command:Invoked command in '/home/hjf/auto/rplidar-ros2/build/openslam_gmapping' returned '0': CMAKE_PREFIX_PATH=/opt/ros/foxy /usr/bin/cmake --install /home/hjf/auto/rplidar-ros2/build/openslam_gmapping
[0.657s] Level 1:colcon.colcon_core.environment:checking '/home/hjf/auto/rplidar-ros2/install/openslam_gmapping' for CMake module files
[0.658s] Level 1:colcon.colcon_core.environment:checking '/home/hjf/auto/rplidar-ros2/install/openslam_gmapping' for CMake config files
[0.660s] Level 1:colcon.colcon_core.shell:create_environment_hook('openslam_gmapping', 'cmake_prefix_path')
[0.663s] INFO:colcon.colcon_core.shell:Creating environment hook '/home/hjf/auto/rplidar-ros2/install/openslam_gmapping/share/openslam_gmapping/hook/cmake_prefix_path.ps1'
[0.663s] INFO:colcon.colcon_core.shell:Creating environment descriptor '/home/hjf/auto/rplidar-ros2/install/openslam_gmapping/share/openslam_gmapping/hook/cmake_prefix_path.dsv'
[0.664s] INFO:colcon.colcon_core.shell:Creating environment hook '/home/hjf/auto/rplidar-ros2/install/openslam_gmapping/share/openslam_gmapping/hook/cmake_prefix_path.sh'
[0.665s] Level 1:colcon.colcon_core.environment:checking '/home/hjf/auto/rplidar-ros2/install/openslam_gmapping/lib'
[0.665s] Level 1:colcon.colcon_core.environment:checking '/home/hjf/auto/rplidar-ros2/install/openslam_gmapping/bin'
[0.665s] Level 1:colcon.colcon_core.environment:checking '/home/hjf/auto/rplidar-ros2/install/openslam_gmapping/lib/pkgconfig/openslam_gmapping.pc'
[0.666s] Level 1:colcon.colcon_core.environment:checking '/home/hjf/auto/rplidar-ros2/install/openslam_gmapping/lib/python3.8/site-packages'
[0.666s] Level 1:colcon.colcon_core.environment:checking '/home/hjf/auto/rplidar-ros2/install/openslam_gmapping/bin'
[0.669s] INFO:colcon.colcon_core.shell:Creating package script '/home/hjf/auto/rplidar-ros2/install/openslam_gmapping/share/openslam_gmapping/package.ps1'
[0.670s] INFO:colcon.colcon_core.shell:Creating package descriptor '/home/hjf/auto/rplidar-ros2/install/openslam_gmapping/share/openslam_gmapping/package.dsv'
[0.670s] INFO:colcon.colcon_core.shell:Creating package script '/home/hjf/auto/rplidar-ros2/install/openslam_gmapping/share/openslam_gmapping/package.sh'
[0.671s] INFO:colcon.colcon_core.shell:Creating package script '/home/hjf/auto/rplidar-ros2/install/openslam_gmapping/share/openslam_gmapping/package.bash'
[0.671s] INFO:colcon.colcon_core.shell:Creating package script '/home/hjf/auto/rplidar-ros2/install/openslam_gmapping/share/openslam_gmapping/package.zsh'
[0.672s] Level 1:colcon.colcon_core.environment:create_file_with_runtime_dependencies(/home/hjf/auto/rplidar-ros2/install/openslam_gmapping/share/colcon-core/packages/openslam_gmapping)
[0.679s] Level 1:colcon.colcon_core.environment:create_environment_scripts_only(sllidar_ros2)
[0.683s] Level 1:colcon.colcon_core.environment:checking '/home/hjf/auto/rplidar-ros2/install/sllidar_ros2' for CMake module files
[0.684s] Level 1:colcon.colcon_core.environment:checking '/home/hjf/auto/rplidar-ros2/install/sllidar_ros2' for CMake config files
[0.684s] Level 1:colcon.colcon_core.shell:create_environment_hook('sllidar_ros2', 'cmake_prefix_path')
[0.687s] INFO:colcon.colcon_core.shell:Creating environment hook '/home/hjf/auto/rplidar-ros2/install/sllidar_ros2/share/sllidar_ros2/hook/cmake_prefix_path.ps1'
[0.688s] INFO:colcon.colcon_core.shell:Creating environment descriptor '/home/hjf/auto/rplidar-ros2/install/sllidar_ros2/share/sllidar_ros2/hook/cmake_prefix_path.dsv'
[0.689s] INFO:colcon.colcon_core.shell:Creating environment hook '/home/hjf/auto/rplidar-ros2/install/sllidar_ros2/share/sllidar_ros2/hook/cmake_prefix_path.sh'
[0.689s] Level 1:colcon.colcon_core.environment:checking '/home/hjf/auto/rplidar-ros2/install/sllidar_ros2/lib'
[0.690s] Level 1:colcon.colcon_core.environment:checking '/home/hjf/auto/rplidar-ros2/install/sllidar_ros2/bin'
[0.690s] Level 1:colcon.colcon_core.environment:checking '/home/hjf/auto/rplidar-ros2/install/sllidar_ros2/lib/pkgconfig/sllidar_ros2.pc'
[0.690s] Level 1:colcon.colcon_core.environment:checking '/home/hjf/auto/rplidar-ros2/install/sllidar_ros2/lib/python3.8/site-packages'
[0.690s] Level 1:colcon.colcon_core.environment:checking '/home/hjf/auto/rplidar-ros2/install/sllidar_ros2/bin'
[0.694s] INFO:colcon.colcon_core.shell:Creating package script '/home/hjf/auto/rplidar-ros2/install/sllidar_ros2/share/sllidar_ros2/package.ps1'
[0.695s] INFO:colcon.colcon_core.shell:Creating package descriptor '/home/hjf/auto/rplidar-ros2/install/sllidar_ros2/share/sllidar_ros2/package.dsv'
[0.695s] INFO:colcon.colcon_core.shell:Creating package script '/home/hjf/auto/rplidar-ros2/install/sllidar_ros2/share/sllidar_ros2/package.sh'
[0.696s] INFO:colcon.colcon_core.shell:Creating package script '/home/hjf/auto/rplidar-ros2/install/sllidar_ros2/share/sllidar_ros2/package.bash'
[0.697s] INFO:colcon.colcon_core.shell:Creating package script '/home/hjf/auto/rplidar-ros2/install/sllidar_ros2/share/sllidar_ros2/package.zsh'
[0.698s] Level 1:colcon.colcon_core.environment:create_file_with_runtime_dependencies(/home/hjf/auto/rplidar-ros2/install/sllidar_ros2/share/colcon-core/packages/sllidar_ros2)
[0.702s] Level 1:colcon.colcon_core.environment:create_environment_scripts_only(openslam_gmapping)
[0.706s] Level 1:colcon.colcon_core.environment:checking '/home/hjf/auto/rplidar-ros2/install/openslam_gmapping' for CMake module files
[0.707s] Level 1:colcon.colcon_core.environment:checking '/home/hjf/auto/rplidar-ros2/install/openslam_gmapping' for CMake config files
[0.707s] Level 1:colcon.colcon_core.shell:create_environment_hook('openslam_gmapping', 'cmake_prefix_path')
[0.710s] INFO:colcon.colcon_core.shell:Creating environment hook '/home/hjf/auto/rplidar-ros2/install/openslam_gmapping/share/openslam_gmapping/hook/cmake_prefix_path.ps1'
[0.711s] INFO:colcon.colcon_core.shell:Creating environment descriptor '/home/hjf/auto/rplidar-ros2/install/openslam_gmapping/share/openslam_gmapping/hook/cmake_prefix_path.dsv'
[0.711s] INFO:colcon.colcon_core.shell:Creating environment hook '/home/hjf/auto/rplidar-ros2/install/openslam_gmapping/share/openslam_gmapping/hook/cmake_prefix_path.sh'
[0.712s] Level 1:colcon.colcon_core.environment:checking '/home/hjf/auto/rplidar-ros2/install/openslam_gmapping/lib'
[0.712s] Level 1:colcon.colcon_core.environment:checking '/home/hjf/auto/rplidar-ros2/install/openslam_gmapping/bin'
[0.712s] Level 1:colcon.colcon_core.environment:checking '/home/hjf/auto/rplidar-ros2/install/openslam_gmapping/lib/pkgconfig/openslam_gmapping.pc'
[0.712s] Level 1:colcon.colcon_core.environment:checking '/home/hjf/auto/rplidar-ros2/install/openslam_gmapping/lib/python3.8/site-packages'
[0.712s] Level 1:colcon.colcon_core.environment:checking '/home/hjf/auto/rplidar-ros2/install/openslam_gmapping/bin'
[0.715s] INFO:colcon.colcon_core.shell:Creating package script '/home/hjf/auto/rplidar-ros2/install/openslam_gmapping/share/openslam_gmapping/package.ps1'
[0.715s] INFO:colcon.colcon_core.shell:Creating package descriptor '/home/hjf/auto/rplidar-ros2/install/openslam_gmapping/share/openslam_gmapping/package.dsv'
[0.716s] INFO:colcon.colcon_core.shell:Creating package script '/home/hjf/auto/rplidar-ros2/install/openslam_gmapping/share/openslam_gmapping/package.sh'
[0.717s] INFO:colcon.colcon_core.shell:Creating package script '/home/hjf/auto/rplidar-ros2/install/openslam_gmapping/share/openslam_gmapping/package.bash'
[0.717s] INFO:colcon.colcon_core.shell:Creating package script '/home/hjf/auto/rplidar-ros2/install/openslam_gmapping/share/openslam_gmapping/package.zsh'
[0.718s] Level 1:colcon.colcon_core.environment:create_file_with_runtime_dependencies(/home/hjf/auto/rplidar-ros2/install/openslam_gmapping/share/colcon-core/packages/openslam_gmapping)
[0.718s] INFO:colcon.colcon_ros.task.ament_cmake.build:Building ROS package in '/home/hjf/auto/rplidar-ros2/src/slam_gmapping' with build type 'ament_cmake'
[0.718s] INFO:colcon.colcon_cmake.task.cmake.build:Building CMake package in '/home/hjf/auto/rplidar-ros2/src/slam_gmapping'
[0.721s] INFO:colcon.colcon_core.shell:Skip shell extension 'powershell' for command environment: Not usable outside of PowerShell
[0.721s] DEBUG:colcon.colcon_core.shell:Skip shell extension 'dsv' for command environment
[0.745s] DEBUG:colcon.colcon_core.event_handler.log_command:Invoking command in '/home/hjf/auto/rplidar-ros2/build/slam_gmapping': AMENT_PREFIX_PATH=/home/hjf/auto/rplidar-ros2/install/openslam_gmapping:${AMENT_PREFIX_PATH} CMAKE_PREFIX_PATH=/home/hjf/auto/rplidar-ros2/install/openslam_gmapping:/opt/ros/foxy LD_LIBRARY_PATH=/home/hjf/auto/rplidar-ros2/install/openslam_gmapping/lib:${LD_LIBRARY_PATH} /usr/bin/cmake --build /home/hjf/auto/rplidar-ros2/build/slam_gmapping -- -j8 -l8
[0.857s] DEBUG:colcon.colcon_core.event_handler.log_command:Invoked command in '/home/hjf/auto/rplidar-ros2/build/slam_gmapping' returned '0': AMENT_PREFIX_PATH=/home/hjf/auto/rplidar-ros2/install/openslam_gmapping:${AMENT_PREFIX_PATH} CMAKE_PREFIX_PATH=/home/hjf/auto/rplidar-ros2/install/openslam_gmapping:/opt/ros/foxy LD_LIBRARY_PATH=/home/hjf/auto/rplidar-ros2/install/openslam_gmapping/lib:${LD_LIBRARY_PATH} /usr/bin/cmake --build /home/hjf/auto/rplidar-ros2/build/slam_gmapping -- -j8 -l8
[0.887s] DEBUG:colcon.colcon_core.event_handler.log_command:Invoking command in '/home/hjf/auto/rplidar-ros2/build/slam_gmapping': AMENT_PREFIX_PATH=/home/hjf/auto/rplidar-ros2/install/openslam_gmapping:${AMENT_PREFIX_PATH} CMAKE_PREFIX_PATH=/home/hjf/auto/rplidar-ros2/install/openslam_gmapping:/opt/ros/foxy LD_LIBRARY_PATH=/home/hjf/auto/rplidar-ros2/install/openslam_gmapping/lib:${LD_LIBRARY_PATH} /usr/bin/cmake --install /home/hjf/auto/rplidar-ros2/build/slam_gmapping
[0.892s] DEBUG:colcon.colcon_core.event_handler.log_command:Invoked command in '/home/hjf/auto/rplidar-ros2/build/cartographer_test' returned '0': CMAKE_PREFIX_PATH=/opt/ros/foxy /usr/bin/cmake --build /home/hjf/auto/rplidar-ros2/build/cartographer_test -- -j8 -l8
[0.906s] Level 1:colcon.colcon_core.environment:create_environment_scripts_only(slam_gmapping)
[0.908s] Level 1:colcon.colcon_core.environment:checking '/home/hjf/auto/rplidar-ros2/install/slam_gmapping' for CMake module files
[0.909s] DEBUG:colcon.colcon_core.event_handler.log_command:Invoked command in '/home/hjf/auto/rplidar-ros2/build/slam_gmapping' returned '0': AMENT_PREFIX_PATH=/home/hjf/auto/rplidar-ros2/install/openslam_gmapping:${AMENT_PREFIX_PATH} CMAKE_PREFIX_PATH=/home/hjf/auto/rplidar-ros2/install/openslam_gmapping:/opt/ros/foxy LD_LIBRARY_PATH=/home/hjf/auto/rplidar-ros2/install/openslam_gmapping/lib:${LD_LIBRARY_PATH} /usr/bin/cmake --install /home/hjf/auto/rplidar-ros2/build/slam_gmapping
[0.909s] Level 1:colcon.colcon_core.environment:checking '/home/hjf/auto/rplidar-ros2/install/slam_gmapping' for CMake config files
[0.910s] Level 1:colcon.colcon_core.shell:create_environment_hook('slam_gmapping', 'cmake_prefix_path')
[0.912s] INFO:colcon.colcon_core.shell:Creating environment hook '/home/hjf/auto/rplidar-ros2/install/slam_gmapping/share/slam_gmapping/hook/cmake_prefix_path.ps1'
[0.912s] INFO:colcon.colcon_core.shell:Creating environment descriptor '/home/hjf/auto/rplidar-ros2/install/slam_gmapping/share/slam_gmapping/hook/cmake_prefix_path.dsv'
[0.913s] INFO:colcon.colcon_core.shell:Creating environment hook '/home/hjf/auto/rplidar-ros2/install/slam_gmapping/share/slam_gmapping/hook/cmake_prefix_path.sh'
[0.913s] Level 1:colcon.colcon_core.environment:checking '/home/hjf/auto/rplidar-ros2/install/slam_gmapping/lib'
[0.914s] Level 1:colcon.colcon_core.environment:checking '/home/hjf/auto/rplidar-ros2/install/slam_gmapping/bin'
[0.914s] Level 1:colcon.colcon_core.environment:checking '/home/hjf/auto/rplidar-ros2/install/slam_gmapping/lib/pkgconfig/slam_gmapping.pc'
[0.914s] Level 1:colcon.colcon_core.environment:checking '/home/hjf/auto/rplidar-ros2/install/slam_gmapping/lib/python3.8/site-packages'
[0.914s] Level 1:colcon.colcon_core.environment:checking '/home/hjf/auto/rplidar-ros2/install/slam_gmapping/bin'
[0.916s] INFO:colcon.colcon_core.shell:Creating package script '/home/hjf/auto/rplidar-ros2/install/slam_gmapping/share/slam_gmapping/package.ps1'
[0.916s] INFO:colcon.colcon_core.shell:Creating package descriptor '/home/hjf/auto/rplidar-ros2/install/slam_gmapping/share/slam_gmapping/package.dsv'
[0.916s] INFO:colcon.colcon_core.shell:Creating package script '/home/hjf/auto/rplidar-ros2/install/slam_gmapping/share/slam_gmapping/package.sh'
[0.917s] INFO:colcon.colcon_core.shell:Creating package script '/home/hjf/auto/rplidar-ros2/install/slam_gmapping/share/slam_gmapping/package.bash'
[0.917s] INFO:colcon.colcon_core.shell:Creating package script '/home/hjf/auto/rplidar-ros2/install/slam_gmapping/share/slam_gmapping/package.zsh'
[0.917s] Level 1:colcon.colcon_core.environment:create_file_with_runtime_dependencies(/home/hjf/auto/rplidar-ros2/install/slam_gmapping/share/colcon-core/packages/slam_gmapping)
[0.923s] DEBUG:colcon.colcon_core.event_handler.log_command:Invoking command in '/home/hjf/auto/rplidar-ros2/build/cartographer_test': CMAKE_PREFIX_PATH=/opt/ros/foxy /usr/bin/cmake --install /home/hjf/auto/rplidar-ros2/build/cartographer_test
[0.940s] Level 1:colcon.colcon_core.environment:create_environment_scripts_only(cartographer_test)
[0.943s] Level 1:colcon.colcon_core.environment:checking '/home/hjf/auto/rplidar-ros2/install/cartographer_test' for CMake module files
[0.944s] DEBUG:colcon.colcon_core.event_handler.log_command:Invoked command in '/home/hjf/auto/rplidar-ros2/build/cartographer_test' returned '0': CMAKE_PREFIX_PATH=/opt/ros/foxy /usr/bin/cmake --install /home/hjf/auto/rplidar-ros2/build/cartographer_test
[0.944s] Level 1:colcon.colcon_core.environment:checking '/home/hjf/auto/rplidar-ros2/install/cartographer_test' for CMake config files
[0.945s] Level 1:colcon.colcon_core.shell:create_environment_hook('cartographer_test', 'cmake_prefix_path')
[0.946s] INFO:colcon.colcon_core.shell:Creating environment hook '/home/hjf/auto/rplidar-ros2/install/cartographer_test/share/cartographer_test/hook/cmake_prefix_path.ps1'
[0.947s] INFO:colcon.colcon_core.shell:Creating environment descriptor '/home/hjf/auto/rplidar-ros2/install/cartographer_test/share/cartographer_test/hook/cmake_prefix_path.dsv'
[0.947s] INFO:colcon.colcon_core.shell:Creating environment hook '/home/hjf/auto/rplidar-ros2/install/cartographer_test/share/cartographer_test/hook/cmake_prefix_path.sh'
[0.948s] Level 1:colcon.colcon_core.environment:checking '/home/hjf/auto/rplidar-ros2/install/cartographer_test/bin'
[0.948s] Level 1:colcon.colcon_core.environment:checking '/home/hjf/auto/rplidar-ros2/install/cartographer_test/lib/pkgconfig/cartographer_test.pc'
[0.948s] Level 1:colcon.colcon_core.environment:checking '/home/hjf/auto/rplidar-ros2/install/cartographer_test/lib/python3.8/site-packages'
[0.948s] Level 1:colcon.colcon_core.environment:checking '/home/hjf/auto/rplidar-ros2/install/cartographer_test/bin'
[0.950s] INFO:colcon.colcon_core.shell:Creating package script '/home/hjf/auto/rplidar-ros2/install/cartographer_test/share/cartographer_test/package.ps1'
[0.950s] INFO:colcon.colcon_core.shell:Creating package descriptor '/home/hjf/auto/rplidar-ros2/install/cartographer_test/share/cartographer_test/package.dsv'
[0.951s] INFO:colcon.colcon_core.shell:Creating package script '/home/hjf/auto/rplidar-ros2/install/cartographer_test/share/cartographer_test/package.sh'
[0.951s] INFO:colcon.colcon_core.shell:Creating package script '/home/hjf/auto/rplidar-ros2/install/cartographer_test/share/cartographer_test/package.bash'
[0.951s] INFO:colcon.colcon_core.shell:Creating package script '/home/hjf/auto/rplidar-ros2/install/cartographer_test/share/cartographer_test/package.zsh'
[0.952s] Level 1:colcon.colcon_core.environment:create_file_with_runtime_dependencies(/home/hjf/auto/rplidar-ros2/install/cartographer_test/share/colcon-core/packages/cartographer_test)
[0.957s] Level 1:colcon.colcon_core.environment:create_environment_scripts_only(slam_gmapping)
[0.959s] Level 1:colcon.colcon_core.environment:checking '/home/hjf/auto/rplidar-ros2/install/slam_gmapping' for CMake module files
[0.960s] Level 1:colcon.colcon_core.environment:checking '/home/hjf/auto/rplidar-ros2/install/slam_gmapping' for CMake config files
[0.960s] Level 1:colcon.colcon_core.shell:create_environment_hook('slam_gmapping', 'cmake_prefix_path')
[0.961s] INFO:colcon.colcon_core.shell:Creating environment hook '/home/hjf/auto/rplidar-ros2/install/slam_gmapping/share/slam_gmapping/hook/cmake_prefix_path.ps1'
[0.962s] INFO:colcon.colcon_core.shell:Creating environment descriptor '/home/hjf/auto/rplidar-ros2/install/slam_gmapping/share/slam_gmapping/hook/cmake_prefix_path.dsv'
[0.962s] INFO:colcon.colcon_core.shell:Creating environment hook '/home/hjf/auto/rplidar-ros2/install/slam_gmapping/share/slam_gmapping/hook/cmake_prefix_path.sh'
[0.963s] Level 1:colcon.colcon_core.environment:checking '/home/hjf/auto/rplidar-ros2/install/slam_gmapping/lib'
[0.963s] Level 1:colcon.colcon_core.environment:checking '/home/hjf/auto/rplidar-ros2/install/slam_gmapping/bin'
[0.963s] Level 1:colcon.colcon_core.environment:checking '/home/hjf/auto/rplidar-ros2/install/slam_gmapping/lib/pkgconfig/slam_gmapping.pc'
[0.963s] Level 1:colcon.colcon_core.environment:checking '/home/hjf/auto/rplidar-ros2/install/slam_gmapping/lib/python3.8/site-packages'
[0.964s] Level 1:colcon.colcon_core.environment:checking '/home/hjf/auto/rplidar-ros2/install/slam_gmapping/bin'
[0.966s] INFO:colcon.colcon_core.shell:Creating package script '/home/hjf/auto/rplidar-ros2/install/slam_gmapping/share/slam_gmapping/package.ps1'
[0.967s] INFO:colcon.colcon_core.shell:Creating package descriptor '/home/hjf/auto/rplidar-ros2/install/slam_gmapping/share/slam_gmapping/package.dsv'
[0.969s] INFO:colcon.colcon_core.shell:Creating package script '/home/hjf/auto/rplidar-ros2/install/slam_gmapping/share/slam_gmapping/package.sh'
[0.970s] INFO:colcon.colcon_core.shell:Creating package script '/home/hjf/auto/rplidar-ros2/install/slam_gmapping/share/slam_gmapping/package.bash'
[0.971s] INFO:colcon.colcon_core.shell:Creating package script '/home/hjf/auto/rplidar-ros2/install/slam_gmapping/share/slam_gmapping/package.zsh'
[0.972s] Level 1:colcon.colcon_core.environment:create_file_with_runtime_dependencies(/home/hjf/auto/rplidar-ros2/install/slam_gmapping/share/colcon-core/packages/slam_gmapping)
[0.976s] Level 1:colcon.colcon_core.environment:create_environment_scripts_only(cartographer_test)
[0.978s] Level 1:colcon.colcon_core.environment:checking '/home/hjf/auto/rplidar-ros2/install/cartographer_test' for CMake module files
[0.979s] Level 1:colcon.colcon_core.environment:checking '/home/hjf/auto/rplidar-ros2/install/cartographer_test' for CMake config files
[0.979s] Level 1:colcon.colcon_core.shell:create_environment_hook('cartographer_test', 'cmake_prefix_path')
[0.980s] INFO:colcon.colcon_core.shell:Creating environment hook '/home/hjf/auto/rplidar-ros2/install/cartographer_test/share/cartographer_test/hook/cmake_prefix_path.ps1'
[0.981s] INFO:colcon.colcon_core.shell:Creating environment descriptor '/home/hjf/auto/rplidar-ros2/install/cartographer_test/share/cartographer_test/hook/cmake_prefix_path.dsv'
[0.981s] INFO:colcon.colcon_core.shell:Creating environment hook '/home/hjf/auto/rplidar-ros2/install/cartographer_test/share/cartographer_test/hook/cmake_prefix_path.sh'
[0.981s] Level 1:colcon.colcon_core.environment:checking '/home/hjf/auto/rplidar-ros2/install/cartographer_test/bin'
[0.982s] Level 1:colcon.colcon_core.environment:checking '/home/hjf/auto/rplidar-ros2/install/cartographer_test/lib/pkgconfig/cartographer_test.pc'
[0.982s] Level 1:colcon.colcon_core.environment:checking '/home/hjf/auto/rplidar-ros2/install/cartographer_test/lib/python3.8/site-packages'
[0.982s] Level 1:colcon.colcon_core.environment:checking '/home/hjf/auto/rplidar-ros2/install/cartographer_test/bin'
[0.983s] INFO:colcon.colcon_core.shell:Creating package script '/home/hjf/auto/rplidar-ros2/install/cartographer_test/share/cartographer_test/package.ps1'
[0.984s] INFO:colcon.colcon_core.shell:Creating package descriptor '/home/hjf/auto/rplidar-ros2/install/cartographer_test/share/cartographer_test/package.dsv'
[0.984s] INFO:colcon.colcon_core.shell:Creating package script '/home/hjf/auto/rplidar-ros2/install/cartographer_test/share/cartographer_test/package.sh'
[0.985s] INFO:colcon.colcon_core.shell:Creating package script '/home/hjf/auto/rplidar-ros2/install/cartographer_test/share/cartographer_test/package.bash'
[0.986s] INFO:colcon.colcon_core.shell:Creating package script '/home/hjf/auto/rplidar-ros2/install/cartographer_test/share/cartographer_test/package.zsh'
[0.987s] Level 1:colcon.colcon_core.environment:create_file_with_runtime_dependencies(/home/hjf/auto/rplidar-ros2/install/cartographer_test/share/colcon-core/packages/cartographer_test)
[0.987s] DEBUG:colcon.colcon_parallel_executor.executor.parallel:closing loop
[0.987s] DEBUG:colcon.colcon_parallel_executor.executor.parallel:loop closed
[0.987s] DEBUG:colcon.colcon_parallel_executor.executor.parallel:run_until_complete finished with '0'
[0.987s] DEBUG:colcon.colcon_core.event_reactor:joining thread
[0.994s] INFO:colcon.colcon_core.plugin_system:Skipping extension 'colcon_notification.desktop_notification.terminal_notifier': Not used on non-Darwin systems
[0.994s] INFO:colcon.colcon_core.plugin_system:Skipping extension 'colcon_notification.desktop_notification.win32': Not used on non-Windows systems
[0.994s] INFO:colcon.colcon_notification.desktop_notification:Sending desktop notification using 'notify2'
[1.012s] DEBUG:colcon.colcon_core.event_reactor:joined thread
[1.014s] INFO:colcon.colcon_core.shell:Creating prefix script '/home/hjf/auto/rplidar-ros2/install/local_setup.ps1'
[1.015s] INFO:colcon.colcon_core.shell:Creating prefix util module '/home/hjf/auto/rplidar-ros2/install/_local_setup_util_ps1.py'
[1.017s] INFO:colcon.colcon_core.shell:Creating prefix chain script '/home/hjf/auto/rplidar-ros2/install/setup.ps1'
[1.019s] INFO:colcon.colcon_core.shell:Creating prefix script '/home/hjf/auto/rplidar-ros2/install/local_setup.sh'
[1.020s] INFO:colcon.colcon_core.shell:Creating prefix util module '/home/hjf/auto/rplidar-ros2/install/_local_setup_util_sh.py'
[1.022s] INFO:colcon.colcon_core.shell:Creating prefix chain script '/home/hjf/auto/rplidar-ros2/install/setup.sh'
[1.024s] INFO:colcon.colcon_core.shell:Creating prefix script '/home/hjf/auto/rplidar-ros2/install/local_setup.bash'
[1.025s] INFO:colcon.colcon_core.shell:Creating prefix chain script '/home/hjf/auto/rplidar-ros2/install/setup.bash'
[1.028s] INFO:colcon.colcon_core.shell:Creating prefix script '/home/hjf/auto/rplidar-ros2/install/local_setup.zsh'
[1.029s] INFO:colcon.colcon_core.shell:Creating prefix chain script '/home/hjf/auto/rplidar-ros2/install/setup.zsh'
