[0.148s] DEBUG:colcon:Command line arguments: ['/usr/bin/colcon', 'build']
[0.148s] DEBUG:colcon:Parsed command line arguments: Namespace(allow_overriding=[], ament_cmake_args=None, base_paths=['.'], build_base='build', catkin_cmake_args=None, catkin_skip_building_tests=False, cmake_args=None, cmake_clean_cache=False, cmake_clean_first=False, cmake_force_configure=False, cmake_target=None, cmake_target_skip_unavailable=False, continue_on_error=False, event_handlers=None, executor='parallel', ignore_user_meta=False, install_base='install', log_base=None, log_level=None, main=<bound method BuildVerb.main of <colcon_core.verb.build.BuildVerb object at 0x7fa5810fc190>>, merge_install=False, metas=['./colcon.meta'], packages_above=None, packages_above_and_dependencies=None, packages_above_depth=None, packages_end=None, packages_ignore=None, packages_ignore_regex=None, packages_select=None, packages_select_build_failed=False, packages_select_by_dep=None, packages_select_regex=None, packages_select_test_failures=False, packages_skip=None, packages_skip_build_finished=False, packages_skip_by_dep=None, packages_skip_regex=None, packages_skip_test_passed=False, packages_skip_up_to=None, packages_start=None, packages_up_to=None, packages_up_to_regex=None, parallel_workers=8, paths=None, symlink_install=False, test_result_base=None, verb_extension=<colcon_core.verb.build.BuildVerb object at 0x7fa5810fc190>, verb_name='build', verb_parser=<colcon_defaults.argument_parser.defaults.DefaultArgumentsDecorator object at 0x7fa5810fc6d0>)
[0.172s] Level 1:colcon.colcon_core.package_discovery:discover_packages(colcon_meta) check parameters
[0.172s] Level 1:colcon.colcon_core.package_discovery:discover_packages(recursive) check parameters
[0.172s] Level 1:colcon.colcon_core.package_discovery:discover_packages(ignore) check parameters
[0.172s] Level 1:colcon.colcon_core.package_discovery:discover_packages(path) check parameters
[0.172s] Level 1:colcon.colcon_core.package_discovery:discover_packages(colcon_meta) discover
[0.172s] Level 1:colcon.colcon_core.package_discovery:discover_packages(recursive) discover
[0.172s] INFO:colcon.colcon_core.package_discovery:Crawling recursively for packages in '/home/hjf/auto/rplidar-ros2'
[0.172s] Level 1:colcon.colcon_core.package_identification:_identify(.) by extensions ['ignore', 'ignore_ament_install']
[0.173s] Level 1:colcon.colcon_core.package_identification:_identify(.) by extension 'ignore'
[0.173s] Level 1:colcon.colcon_core.package_identification:_identify(.) by extension 'ignore_ament_install'
[0.173s] Level 1:colcon.colcon_core.package_identification:_identify(.) by extensions ['colcon_pkg']
[0.173s] Level 1:colcon.colcon_core.package_identification:_identify(.) by extension 'colcon_pkg'
[0.173s] Level 1:colcon.colcon_core.package_identification:_identify(.) by extensions ['colcon_meta']
[0.173s] Level 1:colcon.colcon_core.package_identification:_identify(.) by extension 'colcon_meta'
[0.173s] Level 1:colcon.colcon_core.package_identification:_identify(.) by extensions ['ros']
[0.173s] Level 1:colcon.colcon_core.package_identification:_identify(.) by extension 'ros'
[0.184s] Level 1:colcon.colcon_core.package_identification:_identify(.) by extensions ['cmake', 'python']
[0.184s] Level 1:colcon.colcon_core.package_identification:_identify(.) by extension 'cmake'
[0.184s] Level 1:colcon.colcon_core.package_identification:_identify(.) by extension 'python'
[0.184s] Level 1:colcon.colcon_core.package_identification:_identify(.) by extensions ['python_setup_py']
[0.184s] Level 1:colcon.colcon_core.package_identification:_identify(.) by extension 'python_setup_py'
[0.184s] Level 1:colcon.colcon_core.package_identification:_identify(build) by extensions ['ignore', 'ignore_ament_install']
[0.184s] Level 1:colcon.colcon_core.package_identification:_identify(build) by extension 'ignore'
[0.184s] Level 1:colcon.colcon_core.package_identification:_identify(build) ignored
[0.185s] Level 1:colcon.colcon_core.package_identification:_identify(install) by extensions ['ignore', 'ignore_ament_install']
[0.185s] Level 1:colcon.colcon_core.package_identification:_identify(install) by extension 'ignore'
[0.185s] Level 1:colcon.colcon_core.package_identification:_identify(install) ignored
[0.185s] Level 1:colcon.colcon_core.package_identification:_identify(log) by extensions ['ignore', 'ignore_ament_install']
[0.185s] Level 1:colcon.colcon_core.package_identification:_identify(log) by extension 'ignore'
[0.185s] Level 1:colcon.colcon_core.package_identification:_identify(log) ignored
[0.185s] Level 1:colcon.colcon_core.package_identification:_identify(src) by extensions ['ignore', 'ignore_ament_install']
[0.185s] Level 1:colcon.colcon_core.package_identification:_identify(src) by extension 'ignore'
[0.185s] Level 1:colcon.colcon_core.package_identification:_identify(src) by extension 'ignore_ament_install'
[0.185s] Level 1:colcon.colcon_core.package_identification:_identify(src) by extensions ['colcon_pkg']
[0.185s] Level 1:colcon.colcon_core.package_identification:_identify(src) by extension 'colcon_pkg'
[0.185s] Level 1:colcon.colcon_core.package_identification:_identify(src) by extensions ['colcon_meta']
[0.185s] Level 1:colcon.colcon_core.package_identification:_identify(src) by extension 'colcon_meta'
[0.185s] Level 1:colcon.colcon_core.package_identification:_identify(src) by extensions ['ros']
[0.185s] Level 1:colcon.colcon_core.package_identification:_identify(src) by extension 'ros'
[0.185s] Level 1:colcon.colcon_core.package_identification:_identify(src) by extensions ['cmake', 'python']
[0.186s] Level 1:colcon.colcon_core.package_identification:_identify(src) by extension 'cmake'
[0.186s] Level 1:colcon.colcon_core.package_identification:_identify(src) by extension 'python'
[0.186s] Level 1:colcon.colcon_core.package_identification:_identify(src) by extensions ['python_setup_py']
[0.186s] Level 1:colcon.colcon_core.package_identification:_identify(src) by extension 'python_setup_py'
[0.186s] Level 1:colcon.colcon_core.package_identification:_identify(src/cartographer_test) by extensions ['ignore', 'ignore_ament_install']
[0.186s] Level 1:colcon.colcon_core.package_identification:_identify(src/cartographer_test) by extension 'ignore'
[0.186s] Level 1:colcon.colcon_core.package_identification:_identify(src/cartographer_test) by extension 'ignore_ament_install'
[0.186s] Level 1:colcon.colcon_core.package_identification:_identify(src/cartographer_test) by extensions ['colcon_pkg']
[0.186s] Level 1:colcon.colcon_core.package_identification:_identify(src/cartographer_test) by extension 'colcon_pkg'
[0.186s] Level 1:colcon.colcon_core.package_identification:_identify(src/cartographer_test) by extensions ['colcon_meta']
[0.186s] Level 1:colcon.colcon_core.package_identification:_identify(src/cartographer_test) by extension 'colcon_meta'
[0.186s] Level 1:colcon.colcon_core.package_identification:_identify(src/cartographer_test) by extensions ['ros']
[0.186s] Level 1:colcon.colcon_core.package_identification:_identify(src/cartographer_test) by extension 'ros'
[0.188s] DEBUG:colcon.colcon_core.package_identification:Package 'src/cartographer_test' with type 'ros.ament_cmake' and name 'cartographer_test'
[0.188s] Level 1:colcon.colcon_core.package_identification:_identify(src/openslam_gmapping) by extensions ['ignore', 'ignore_ament_install']
[0.188s] Level 1:colcon.colcon_core.package_identification:_identify(src/openslam_gmapping) by extension 'ignore'
[0.188s] Level 1:colcon.colcon_core.package_identification:_identify(src/openslam_gmapping) by extension 'ignore_ament_install'
[0.189s] Level 1:colcon.colcon_core.package_identification:_identify(src/openslam_gmapping) by extensions ['colcon_pkg']
[0.189s] Level 1:colcon.colcon_core.package_identification:_identify(src/openslam_gmapping) by extension 'colcon_pkg'
[0.189s] Level 1:colcon.colcon_core.package_identification:_identify(src/openslam_gmapping) by extensions ['colcon_meta']
[0.189s] Level 1:colcon.colcon_core.package_identification:_identify(src/openslam_gmapping) by extension 'colcon_meta'
[0.189s] Level 1:colcon.colcon_core.package_identification:_identify(src/openslam_gmapping) by extensions ['ros']
[0.189s] Level 1:colcon.colcon_core.package_identification:_identify(src/openslam_gmapping) by extension 'ros'
[0.197s] DEBUG:colcon.colcon_core.package_identification:Package 'src/openslam_gmapping' with type 'ros.ament_cmake' and name 'openslam_gmapping'
[0.197s] Level 1:colcon.colcon_core.package_identification:_identify(src/slam_gmapping) by extensions ['ignore', 'ignore_ament_install']
[0.197s] Level 1:colcon.colcon_core.package_identification:_identify(src/slam_gmapping) by extension 'ignore'
[0.197s] Level 1:colcon.colcon_core.package_identification:_identify(src/slam_gmapping) by extension 'ignore_ament_install'
[0.197s] Level 1:colcon.colcon_core.package_identification:_identify(src/slam_gmapping) by extensions ['colcon_pkg']
[0.197s] Level 1:colcon.colcon_core.package_identification:_identify(src/slam_gmapping) by extension 'colcon_pkg'
[0.197s] Level 1:colcon.colcon_core.package_identification:_identify(src/slam_gmapping) by extensions ['colcon_meta']
[0.197s] Level 1:colcon.colcon_core.package_identification:_identify(src/slam_gmapping) by extension 'colcon_meta'
[0.197s] Level 1:colcon.colcon_core.package_identification:_identify(src/slam_gmapping) by extensions ['ros']
[0.197s] Level 1:colcon.colcon_core.package_identification:_identify(src/slam_gmapping) by extension 'ros'
[0.199s] DEBUG:colcon.colcon_core.package_identification:Package 'src/slam_gmapping' with type 'ros.ament_cmake' and name 'slam_gmapping'
[0.199s] Level 1:colcon.colcon_core.package_identification:_identify(src/sllidar_ros2) by extensions ['ignore', 'ignore_ament_install']
[0.199s] Level 1:colcon.colcon_core.package_identification:_identify(src/sllidar_ros2) by extension 'ignore'
[0.199s] Level 1:colcon.colcon_core.package_identification:_identify(src/sllidar_ros2) by extension 'ignore_ament_install'
[0.199s] Level 1:colcon.colcon_core.package_identification:_identify(src/sllidar_ros2) by extensions ['colcon_pkg']
[0.199s] Level 1:colcon.colcon_core.package_identification:_identify(src/sllidar_ros2) by extension 'colcon_pkg'
[0.199s] Level 1:colcon.colcon_core.package_identification:_identify(src/sllidar_ros2) by extensions ['colcon_meta']
[0.199s] Level 1:colcon.colcon_core.package_identification:_identify(src/sllidar_ros2) by extension 'colcon_meta'
[0.199s] Level 1:colcon.colcon_core.package_identification:_identify(src/sllidar_ros2) by extensions ['ros']
[0.199s] Level 1:colcon.colcon_core.package_identification:_identify(src/sllidar_ros2) by extension 'ros'
[0.200s] DEBUG:colcon.colcon_core.package_identification:Package 'src/sllidar_ros2' with type 'ros.ament_cmake' and name 'sllidar_ros2'
[0.200s] Level 1:colcon.colcon_core.package_discovery:discover_packages(recursive) using defaults
[0.200s] Level 1:colcon.colcon_core.package_discovery:discover_packages(ignore) discover
[0.200s] Level 1:colcon.colcon_core.package_discovery:discover_packages(ignore) using defaults
[0.200s] Level 1:colcon.colcon_core.package_discovery:discover_packages(path) discover
[0.200s] Level 1:colcon.colcon_core.package_discovery:discover_packages(path) using defaults
[0.219s] Level 1:colcon.colcon_core.package_discovery:discover_packages(prefix_path) check parameters
[0.219s] Level 1:colcon.colcon_core.package_discovery:discover_packages(prefix_path) discover
[0.221s] DEBUG:colcon.colcon_installed_package_information.package_discovery:Found 4 installed packages in /home/hjf/auto/rplidar-ros2/install
[0.223s] DEBUG:colcon.colcon_installed_package_information.package_discovery:Found 293 installed packages in /opt/ros/foxy
[0.225s] Level 1:colcon.colcon_core.package_discovery:discover_packages(prefix_path) using defaults
[0.294s] Level 5:colcon.colcon_core.verb:set package 'cartographer_test' build argument 'cmake_args' from command line to 'None'
[0.295s] Level 5:colcon.colcon_core.verb:set package 'cartographer_test' build argument 'cmake_target' from command line to 'None'
[0.295s] Level 5:colcon.colcon_core.verb:set package 'cartographer_test' build argument 'cmake_target_skip_unavailable' from command line to 'False'
[0.295s] Level 5:colcon.colcon_core.verb:set package 'cartographer_test' build argument 'cmake_clean_cache' from command line to 'False'
[0.295s] Level 5:colcon.colcon_core.verb:set package 'cartographer_test' build argument 'cmake_clean_first' from command line to 'False'
[0.295s] Level 5:colcon.colcon_core.verb:set package 'cartographer_test' build argument 'cmake_force_configure' from command line to 'False'
[0.295s] Level 5:colcon.colcon_core.verb:set package 'cartographer_test' build argument 'ament_cmake_args' from command line to 'None'
[0.295s] Level 5:colcon.colcon_core.verb:set package 'cartographer_test' build argument 'catkin_cmake_args' from command line to 'None'
[0.295s] Level 5:colcon.colcon_core.verb:set package 'cartographer_test' build argument 'catkin_skip_building_tests' from command line to 'False'
[0.295s] DEBUG:colcon.colcon_core.verb:Building package 'cartographer_test' with the following arguments: {'ament_cmake_args': None, 'build_base': '/home/hjf/auto/rplidar-ros2/build/cartographer_test', 'catkin_cmake_args': None, 'catkin_skip_building_tests': False, 'cmake_args': None, 'cmake_clean_cache': False, 'cmake_clean_first': False, 'cmake_force_configure': False, 'cmake_target': None, 'cmake_target_skip_unavailable': False, 'install_base': '/home/hjf/auto/rplidar-ros2/install/cartographer_test', 'merge_install': False, 'path': '/home/hjf/auto/rplidar-ros2/src/cartographer_test', 'symlink_install': False, 'test_result_base': None}
[0.296s] Level 5:colcon.colcon_core.verb:set package 'openslam_gmapping' build argument 'cmake_args' from command line to 'None'
[0.296s] Level 5:colcon.colcon_core.verb:set package 'openslam_gmapping' build argument 'cmake_target' from command line to 'None'
[0.296s] Level 5:colcon.colcon_core.verb:set package 'openslam_gmapping' build argument 'cmake_target_skip_unavailable' from command line to 'False'
[0.296s] Level 5:colcon.colcon_core.verb:set package 'openslam_gmapping' build argument 'cmake_clean_cache' from command line to 'False'
[0.296s] Level 5:colcon.colcon_core.verb:set package 'openslam_gmapping' build argument 'cmake_clean_first' from command line to 'False'
[0.296s] Level 5:colcon.colcon_core.verb:set package 'openslam_gmapping' build argument 'cmake_force_configure' from command line to 'False'
[0.296s] Level 5:colcon.colcon_core.verb:set package 'openslam_gmapping' build argument 'ament_cmake_args' from command line to 'None'
[0.296s] Level 5:colcon.colcon_core.verb:set package 'openslam_gmapping' build argument 'catkin_cmake_args' from command line to 'None'
[0.296s] Level 5:colcon.colcon_core.verb:set package 'openslam_gmapping' build argument 'catkin_skip_building_tests' from command line to 'False'
[0.296s] DEBUG:colcon.colcon_core.verb:Building package 'openslam_gmapping' with the following arguments: {'ament_cmake_args': None, 'build_base': '/home/hjf/auto/rplidar-ros2/build/openslam_gmapping', 'catkin_cmake_args': None, 'catkin_skip_building_tests': False, 'cmake_args': None, 'cmake_clean_cache': False, 'cmake_clean_first': False, 'cmake_force_configure': False, 'cmake_target': None, 'cmake_target_skip_unavailable': False, 'install_base': '/home/hjf/auto/rplidar-ros2/install/openslam_gmapping', 'merge_install': False, 'path': '/home/hjf/auto/rplidar-ros2/src/openslam_gmapping', 'symlink_install': False, 'test_result_base': None}
[0.297s] Level 5:colcon.colcon_core.verb:set package 'sllidar_ros2' build argument 'cmake_args' from command line to 'None'
[0.297s] Level 5:colcon.colcon_core.verb:set package 'sllidar_ros2' build argument 'cmake_target' from command line to 'None'
[0.297s] Level 5:colcon.colcon_core.verb:set package 'sllidar_ros2' build argument 'cmake_target_skip_unavailable' from command line to 'False'
[0.297s] Level 5:colcon.colcon_core.verb:set package 'sllidar_ros2' build argument 'cmake_clean_cache' from command line to 'False'
[0.297s] Level 5:colcon.colcon_core.verb:set package 'sllidar_ros2' build argument 'cmake_clean_first' from command line to 'False'
[0.297s] Level 5:colcon.colcon_core.verb:set package 'sllidar_ros2' build argument 'cmake_force_configure' from command line to 'False'
[0.297s] Level 5:colcon.colcon_core.verb:set package 'sllidar_ros2' build argument 'ament_cmake_args' from command line to 'None'
[0.297s] Level 5:colcon.colcon_core.verb:set package 'sllidar_ros2' build argument 'catkin_cmake_args' from command line to 'None'
[0.297s] Level 5:colcon.colcon_core.verb:set package 'sllidar_ros2' build argument 'catkin_skip_building_tests' from command line to 'False'
[0.297s] DEBUG:colcon.colcon_core.verb:Building package 'sllidar_ros2' with the following arguments: {'ament_cmake_args': None, 'build_base': '/home/hjf/auto/rplidar-ros2/build/sllidar_ros2', 'catkin_cmake_args': None, 'catkin_skip_building_tests': False, 'cmake_args': None, 'cmake_clean_cache': False, 'cmake_clean_first': False, 'cmake_force_configure': False, 'cmake_target': None, 'cmake_target_skip_unavailable': False, 'install_base': '/home/hjf/auto/rplidar-ros2/install/sllidar_ros2', 'merge_install': False, 'path': '/home/hjf/auto/rplidar-ros2/src/sllidar_ros2', 'symlink_install': False, 'test_result_base': None}
[0.298s] Level 5:colcon.colcon_core.verb:set package 'slam_gmapping' build argument 'cmake_args' from command line to 'None'
[0.298s] Level 5:colcon.colcon_core.verb:set package 'slam_gmapping' build argument 'cmake_target' from command line to 'None'
[0.298s] Level 5:colcon.colcon_core.verb:set package 'slam_gmapping' build argument 'cmake_target_skip_unavailable' from command line to 'False'
[0.298s] Level 5:colcon.colcon_core.verb:set package 'slam_gmapping' build argument 'cmake_clean_cache' from command line to 'False'
[0.298s] Level 5:colcon.colcon_core.verb:set package 'slam_gmapping' build argument 'cmake_clean_first' from command line to 'False'
[0.298s] Level 5:colcon.colcon_core.verb:set package 'slam_gmapping' build argument 'cmake_force_configure' from command line to 'False'
[0.298s] Level 5:colcon.colcon_core.verb:set package 'slam_gmapping' build argument 'ament_cmake_args' from command line to 'None'
[0.298s] Level 5:colcon.colcon_core.verb:set package 'slam_gmapping' build argument 'catkin_cmake_args' from command line to 'None'
[0.298s] Level 5:colcon.colcon_core.verb:set package 'slam_gmapping' build argument 'catkin_skip_building_tests' from command line to 'False'
[0.298s] DEBUG:colcon.colcon_core.verb:Building package 'slam_gmapping' with the following arguments: {'ament_cmake_args': None, 'build_base': '/home/hjf/auto/rplidar-ros2/build/slam_gmapping', 'catkin_cmake_args': None, 'catkin_skip_building_tests': False, 'cmake_args': None, 'cmake_clean_cache': False, 'cmake_clean_first': False, 'cmake_force_configure': False, 'cmake_target': None, 'cmake_target_skip_unavailable': False, 'install_base': '/home/hjf/auto/rplidar-ros2/install/slam_gmapping', 'merge_install': False, 'path': '/home/hjf/auto/rplidar-ros2/src/slam_gmapping', 'symlink_install': False, 'test_result_base': None}
[0.299s] INFO:colcon.colcon_core.executor:Executing jobs using 'parallel' executor
[0.303s] DEBUG:colcon.colcon_parallel_executor.executor.parallel:run_until_complete
[0.303s] INFO:colcon.colcon_ros.task.ament_cmake.build:Building ROS package in '/home/hjf/auto/rplidar-ros2/src/openslam_gmapping' with build type 'ament_cmake'
[0.304s] INFO:colcon.colcon_cmake.task.cmake.build:Building CMake package in '/home/hjf/auto/rplidar-ros2/src/openslam_gmapping'
[0.307s] INFO:colcon.colcon_core.plugin_system:Skipping extension 'colcon_core.shell.bat': Not used on non-Windows systems
[0.307s] INFO:colcon.colcon_core.shell:Skip shell extension 'powershell' for command environment: Not usable outside of PowerShell
[0.308s] DEBUG:colcon.colcon_core.shell:Skip shell extension 'dsv' for command environment
[0.313s] INFO:colcon.colcon_ros.task.ament_cmake.build:Building ROS package in '/home/hjf/auto/rplidar-ros2/src/cartographer_test' with build type 'ament_cmake'
[0.313s] INFO:colcon.colcon_cmake.task.cmake.build:Building CMake package in '/home/hjf/auto/rplidar-ros2/src/cartographer_test'
[0.315s] INFO:colcon.colcon_core.shell:Skip shell extension 'powershell' for command environment: Not usable outside of PowerShell
[0.315s] DEBUG:colcon.colcon_core.shell:Skip shell extension 'dsv' for command environment
[0.321s] INFO:colcon.colcon_ros.task.ament_cmake.build:Building ROS package in '/home/hjf/auto/rplidar-ros2/src/sllidar_ros2' with build type 'ament_cmake'
[0.322s] INFO:colcon.colcon_cmake.task.cmake.build:Building CMake package in '/home/hjf/auto/rplidar-ros2/src/sllidar_ros2'
[0.323s] INFO:colcon.colcon_core.shell:Skip shell extension 'powershell' for command environment: Not usable outside of PowerShell
[0.324s] DEBUG:colcon.colcon_core.shell:Skip shell extension 'dsv' for command environment
[0.337s] DEBUG:colcon.colcon_core.event_handler.log_command:Invoking command in '/home/hjf/auto/rplidar-ros2/build/openslam_gmapping': CMAKE_PREFIX_PATH=${CMAKE_PREFIX_PATH}:/opt/ros/foxy /usr/bin/cmake --build /home/hjf/auto/rplidar-ros2/build/openslam_gmapping -- -j8 -l8
[0.341s] DEBUG:colcon.colcon_core.event_handler.log_command:Invoking command in '/home/hjf/auto/rplidar-ros2/build/cartographer_test': CMAKE_PREFIX_PATH=${CMAKE_PREFIX_PATH}:/opt/ros/foxy /usr/bin/cmake --build /home/hjf/auto/rplidar-ros2/build/cartographer_test -- -j8 -l8
[0.348s] DEBUG:colcon.colcon_core.event_handler.log_command:Invoking command in '/home/hjf/auto/rplidar-ros2/build/sllidar_ros2': CMAKE_PREFIX_PATH=${CMAKE_PREFIX_PATH}:/opt/ros/foxy /usr/bin/cmake --build /home/hjf/auto/rplidar-ros2/build/sllidar_ros2 -- -j8 -l8
[0.376s] DEBUG:colcon.colcon_core.event_handler.log_command:Invoked command in '/home/hjf/auto/rplidar-ros2/build/cartographer_test' returned '0': CMAKE_PREFIX_PATH=${CMAKE_PREFIX_PATH}:/opt/ros/foxy /usr/bin/cmake --build /home/hjf/auto/rplidar-ros2/build/cartographer_test -- -j8 -l8
[0.407s] DEBUG:colcon.colcon_core.event_handler.log_command:Invoking command in '/home/hjf/auto/rplidar-ros2/build/cartographer_test': CMAKE_PREFIX_PATH=${CMAKE_PREFIX_PATH}:/opt/ros/foxy /usr/bin/cmake --install /home/hjf/auto/rplidar-ros2/build/cartographer_test
[0.422s] Level 1:colcon.colcon_core.environment:create_environment_scripts_only(cartographer_test)
[0.424s] DEBUG:colcon.colcon_core.event_handler.log_command:Invoked command in '/home/hjf/auto/rplidar-ros2/build/sllidar_ros2' returned '0': CMAKE_PREFIX_PATH=${CMAKE_PREFIX_PATH}:/opt/ros/foxy /usr/bin/cmake --build /home/hjf/auto/rplidar-ros2/build/sllidar_ros2 -- -j8 -l8
[0.425s] DEBUG:colcon.colcon_core.event_handler.log_command:Invoked command in '/home/hjf/auto/rplidar-ros2/build/cartographer_test' returned '0': CMAKE_PREFIX_PATH=${CMAKE_PREFIX_PATH}:/opt/ros/foxy /usr/bin/cmake --install /home/hjf/auto/rplidar-ros2/build/cartographer_test
[0.430s] Level 1:colcon.colcon_core.environment:checking '/home/hjf/auto/rplidar-ros2/install/cartographer_test' for CMake module files
[0.431s] Level 1:colcon.colcon_core.environment:checking '/home/hjf/auto/rplidar-ros2/install/cartographer_test' for CMake config files
[0.431s] Level 1:colcon.colcon_core.shell:create_environment_hook('cartographer_test', 'cmake_prefix_path')
[0.433s] INFO:colcon.colcon_core.shell:Creating environment hook '/home/hjf/auto/rplidar-ros2/install/cartographer_test/share/cartographer_test/hook/cmake_prefix_path.ps1'
[0.433s] INFO:colcon.colcon_core.shell:Creating environment descriptor '/home/hjf/auto/rplidar-ros2/install/cartographer_test/share/cartographer_test/hook/cmake_prefix_path.dsv'
[0.434s] INFO:colcon.colcon_core.shell:Creating environment hook '/home/hjf/auto/rplidar-ros2/install/cartographer_test/share/cartographer_test/hook/cmake_prefix_path.sh'
[0.435s] Level 1:colcon.colcon_core.environment:checking '/home/hjf/auto/rplidar-ros2/install/cartographer_test/bin'
[0.435s] Level 1:colcon.colcon_core.environment:checking '/home/hjf/auto/rplidar-ros2/install/cartographer_test/lib/pkgconfig/cartographer_test.pc'
[0.435s] Level 1:colcon.colcon_core.environment:checking '/home/hjf/auto/rplidar-ros2/install/cartographer_test/lib/python3.8/site-packages'
[0.435s] Level 1:colcon.colcon_core.environment:checking '/home/hjf/auto/rplidar-ros2/install/cartographer_test/bin'
[0.437s] INFO:colcon.colcon_core.shell:Creating package script '/home/hjf/auto/rplidar-ros2/install/cartographer_test/share/cartographer_test/package.ps1'
[0.437s] INFO:colcon.colcon_core.shell:Creating package descriptor '/home/hjf/auto/rplidar-ros2/install/cartographer_test/share/cartographer_test/package.dsv'
[0.438s] INFO:colcon.colcon_core.shell:Creating package script '/home/hjf/auto/rplidar-ros2/install/cartographer_test/share/cartographer_test/package.sh'
[0.439s] INFO:colcon.colcon_core.shell:Creating package script '/home/hjf/auto/rplidar-ros2/install/cartographer_test/share/cartographer_test/package.bash'
[0.439s] INFO:colcon.colcon_core.shell:Creating package script '/home/hjf/auto/rplidar-ros2/install/cartographer_test/share/cartographer_test/package.zsh'
[0.440s] Level 1:colcon.colcon_core.environment:create_file_with_runtime_dependencies(/home/hjf/auto/rplidar-ros2/install/cartographer_test/share/colcon-core/packages/cartographer_test)
[0.457s] DEBUG:colcon.colcon_core.event_handler.log_command:Invoking command in '/home/hjf/auto/rplidar-ros2/build/sllidar_ros2': CMAKE_PREFIX_PATH=${CMAKE_PREFIX_PATH}:/opt/ros/foxy /usr/bin/cmake --install /home/hjf/auto/rplidar-ros2/build/sllidar_ros2
[0.459s] DEBUG:colcon.colcon_core.event_handler.log_command:Invoked command in '/home/hjf/auto/rplidar-ros2/build/openslam_gmapping' returned '0': CMAKE_PREFIX_PATH=${CMAKE_PREFIX_PATH}:/opt/ros/foxy /usr/bin/cmake --build /home/hjf/auto/rplidar-ros2/build/openslam_gmapping -- -j8 -l8
[0.463s] Level 1:colcon.colcon_core.environment:create_environment_scripts_only(cartographer_test)
[0.465s] Level 1:colcon.colcon_core.environment:checking '/home/hjf/auto/rplidar-ros2/install/cartographer_test' for CMake module files
[0.467s] Level 1:colcon.colcon_core.environment:checking '/home/hjf/auto/rplidar-ros2/install/cartographer_test' for CMake config files
[0.469s] Level 1:colcon.colcon_core.shell:create_environment_hook('cartographer_test', 'cmake_prefix_path')
[0.470s] INFO:colcon.colcon_core.shell:Creating environment hook '/home/hjf/auto/rplidar-ros2/install/cartographer_test/share/cartographer_test/hook/cmake_prefix_path.ps1'
[0.471s] INFO:colcon.colcon_core.shell:Creating environment descriptor '/home/hjf/auto/rplidar-ros2/install/cartographer_test/share/cartographer_test/hook/cmake_prefix_path.dsv'
[0.472s] INFO:colcon.colcon_core.shell:Creating environment hook '/home/hjf/auto/rplidar-ros2/install/cartographer_test/share/cartographer_test/hook/cmake_prefix_path.sh'
[0.473s] Level 1:colcon.colcon_core.environment:checking '/home/hjf/auto/rplidar-ros2/install/cartographer_test/bin'
[0.473s] Level 1:colcon.colcon_core.environment:checking '/home/hjf/auto/rplidar-ros2/install/cartographer_test/lib/pkgconfig/cartographer_test.pc'
[0.473s] Level 1:colcon.colcon_core.environment:checking '/home/hjf/auto/rplidar-ros2/install/cartographer_test/lib/python3.8/site-packages'
[0.473s] Level 1:colcon.colcon_core.environment:checking '/home/hjf/auto/rplidar-ros2/install/cartographer_test/bin'
[0.475s] INFO:colcon.colcon_core.shell:Creating package script '/home/hjf/auto/rplidar-ros2/install/cartographer_test/share/cartographer_test/package.ps1'
[0.476s] INFO:colcon.colcon_core.shell:Creating package descriptor '/home/hjf/auto/rplidar-ros2/install/cartographer_test/share/cartographer_test/package.dsv'
[0.476s] INFO:colcon.colcon_core.shell:Creating package script '/home/hjf/auto/rplidar-ros2/install/cartographer_test/share/cartographer_test/package.sh'
[0.477s] INFO:colcon.colcon_core.shell:Creating package script '/home/hjf/auto/rplidar-ros2/install/cartographer_test/share/cartographer_test/package.bash'
[0.477s] INFO:colcon.colcon_core.shell:Creating package script '/home/hjf/auto/rplidar-ros2/install/cartographer_test/share/cartographer_test/package.zsh'
[0.477s] Level 1:colcon.colcon_core.environment:create_file_with_runtime_dependencies(/home/hjf/auto/rplidar-ros2/install/cartographer_test/share/colcon-core/packages/cartographer_test)
[0.481s] DEBUG:colcon.colcon_core.event_handler.log_command:Invoking command in '/home/hjf/auto/rplidar-ros2/build/openslam_gmapping': CMAKE_PREFIX_PATH=${CMAKE_PREFIX_PATH}:/opt/ros/foxy /usr/bin/cmake --install /home/hjf/auto/rplidar-ros2/build/openslam_gmapping
[0.482s] Level 1:colcon.colcon_core.environment:create_environment_scripts_only(sllidar_ros2)
[0.484s] Level 1:colcon.colcon_core.environment:checking '/home/hjf/auto/rplidar-ros2/install/sllidar_ros2' for CMake module files
[0.485s] DEBUG:colcon.colcon_core.event_handler.log_command:Invoked command in '/home/hjf/auto/rplidar-ros2/build/sllidar_ros2' returned '0': CMAKE_PREFIX_PATH=${CMAKE_PREFIX_PATH}:/opt/ros/foxy /usr/bin/cmake --install /home/hjf/auto/rplidar-ros2/build/sllidar_ros2
[0.485s] Level 1:colcon.colcon_core.environment:checking '/home/hjf/auto/rplidar-ros2/install/sllidar_ros2' for CMake config files
[0.485s] Level 1:colcon.colcon_core.shell:create_environment_hook('sllidar_ros2', 'cmake_prefix_path')
[0.487s] INFO:colcon.colcon_core.shell:Creating environment hook '/home/hjf/auto/rplidar-ros2/install/sllidar_ros2/share/sllidar_ros2/hook/cmake_prefix_path.ps1'
[0.487s] INFO:colcon.colcon_core.shell:Creating environment descriptor '/home/hjf/auto/rplidar-ros2/install/sllidar_ros2/share/sllidar_ros2/hook/cmake_prefix_path.dsv'
[0.488s] INFO:colcon.colcon_core.shell:Creating environment hook '/home/hjf/auto/rplidar-ros2/install/sllidar_ros2/share/sllidar_ros2/hook/cmake_prefix_path.sh'
[0.489s] Level 1:colcon.colcon_core.environment:checking '/home/hjf/auto/rplidar-ros2/install/sllidar_ros2/lib'
[0.489s] Level 1:colcon.colcon_core.environment:checking '/home/hjf/auto/rplidar-ros2/install/sllidar_ros2/bin'
[0.489s] Level 1:colcon.colcon_core.environment:checking '/home/hjf/auto/rplidar-ros2/install/sllidar_ros2/lib/pkgconfig/sllidar_ros2.pc'
[0.490s] Level 1:colcon.colcon_core.environment:checking '/home/hjf/auto/rplidar-ros2/install/sllidar_ros2/lib/python3.8/site-packages'
[0.490s] Level 1:colcon.colcon_core.environment:checking '/home/hjf/auto/rplidar-ros2/install/sllidar_ros2/bin'
[0.492s] INFO:colcon.colcon_core.shell:Creating package script '/home/hjf/auto/rplidar-ros2/install/sllidar_ros2/share/sllidar_ros2/package.ps1'
[0.494s] INFO:colcon.colcon_core.shell:Creating package descriptor '/home/hjf/auto/rplidar-ros2/install/sllidar_ros2/share/sllidar_ros2/package.dsv'
[0.494s] INFO:colcon.colcon_core.shell:Creating package script '/home/hjf/auto/rplidar-ros2/install/sllidar_ros2/share/sllidar_ros2/package.sh'
[0.495s] INFO:colcon.colcon_core.shell:Creating package script '/home/hjf/auto/rplidar-ros2/install/sllidar_ros2/share/sllidar_ros2/package.bash'
[0.495s] INFO:colcon.colcon_core.shell:Creating package script '/home/hjf/auto/rplidar-ros2/install/sllidar_ros2/share/sllidar_ros2/package.zsh'
[0.496s] Level 1:colcon.colcon_core.environment:create_file_with_runtime_dependencies(/home/hjf/auto/rplidar-ros2/install/sllidar_ros2/share/colcon-core/packages/sllidar_ros2)
[0.501s] Level 1:colcon.colcon_core.environment:create_environment_scripts_only(openslam_gmapping)
[0.503s] Level 1:colcon.colcon_core.environment:checking '/home/hjf/auto/rplidar-ros2/install/openslam_gmapping' for CMake module files
[0.504s] Level 1:colcon.colcon_core.environment:checking '/home/hjf/auto/rplidar-ros2/install/openslam_gmapping' for CMake config files
[0.507s] DEBUG:colcon.colcon_core.event_handler.log_command:Invoked command in '/home/hjf/auto/rplidar-ros2/build/openslam_gmapping' returned '0': CMAKE_PREFIX_PATH=${CMAKE_PREFIX_PATH}:/opt/ros/foxy /usr/bin/cmake --install /home/hjf/auto/rplidar-ros2/build/openslam_gmapping
[0.507s] Level 1:colcon.colcon_core.shell:create_environment_hook('openslam_gmapping', 'cmake_prefix_path')
[0.508s] INFO:colcon.colcon_core.shell:Creating environment hook '/home/hjf/auto/rplidar-ros2/install/openslam_gmapping/share/openslam_gmapping/hook/cmake_prefix_path.ps1'
[0.509s] INFO:colcon.colcon_core.shell:Creating environment descriptor '/home/hjf/auto/rplidar-ros2/install/openslam_gmapping/share/openslam_gmapping/hook/cmake_prefix_path.dsv'
[0.509s] INFO:colcon.colcon_core.shell:Creating environment hook '/home/hjf/auto/rplidar-ros2/install/openslam_gmapping/share/openslam_gmapping/hook/cmake_prefix_path.sh'
[0.510s] Level 1:colcon.colcon_core.environment:checking '/home/hjf/auto/rplidar-ros2/install/openslam_gmapping/lib'
[0.510s] Level 1:colcon.colcon_core.environment:checking '/home/hjf/auto/rplidar-ros2/install/openslam_gmapping/bin'
[0.510s] Level 1:colcon.colcon_core.environment:checking '/home/hjf/auto/rplidar-ros2/install/openslam_gmapping/lib/pkgconfig/openslam_gmapping.pc'
[0.510s] Level 1:colcon.colcon_core.environment:checking '/home/hjf/auto/rplidar-ros2/install/openslam_gmapping/lib/python3.8/site-packages'
[0.511s] Level 1:colcon.colcon_core.environment:checking '/home/hjf/auto/rplidar-ros2/install/openslam_gmapping/bin'
[0.512s] INFO:colcon.colcon_core.shell:Creating package script '/home/hjf/auto/rplidar-ros2/install/openslam_gmapping/share/openslam_gmapping/package.ps1'
[0.513s] INFO:colcon.colcon_core.shell:Creating package descriptor '/home/hjf/auto/rplidar-ros2/install/openslam_gmapping/share/openslam_gmapping/package.dsv'
[0.513s] INFO:colcon.colcon_core.shell:Creating package script '/home/hjf/auto/rplidar-ros2/install/openslam_gmapping/share/openslam_gmapping/package.sh'
[0.513s] INFO:colcon.colcon_core.shell:Creating package script '/home/hjf/auto/rplidar-ros2/install/openslam_gmapping/share/openslam_gmapping/package.bash'
[0.514s] INFO:colcon.colcon_core.shell:Creating package script '/home/hjf/auto/rplidar-ros2/install/openslam_gmapping/share/openslam_gmapping/package.zsh'
[0.514s] Level 1:colcon.colcon_core.environment:create_file_with_runtime_dependencies(/home/hjf/auto/rplidar-ros2/install/openslam_gmapping/share/colcon-core/packages/openslam_gmapping)
[0.531s] Level 1:colcon.colcon_core.environment:create_environment_scripts_only(sllidar_ros2)
[0.533s] Level 1:colcon.colcon_core.environment:checking '/home/hjf/auto/rplidar-ros2/install/sllidar_ros2' for CMake module files
[0.534s] Level 1:colcon.colcon_core.environment:checking '/home/hjf/auto/rplidar-ros2/install/sllidar_ros2' for CMake config files
[0.534s] Level 1:colcon.colcon_core.shell:create_environment_hook('sllidar_ros2', 'cmake_prefix_path')
[0.536s] INFO:colcon.colcon_core.shell:Creating environment hook '/home/hjf/auto/rplidar-ros2/install/sllidar_ros2/share/sllidar_ros2/hook/cmake_prefix_path.ps1'
[0.536s] INFO:colcon.colcon_core.shell:Creating environment descriptor '/home/hjf/auto/rplidar-ros2/install/sllidar_ros2/share/sllidar_ros2/hook/cmake_prefix_path.dsv'
[0.536s] INFO:colcon.colcon_core.shell:Creating environment hook '/home/hjf/auto/rplidar-ros2/install/sllidar_ros2/share/sllidar_ros2/hook/cmake_prefix_path.sh'
[0.537s] Level 1:colcon.colcon_core.environment:checking '/home/hjf/auto/rplidar-ros2/install/sllidar_ros2/lib'
[0.537s] Level 1:colcon.colcon_core.environment:checking '/home/hjf/auto/rplidar-ros2/install/sllidar_ros2/bin'
[0.537s] Level 1:colcon.colcon_core.environment:checking '/home/hjf/auto/rplidar-ros2/install/sllidar_ros2/lib/pkgconfig/sllidar_ros2.pc'
[0.537s] Level 1:colcon.colcon_core.environment:checking '/home/hjf/auto/rplidar-ros2/install/sllidar_ros2/lib/python3.8/site-packages'
[0.537s] Level 1:colcon.colcon_core.environment:checking '/home/hjf/auto/rplidar-ros2/install/sllidar_ros2/bin'
[0.539s] INFO:colcon.colcon_core.shell:Creating package script '/home/hjf/auto/rplidar-ros2/install/sllidar_ros2/share/sllidar_ros2/package.ps1'
[0.539s] INFO:colcon.colcon_core.shell:Creating package descriptor '/home/hjf/auto/rplidar-ros2/install/sllidar_ros2/share/sllidar_ros2/package.dsv'
[0.540s] INFO:colcon.colcon_core.shell:Creating package script '/home/hjf/auto/rplidar-ros2/install/sllidar_ros2/share/sllidar_ros2/package.sh'
[0.540s] INFO:colcon.colcon_core.shell:Creating package script '/home/hjf/auto/rplidar-ros2/install/sllidar_ros2/share/sllidar_ros2/package.bash'
[0.541s] INFO:colcon.colcon_core.shell:Creating package script '/home/hjf/auto/rplidar-ros2/install/sllidar_ros2/share/sllidar_ros2/package.zsh'
[0.541s] Level 1:colcon.colcon_core.environment:create_file_with_runtime_dependencies(/home/hjf/auto/rplidar-ros2/install/sllidar_ros2/share/colcon-core/packages/sllidar_ros2)
[0.544s] Level 1:colcon.colcon_core.environment:create_environment_scripts_only(openslam_gmapping)
[0.546s] Level 1:colcon.colcon_core.environment:checking '/home/hjf/auto/rplidar-ros2/install/openslam_gmapping' for CMake module files
[0.546s] Level 1:colcon.colcon_core.environment:checking '/home/hjf/auto/rplidar-ros2/install/openslam_gmapping' for CMake config files
[0.547s] Level 1:colcon.colcon_core.shell:create_environment_hook('openslam_gmapping', 'cmake_prefix_path')
[0.548s] INFO:colcon.colcon_core.shell:Creating environment hook '/home/hjf/auto/rplidar-ros2/install/openslam_gmapping/share/openslam_gmapping/hook/cmake_prefix_path.ps1'
[0.548s] INFO:colcon.colcon_core.shell:Creating environment descriptor '/home/hjf/auto/rplidar-ros2/install/openslam_gmapping/share/openslam_gmapping/hook/cmake_prefix_path.dsv'
[0.549s] INFO:colcon.colcon_core.shell:Creating environment hook '/home/hjf/auto/rplidar-ros2/install/openslam_gmapping/share/openslam_gmapping/hook/cmake_prefix_path.sh'
[0.549s] Level 1:colcon.colcon_core.environment:checking '/home/hjf/auto/rplidar-ros2/install/openslam_gmapping/lib'
[0.549s] Level 1:colcon.colcon_core.environment:checking '/home/hjf/auto/rplidar-ros2/install/openslam_gmapping/bin'
[0.549s] Level 1:colcon.colcon_core.environment:checking '/home/hjf/auto/rplidar-ros2/install/openslam_gmapping/lib/pkgconfig/openslam_gmapping.pc'
[0.549s] Level 1:colcon.colcon_core.environment:checking '/home/hjf/auto/rplidar-ros2/install/openslam_gmapping/lib/python3.8/site-packages'
[0.550s] Level 1:colcon.colcon_core.environment:checking '/home/hjf/auto/rplidar-ros2/install/openslam_gmapping/bin'
[0.551s] INFO:colcon.colcon_core.shell:Creating package script '/home/hjf/auto/rplidar-ros2/install/openslam_gmapping/share/openslam_gmapping/package.ps1'
[0.551s] INFO:colcon.colcon_core.shell:Creating package descriptor '/home/hjf/auto/rplidar-ros2/install/openslam_gmapping/share/openslam_gmapping/package.dsv'
[0.552s] INFO:colcon.colcon_core.shell:Creating package script '/home/hjf/auto/rplidar-ros2/install/openslam_gmapping/share/openslam_gmapping/package.sh'
[0.552s] INFO:colcon.colcon_core.shell:Creating package script '/home/hjf/auto/rplidar-ros2/install/openslam_gmapping/share/openslam_gmapping/package.bash'
[0.552s] INFO:colcon.colcon_core.shell:Creating package script '/home/hjf/auto/rplidar-ros2/install/openslam_gmapping/share/openslam_gmapping/package.zsh'
[0.553s] Level 1:colcon.colcon_core.environment:create_file_with_runtime_dependencies(/home/hjf/auto/rplidar-ros2/install/openslam_gmapping/share/colcon-core/packages/openslam_gmapping)
[0.553s] INFO:colcon.colcon_ros.task.ament_cmake.build:Building ROS package in '/home/hjf/auto/rplidar-ros2/src/slam_gmapping' with build type 'ament_cmake'
[0.553s] INFO:colcon.colcon_cmake.task.cmake.build:Building CMake package in '/home/hjf/auto/rplidar-ros2/src/slam_gmapping'
[0.554s] INFO:colcon.colcon_core.shell:Skip shell extension 'powershell' for command environment: Not usable outside of PowerShell
[0.555s] DEBUG:colcon.colcon_core.shell:Skip shell extension 'dsv' for command environment
[0.566s] DEBUG:colcon.colcon_core.event_handler.log_command:Invoking command in '/home/hjf/auto/rplidar-ros2/build/slam_gmapping': CMAKE_PREFIX_PATH=/home/hjf/auto/rplidar-ros2/install/openslam_gmapping:/home/hjf/auto/rplidar-ros2/install/sllidar_ros2:/home/hjf/auto/rplidar-ros2/install/slam_gmapping:/home/hjf/auto/rplidar-ros2/install/cartographer_test:/opt/ros/foxy /usr/bin/cmake --build /home/hjf/auto/rplidar-ros2/build/slam_gmapping -- -j8 -l8
[0.636s] DEBUG:colcon.colcon_core.event_handler.log_command:Invoked command in '/home/hjf/auto/rplidar-ros2/build/slam_gmapping' returned '0': CMAKE_PREFIX_PATH=/home/hjf/auto/rplidar-ros2/install/openslam_gmapping:/home/hjf/auto/rplidar-ros2/install/sllidar_ros2:/home/hjf/auto/rplidar-ros2/install/slam_gmapping:/home/hjf/auto/rplidar-ros2/install/cartographer_test:/opt/ros/foxy /usr/bin/cmake --build /home/hjf/auto/rplidar-ros2/build/slam_gmapping -- -j8 -l8
[0.660s] DEBUG:colcon.colcon_core.event_handler.log_command:Invoking command in '/home/hjf/auto/rplidar-ros2/build/slam_gmapping': CMAKE_PREFIX_PATH=/home/hjf/auto/rplidar-ros2/install/openslam_gmapping:/home/hjf/auto/rplidar-ros2/install/sllidar_ros2:/home/hjf/auto/rplidar-ros2/install/slam_gmapping:/home/hjf/auto/rplidar-ros2/install/cartographer_test:/opt/ros/foxy /usr/bin/cmake --install /home/hjf/auto/rplidar-ros2/build/slam_gmapping
[0.671s] Level 1:colcon.colcon_core.environment:create_environment_scripts_only(slam_gmapping)
[0.674s] Level 1:colcon.colcon_core.environment:checking '/home/hjf/auto/rplidar-ros2/install/slam_gmapping' for CMake module files
[0.674s] DEBUG:colcon.colcon_core.event_handler.log_command:Invoked command in '/home/hjf/auto/rplidar-ros2/build/slam_gmapping' returned '0': CMAKE_PREFIX_PATH=/home/hjf/auto/rplidar-ros2/install/openslam_gmapping:/home/hjf/auto/rplidar-ros2/install/sllidar_ros2:/home/hjf/auto/rplidar-ros2/install/slam_gmapping:/home/hjf/auto/rplidar-ros2/install/cartographer_test:/opt/ros/foxy /usr/bin/cmake --install /home/hjf/auto/rplidar-ros2/build/slam_gmapping
[0.675s] Level 1:colcon.colcon_core.environment:checking '/home/hjf/auto/rplidar-ros2/install/slam_gmapping' for CMake config files
[0.675s] Level 1:colcon.colcon_core.shell:create_environment_hook('slam_gmapping', 'cmake_prefix_path')
[0.676s] INFO:colcon.colcon_core.shell:Creating environment hook '/home/hjf/auto/rplidar-ros2/install/slam_gmapping/share/slam_gmapping/hook/cmake_prefix_path.ps1'
[0.677s] INFO:colcon.colcon_core.shell:Creating environment descriptor '/home/hjf/auto/rplidar-ros2/install/slam_gmapping/share/slam_gmapping/hook/cmake_prefix_path.dsv'
[0.677s] INFO:colcon.colcon_core.shell:Creating environment hook '/home/hjf/auto/rplidar-ros2/install/slam_gmapping/share/slam_gmapping/hook/cmake_prefix_path.sh'
[0.677s] Level 1:colcon.colcon_core.environment:checking '/home/hjf/auto/rplidar-ros2/install/slam_gmapping/lib'
[0.677s] Level 1:colcon.colcon_core.environment:checking '/home/hjf/auto/rplidar-ros2/install/slam_gmapping/bin'
[0.678s] Level 1:colcon.colcon_core.environment:checking '/home/hjf/auto/rplidar-ros2/install/slam_gmapping/lib/pkgconfig/slam_gmapping.pc'
[0.678s] Level 1:colcon.colcon_core.environment:checking '/home/hjf/auto/rplidar-ros2/install/slam_gmapping/lib/python3.8/site-packages'
[0.678s] Level 1:colcon.colcon_core.environment:checking '/home/hjf/auto/rplidar-ros2/install/slam_gmapping/bin'
[0.679s] INFO:colcon.colcon_core.shell:Creating package script '/home/hjf/auto/rplidar-ros2/install/slam_gmapping/share/slam_gmapping/package.ps1'
[0.680s] INFO:colcon.colcon_core.shell:Creating package descriptor '/home/hjf/auto/rplidar-ros2/install/slam_gmapping/share/slam_gmapping/package.dsv'
[0.680s] INFO:colcon.colcon_core.shell:Creating package script '/home/hjf/auto/rplidar-ros2/install/slam_gmapping/share/slam_gmapping/package.sh'
[0.680s] INFO:colcon.colcon_core.shell:Creating package script '/home/hjf/auto/rplidar-ros2/install/slam_gmapping/share/slam_gmapping/package.bash'
[0.681s] INFO:colcon.colcon_core.shell:Creating package script '/home/hjf/auto/rplidar-ros2/install/slam_gmapping/share/slam_gmapping/package.zsh'
[0.681s] Level 1:colcon.colcon_core.environment:create_file_with_runtime_dependencies(/home/hjf/auto/rplidar-ros2/install/slam_gmapping/share/colcon-core/packages/slam_gmapping)
[0.704s] Level 1:colcon.colcon_core.environment:create_environment_scripts_only(slam_gmapping)
[0.706s] Level 1:colcon.colcon_core.environment:checking '/home/hjf/auto/rplidar-ros2/install/slam_gmapping' for CMake module files
[0.706s] Level 1:colcon.colcon_core.environment:checking '/home/hjf/auto/rplidar-ros2/install/slam_gmapping' for CMake config files
[0.707s] Level 1:colcon.colcon_core.shell:create_environment_hook('slam_gmapping', 'cmake_prefix_path')
[0.708s] INFO:colcon.colcon_core.shell:Creating environment hook '/home/hjf/auto/rplidar-ros2/install/slam_gmapping/share/slam_gmapping/hook/cmake_prefix_path.ps1'
[0.709s] INFO:colcon.colcon_core.shell:Creating environment descriptor '/home/hjf/auto/rplidar-ros2/install/slam_gmapping/share/slam_gmapping/hook/cmake_prefix_path.dsv'
[0.709s] INFO:colcon.colcon_core.shell:Creating environment hook '/home/hjf/auto/rplidar-ros2/install/slam_gmapping/share/slam_gmapping/hook/cmake_prefix_path.sh'
[0.710s] Level 1:colcon.colcon_core.environment:checking '/home/hjf/auto/rplidar-ros2/install/slam_gmapping/lib'
[0.710s] Level 1:colcon.colcon_core.environment:checking '/home/hjf/auto/rplidar-ros2/install/slam_gmapping/bin'
[0.710s] Level 1:colcon.colcon_core.environment:checking '/home/hjf/auto/rplidar-ros2/install/slam_gmapping/lib/pkgconfig/slam_gmapping.pc'
[0.710s] Level 1:colcon.colcon_core.environment:checking '/home/hjf/auto/rplidar-ros2/install/slam_gmapping/lib/python3.8/site-packages'
[0.710s] Level 1:colcon.colcon_core.environment:checking '/home/hjf/auto/rplidar-ros2/install/slam_gmapping/bin'
[0.711s] INFO:colcon.colcon_core.shell:Creating package script '/home/hjf/auto/rplidar-ros2/install/slam_gmapping/share/slam_gmapping/package.ps1'
[0.712s] INFO:colcon.colcon_core.shell:Creating package descriptor '/home/hjf/auto/rplidar-ros2/install/slam_gmapping/share/slam_gmapping/package.dsv'
[0.712s] INFO:colcon.colcon_core.shell:Creating package script '/home/hjf/auto/rplidar-ros2/install/slam_gmapping/share/slam_gmapping/package.sh'
[0.713s] INFO:colcon.colcon_core.shell:Creating package script '/home/hjf/auto/rplidar-ros2/install/slam_gmapping/share/slam_gmapping/package.bash'
[0.713s] INFO:colcon.colcon_core.shell:Creating package script '/home/hjf/auto/rplidar-ros2/install/slam_gmapping/share/slam_gmapping/package.zsh'
[0.713s] Level 1:colcon.colcon_core.environment:create_file_with_runtime_dependencies(/home/hjf/auto/rplidar-ros2/install/slam_gmapping/share/colcon-core/packages/slam_gmapping)
[0.714s] DEBUG:colcon.colcon_parallel_executor.executor.parallel:closing loop
[0.714s] DEBUG:colcon.colcon_parallel_executor.executor.parallel:loop closed
[0.714s] DEBUG:colcon.colcon_parallel_executor.executor.parallel:run_until_complete finished with '0'
[0.714s] DEBUG:colcon.colcon_core.event_reactor:joining thread
[0.720s] INFO:colcon.colcon_core.plugin_system:Skipping extension 'colcon_notification.desktop_notification.terminal_notifier': Not used on non-Darwin systems
[0.720s] INFO:colcon.colcon_core.plugin_system:Skipping extension 'colcon_notification.desktop_notification.win32': Not used on non-Windows systems
[0.720s] INFO:colcon.colcon_notification.desktop_notification:Sending desktop notification using 'notify2'
[0.735s] DEBUG:colcon.colcon_core.event_reactor:joined thread
[0.737s] INFO:colcon.colcon_core.shell:Creating prefix script '/home/hjf/auto/rplidar-ros2/install/local_setup.ps1'
[0.738s] INFO:colcon.colcon_core.shell:Creating prefix util module '/home/hjf/auto/rplidar-ros2/install/_local_setup_util_ps1.py'
[0.739s] INFO:colcon.colcon_core.shell:Creating prefix chain script '/home/hjf/auto/rplidar-ros2/install/setup.ps1'
[0.741s] INFO:colcon.colcon_core.shell:Creating prefix script '/home/hjf/auto/rplidar-ros2/install/local_setup.sh'
[0.741s] INFO:colcon.colcon_core.shell:Creating prefix util module '/home/hjf/auto/rplidar-ros2/install/_local_setup_util_sh.py'
[0.742s] INFO:colcon.colcon_core.shell:Creating prefix chain script '/home/hjf/auto/rplidar-ros2/install/setup.sh'
[0.744s] INFO:colcon.colcon_core.shell:Creating prefix script '/home/hjf/auto/rplidar-ros2/install/local_setup.bash'
[0.745s] INFO:colcon.colcon_core.shell:Creating prefix chain script '/home/hjf/auto/rplidar-ros2/install/setup.bash'
[0.747s] INFO:colcon.colcon_core.shell:Creating prefix script '/home/hjf/auto/rplidar-ros2/install/local_setup.zsh'
[0.747s] INFO:colcon.colcon_core.shell:Creating prefix chain script '/home/hjf/auto/rplidar-ros2/install/setup.zsh'
