[35m[1mScanning dependencies of target sllidar_node[0m
[ 14%] Built target sllidar_client
[ 21%] [32mBuilding CXX object CMakeFiles/sllidar_node.dir/src/sllidar_node.cpp.o[0m
[ 28%] [32m[1mLinking CXX executable sllidar_node[0m
[100%] Built target sllidar_node
-- Install configuration: ""
-- Up-to-date: /home/hjf/auto/rplidar-ros2/install/sllidar_ros2/share/sllidar_ros2/launch
-- Up-to-date: /home/hjf/auto/rplidar-ros2/install/sllidar_ros2/share/sllidar_ros2/launch/view_sllidar_launch.py
-- Up-to-date: /home/hjf/auto/rplidar-ros2/install/sllidar_ros2/share/sllidar_ros2/launch/gmapping_launch.py
-- Up-to-date: /home/hjf/auto/rplidar-ros2/install/sllidar_ros2/share/sllidar_ros2/launch/gmapping_s2_launch.py
-- Up-to-date: /home/hjf/auto/rplidar-ros2/install/sllidar_ros2/share/sllidar_ros2/launch/view_sllidar_a3_launch.py
-- Up-to-date: /home/hjf/auto/rplidar-ros2/install/sllidar_ros2/share/sllidar_ros2/launch/sllidar_launch.py
-- Installing: /home/hjf/auto/rplidar-ros2/install/sllidar_ros2/share/sllidar_ros2/launch/sllidar_a3_launch.py
-- Up-to-date: /home/hjf/auto/rplidar-ros2/install/sllidar_ros2/share/sllidar_ros2/rviz
-- Up-to-date: /home/hjf/auto/rplidar-ros2/install/sllidar_ros2/share/sllidar_ros2/rviz/sllidar_ros2.rviz
-- Up-to-date: /home/hjf/auto/rplidar-ros2/install/sllidar_ros2/share/sllidar_ros2/rviz/sllidar_gmapping_ros2.rviz
-- Installing: /home/hjf/auto/rplidar-ros2/install/sllidar_ros2/lib/sllidar_ros2/sllidar_node
-- Set runtime path of "/home/hjf/auto/rplidar-ros2/install/sllidar_ros2/lib/sllidar_ros2/sllidar_node" to ""
-- Up-to-date: /home/hjf/auto/rplidar-ros2/install/sllidar_ros2/lib/sllidar_ros2/sllidar_client
-- Up-to-date: /home/hjf/auto/rplidar-ros2/install/sllidar_ros2/share/ament_index/resource_index/package_run_dependencies/sllidar_ros2
-- Up-to-date: /home/hjf/auto/rplidar-ros2/install/sllidar_ros2/share/ament_index/resource_index/parent_prefix_path/sllidar_ros2
-- Up-to-date: /home/hjf/auto/rplidar-ros2/install/sllidar_ros2/share/sllidar_ros2/environment/ament_prefix_path.sh
-- Up-to-date: /home/hjf/auto/rplidar-ros2/install/sllidar_ros2/share/sllidar_ros2/environment/ament_prefix_path.dsv
-- Up-to-date: /home/hjf/auto/rplidar-ros2/install/sllidar_ros2/share/sllidar_ros2/environment/path.sh
-- Up-to-date: /home/hjf/auto/rplidar-ros2/install/sllidar_ros2/share/sllidar_ros2/environment/path.dsv
-- Up-to-date: /home/hjf/auto/rplidar-ros2/install/sllidar_ros2/share/sllidar_ros2/local_setup.bash
-- Up-to-date: /home/hjf/auto/rplidar-ros2/install/sllidar_ros2/share/sllidar_ros2/local_setup.sh
-- Up-to-date: /home/hjf/auto/rplidar-ros2/install/sllidar_ros2/share/sllidar_ros2/local_setup.zsh
-- Up-to-date: /home/hjf/auto/rplidar-ros2/install/sllidar_ros2/share/sllidar_ros2/local_setup.dsv
-- Installing: /home/hjf/auto/rplidar-ros2/install/sllidar_ros2/share/sllidar_ros2/package.dsv
-- Up-to-date: /home/hjf/auto/rplidar-ros2/install/sllidar_ros2/share/ament_index/resource_index/packages/sllidar_ros2
-- Up-to-date: /home/hjf/auto/rplidar-ros2/install/sllidar_ros2/share/sllidar_ros2/cmake/ament_cmake_export_dependencies-extras.cmake
-- Up-to-date: /home/hjf/auto/rplidar-ros2/install/sllidar_ros2/share/sllidar_ros2/cmake/ament_cmake_export_include_directories-extras.cmake
-- Up-to-date: /home/hjf/auto/rplidar-ros2/install/sllidar_ros2/share/sllidar_ros2/cmake/sllidar_ros2Config.cmake
-- Up-to-date: /home/hjf/auto/rplidar-ros2/install/sllidar_ros2/share/sllidar_ros2/cmake/sllidar_ros2Config-version.cmake
-- Up-to-date: /home/hjf/auto/rplidar-ros2/install/sllidar_ros2/share/sllidar_ros2/package.xml
