[0.024s] Invoking command in '/home/hjf/auto/rplidar-ros2/build/sllidar_ros2': CMAKE_PREFIX_PATH=${CMAKE_PREFIX_PATH}:/opt/ros/foxy /usr/bin/cmake --build /home/hjf/auto/rplidar-ros2/build/sllidar_ros2 -- -j8 -l8
[0.063s] [35m[1mScanning dependencies of target sllidar_node[0m
[0.079s] [ 14%] Built target sllidar_client
[0.091s] [ 21%] [32mBuilding CXX object CMakeFiles/sllidar_node.dir/src/sllidar_node.cpp.o[0m
[1.305s] In file included from [01m[K/home/hjf/auto/rplidar-ros2/src/sllidar_ros2/./sdk/include/sl_lidar_cmd.h:36[m[K,
[1.305s]                  from [01m[K/home/hjf/auto/rplidar-ros2/src/sllidar_ros2/./sdk/include/sl_lidar_driver.h:54[m[K,
[1.305s]                  from [01m[K/home/hjf/auto/rplidar-ros2/src/sllidar_ros2/./sdk/include/sl_lidar.h:36[m[K,
[1.305s]                  from [01m[K/home/hjf/auto/rplidar-ros2/src/sllidar_ros2/src/sllidar_node.cpp:38[m[K:
[1.305s] [01m[K/home/hjf/auto/rplidar-ros2/src/sllidar_ros2/./sdk/include/sl_lidar_protocol.h:58:16:[m[K [01;35m[Kwarning: [m[KISO C++ forbids zero-size array ‘[01m[Kdata[m[K’ [[01;35m[K-Wpedantic[m[K]
[1.305s]    58 |     sl_u8 data[[01;35m[K0[m[K];
[1.305s]       |                [01;35m[K^[m[K
[1.305s] In file included from [01m[K/home/hjf/auto/rplidar-ros2/src/sllidar_ros2/./sdk/include/sl_lidar_driver.h:54[m[K,
[1.305s]                  from [01m[K/home/hjf/auto/rplidar-ros2/src/sllidar_ros2/./sdk/include/sl_lidar.h:36[m[K,
[1.305s]                  from [01m[K/home/hjf/auto/rplidar-ros2/src/sllidar_ros2/src/sllidar_node.cpp:38[m[K:
[1.305s] [01m[K/home/hjf/auto/rplidar-ros2/src/sllidar_ros2/./sdk/include/sl_lidar_cmd.h:295:20:[m[K [01;35m[Kwarning: [m[KISO C++ forbids zero-size array ‘[01m[Kpayload[m[K’ [[01;35m[K-Wpedantic[m[K]
[1.306s]   295 |     sl_u8  payload[[01;35m[K0[m[K];
[1.306s]       |                    [01;35m[K^[m[K
[2.243s] [01m[K/home/hjf/auto/rplidar-ros2/src/sllidar_ros2/src/sllidar_node.cpp:[m[K In member function ‘[01m[Kbool SLlidarNode::checkSLLIDARHealth(sl::ILidarDriver*)[m[K’:
[2.244s] [01m[K/home/hjf/auto/rplidar-ros2/src/sllidar_ros2/src/sllidar_node.cpp:147:5:[m[K [01;35m[Kwarning: [m[Kcontrol reaches end of non-void function [[01;35m[K-Wreturn-type[m[K]
[2.244s]   147 |     [01;35m[K}[m[K
[2.244s]       |     [01;35m[K^[m[K
[3.319s] [ 28%] [32m[1mLinking CXX executable sllidar_node[0m
[3.512s] [100%] Built target sllidar_node
[3.524s] Invoked command in '/home/hjf/auto/rplidar-ros2/build/sllidar_ros2' returned '0': CMAKE_PREFIX_PATH=${CMAKE_PREFIX_PATH}:/opt/ros/foxy /usr/bin/cmake --build /home/hjf/auto/rplidar-ros2/build/sllidar_ros2 -- -j8 -l8
[3.559s] Invoking command in '/home/hjf/auto/rplidar-ros2/build/sllidar_ros2': CMAKE_PREFIX_PATH=${CMAKE_PREFIX_PATH}:/opt/ros/foxy /usr/bin/cmake --install /home/hjf/auto/rplidar-ros2/build/sllidar_ros2
[3.567s] -- Install configuration: ""
[3.567s] -- Up-to-date: /home/hjf/auto/rplidar-ros2/install/sllidar_ros2/share/sllidar_ros2/launch
[3.567s] -- Up-to-date: /home/hjf/auto/rplidar-ros2/install/sllidar_ros2/share/sllidar_ros2/launch/view_sllidar_launch.py
[3.567s] -- Up-to-date: /home/hjf/auto/rplidar-ros2/install/sllidar_ros2/share/sllidar_ros2/launch/gmapping_launch.py
[3.567s] -- Up-to-date: /home/hjf/auto/rplidar-ros2/install/sllidar_ros2/share/sllidar_ros2/launch/gmapping_s2_launch.py
[3.568s] -- Up-to-date: /home/hjf/auto/rplidar-ros2/install/sllidar_ros2/share/sllidar_ros2/launch/view_sllidar_a3_launch.py
[3.568s] -- Up-to-date: /home/hjf/auto/rplidar-ros2/install/sllidar_ros2/share/sllidar_ros2/launch/sllidar_launch.py
[3.568s] -- Installing: /home/hjf/auto/rplidar-ros2/install/sllidar_ros2/share/sllidar_ros2/launch/sllidar_a3_launch.py
[3.568s] -- Up-to-date: /home/hjf/auto/rplidar-ros2/install/sllidar_ros2/share/sllidar_ros2/rviz
[3.568s] -- Up-to-date: /home/hjf/auto/rplidar-ros2/install/sllidar_ros2/share/sllidar_ros2/rviz/sllidar_ros2.rviz
[3.568s] -- Up-to-date: /home/hjf/auto/rplidar-ros2/install/sllidar_ros2/share/sllidar_ros2/rviz/sllidar_gmapping_ros2.rviz
[3.568s] -- Installing: /home/hjf/auto/rplidar-ros2/install/sllidar_ros2/lib/sllidar_ros2/sllidar_node
[3.568s] -- Set runtime path of "/home/hjf/auto/rplidar-ros2/install/sllidar_ros2/lib/sllidar_ros2/sllidar_node" to ""
[3.568s] -- Up-to-date: /home/hjf/auto/rplidar-ros2/install/sllidar_ros2/lib/sllidar_ros2/sllidar_client
[3.569s] -- Up-to-date: /home/hjf/auto/rplidar-ros2/install/sllidar_ros2/share/ament_index/resource_index/package_run_dependencies/sllidar_ros2
[3.569s] -- Up-to-date: /home/hjf/auto/rplidar-ros2/install/sllidar_ros2/share/ament_index/resource_index/parent_prefix_path/sllidar_ros2
[3.569s] -- Up-to-date: /home/hjf/auto/rplidar-ros2/install/sllidar_ros2/share/sllidar_ros2/environment/ament_prefix_path.sh
[3.569s] -- Up-to-date: /home/hjf/auto/rplidar-ros2/install/sllidar_ros2/share/sllidar_ros2/environment/ament_prefix_path.dsv
[3.569s] -- Up-to-date: /home/hjf/auto/rplidar-ros2/install/sllidar_ros2/share/sllidar_ros2/environment/path.sh
[3.569s] -- Up-to-date: /home/hjf/auto/rplidar-ros2/install/sllidar_ros2/share/sllidar_ros2/environment/path.dsv
[3.569s] -- Up-to-date: /home/hjf/auto/rplidar-ros2/install/sllidar_ros2/share/sllidar_ros2/local_setup.bash
[3.569s] -- Up-to-date: /home/hjf/auto/rplidar-ros2/install/sllidar_ros2/share/sllidar_ros2/local_setup.sh
[3.569s] -- Up-to-date: /home/hjf/auto/rplidar-ros2/install/sllidar_ros2/share/sllidar_ros2/local_setup.zsh
[3.569s] -- Up-to-date: /home/hjf/auto/rplidar-ros2/install/sllidar_ros2/share/sllidar_ros2/local_setup.dsv
[3.569s] -- Installing: /home/hjf/auto/rplidar-ros2/install/sllidar_ros2/share/sllidar_ros2/package.dsv
[3.569s] -- Up-to-date: /home/hjf/auto/rplidar-ros2/install/sllidar_ros2/share/ament_index/resource_index/packages/sllidar_ros2
[3.569s] -- Up-to-date: /home/hjf/auto/rplidar-ros2/install/sllidar_ros2/share/sllidar_ros2/cmake/ament_cmake_export_dependencies-extras.cmake
[3.570s] -- Up-to-date: /home/hjf/auto/rplidar-ros2/install/sllidar_ros2/share/sllidar_ros2/cmake/ament_cmake_export_include_directories-extras.cmake
[3.570s] -- Up-to-date: /home/hjf/auto/rplidar-ros2/install/sllidar_ros2/share/sllidar_ros2/cmake/sllidar_ros2Config.cmake
[3.570s] -- Up-to-date: /home/hjf/auto/rplidar-ros2/install/sllidar_ros2/share/sllidar_ros2/cmake/sllidar_ros2Config-version.cmake
[3.570s] -- Up-to-date: /home/hjf/auto/rplidar-ros2/install/sllidar_ros2/share/sllidar_ros2/package.xml
[3.573s] Invoked command in '/home/hjf/auto/rplidar-ros2/build/sllidar_ros2' returned '0': CMAKE_PREFIX_PATH=${CMAKE_PREFIX_PATH}:/opt/ros/foxy /usr/bin/cmake --install /home/hjf/auto/rplidar-ros2/build/sllidar_ros2
