[0.032s] Invoking command in '/home/hjf/auto/rplidar-ros2/build/openslam_gmapping': CMAKE_PREFIX_PATH=${CMAKE_PREFIX_PATH}:/opt/ros/foxy /usr/bin/cmake --build /home/hjf/auto/rplidar-ros2/build/openslam_gmapping -- -j8 -l8
[0.077s] [ 13%] Built target utils
[0.078s] [ 27%] Built target sensor_base
[0.097s] [ 40%] Built target sensor_range
[0.104s] [ 54%] Built target sensor_odometry
[0.118s] [ 77%] Built target scanmatcher
[0.138s] [100%] Built target gridfastslam
[0.159s] Invoked command in '/home/hjf/auto/rplidar-ros2/build/openslam_gmapping' returned '0': CMAKE_PREFIX_PATH=${CMAKE_PREFIX_PATH}:/opt/ros/foxy /usr/bin/cmake --build /home/hjf/auto/rplidar-ros2/build/openslam_gmapping -- -j8 -l8
[0.189s] Invoking command in '/home/hjf/auto/rplidar-ros2/build/openslam_gmapping': CMAKE_PREFIX_PATH=${CMAKE_PREFIX_PATH}:/opt/ros/foxy /usr/bin/cmake --install /home/hjf/auto/rplidar-ros2/build/openslam_gmapping
[0.192s] -- Install configuration: ""
[0.192s] -- Up-to-date: /home/hjf/auto/rplidar-ros2/install/openslam_gmapping/share/openslam_gmapping/environment/library_path.sh
[0.192s] -- Up-to-date: /home/hjf/auto/rplidar-ros2/install/openslam_gmapping/share/openslam_gmapping/environment/library_path.dsv
[0.193s] -- Up-to-date: /home/hjf/auto/rplidar-ros2/install/openslam_gmapping/include/
[0.193s] -- Up-to-date: /home/hjf/auto/rplidar-ros2/install/openslam_gmapping/include//gmapping
[0.193s] -- Up-to-date: /home/hjf/auto/rplidar-ros2/install/openslam_gmapping/include//gmapping/log
[0.193s] -- Up-to-date: /home/hjf/auto/rplidar-ros2/install/openslam_gmapping/include//gmapping/log/sensorlog.h
[0.194s] -- Up-to-date: /home/hjf/auto/rplidar-ros2/install/openslam_gmapping/include//gmapping/log/configuration.h
[0.194s] -- Up-to-date: /home/hjf/auto/rplidar-ros2/install/openslam_gmapping/include//gmapping/gridfastslam
[0.194s] -- Up-to-date: /home/hjf/auto/rplidar-ros2/install/openslam_gmapping/include//gmapping/gridfastslam/motionmodel.h
[0.195s] -- Up-to-date: /home/hjf/auto/rplidar-ros2/install/openslam_gmapping/include//gmapping/gridfastslam/gridslamprocessor.h
[0.195s] -- Up-to-date: /home/hjf/auto/rplidar-ros2/install/openslam_gmapping/include//gmapping/gridfastslam/gridslamprocessor.hxx
[0.197s] -- Up-to-date: /home/hjf/auto/rplidar-ros2/install/openslam_gmapping/include//gmapping/particlefilter
[0.198s] -- Up-to-date: /home/hjf/auto/rplidar-ros2/install/openslam_gmapping/include//gmapping/particlefilter/particlefilter.h
[0.198s] -- Up-to-date: /home/hjf/auto/rplidar-ros2/install/openslam_gmapping/include//gmapping/scanmatcher
[0.198s] -- Up-to-date: /home/hjf/auto/rplidar-ros2/install/openslam_gmapping/include//gmapping/scanmatcher/smmap.h
[0.199s] -- Up-to-date: /home/hjf/auto/rplidar-ros2/install/openslam_gmapping/include//gmapping/scanmatcher/scanmatcher.h
[0.199s] -- Up-to-date: /home/hjf/auto/rplidar-ros2/install/openslam_gmapping/include//gmapping/scanmatcher/icp.h
[0.199s] -- Up-to-date: /home/hjf/auto/rplidar-ros2/install/openslam_gmapping/include//gmapping/sensor
[0.199s] -- Up-to-date: /home/hjf/auto/rplidar-ros2/install/openslam_gmapping/include//gmapping/sensor/sensor_range
[0.200s] -- Up-to-date: /home/hjf/auto/rplidar-ros2/install/openslam_gmapping/include//gmapping/sensor/sensor_range/rangesensor.h
[0.200s] -- Up-to-date: /home/hjf/auto/rplidar-ros2/install/openslam_gmapping/include//gmapping/sensor/sensor_range/rangereading.h
[0.200s] -- Up-to-date: /home/hjf/auto/rplidar-ros2/install/openslam_gmapping/include//gmapping/sensor/sensor_base
[0.200s] -- Up-to-date: /home/hjf/auto/rplidar-ros2/install/openslam_gmapping/include//gmapping/sensor/sensor_base/sensorreading.h
[0.200s] -- Up-to-date: /home/hjf/auto/rplidar-ros2/install/openslam_gmapping/include//gmapping/sensor/sensor_base/sensor.h
[0.201s] -- Up-to-date: /home/hjf/auto/rplidar-ros2/install/openslam_gmapping/include//gmapping/sensor/sensor_odometry
[0.201s] -- Up-to-date: /home/hjf/auto/rplidar-ros2/install/openslam_gmapping/include//gmapping/sensor/sensor_odometry/odometrysensor.h
[0.201s] -- Up-to-date: /home/hjf/auto/rplidar-ros2/install/openslam_gmapping/include//gmapping/sensor/sensor_odometry/odometryreading.h
[0.201s] -- Up-to-date: /home/hjf/auto/rplidar-ros2/install/openslam_gmapping/include//gmapping/grid
[0.201s] -- Up-to-date: /home/hjf/auto/rplidar-ros2/install/openslam_gmapping/include//gmapping/grid/map.h
[0.202s] -- Up-to-date: /home/hjf/auto/rplidar-ros2/install/openslam_gmapping/include//gmapping/grid/harray2d.h
[0.202s] -- Up-to-date: /home/hjf/auto/rplidar-ros2/install/openslam_gmapping/include//gmapping/grid/accessstate.h
[0.203s] -- Up-to-date: /home/hjf/auto/rplidar-ros2/install/openslam_gmapping/include//gmapping/grid/array2d.h
[0.203s] -- Up-to-date: /home/hjf/auto/rplidar-ros2/install/openslam_gmapping/include//gmapping/utils
[0.203s] -- Up-to-date: /home/hjf/auto/rplidar-ros2/install/openslam_gmapping/include//gmapping/utils/autoptr.h
[0.204s] -- Up-to-date: /home/hjf/auto/rplidar-ros2/install/openslam_gmapping/include//gmapping/utils/gvalues.h
[0.204s] -- Up-to-date: /home/hjf/auto/rplidar-ros2/install/openslam_gmapping/include//gmapping/utils/macro_params.h
[0.204s] -- Up-to-date: /home/hjf/auto/rplidar-ros2/install/openslam_gmapping/include//gmapping/utils/commandline.h
[0.204s] -- Up-to-date: /home/hjf/auto/rplidar-ros2/install/openslam_gmapping/include//gmapping/utils/point.h
[0.204s] -- Up-to-date: /home/hjf/auto/rplidar-ros2/install/openslam_gmapping/include//gmapping/utils/stat.h
[0.205s] -- Up-to-date: /home/hjf/auto/rplidar-ros2/install/openslam_gmapping/share/ament_index/resource_index/package_run_dependencies/openslam_gmapping
[0.206s] -- Up-to-date: /home/hjf/auto/rplidar-ros2/install/openslam_gmapping/share/ament_index/resource_index/parent_prefix_path/openslam_gmapping
[0.208s] -- Up-to-date: /home/hjf/auto/rplidar-ros2/install/openslam_gmapping/share/openslam_gmapping/environment/ament_prefix_path.sh
[0.208s] -- Up-to-date: /home/hjf/auto/rplidar-ros2/install/openslam_gmapping/share/openslam_gmapping/environment/ament_prefix_path.dsv
[0.208s] -- Up-to-date: /home/hjf/auto/rplidar-ros2/install/openslam_gmapping/share/openslam_gmapping/environment/path.sh
[0.209s] -- Up-to-date: /home/hjf/auto/rplidar-ros2/install/openslam_gmapping/share/openslam_gmapping/environment/path.dsv
[0.209s] -- Up-to-date: /home/hjf/auto/rplidar-ros2/install/openslam_gmapping/share/openslam_gmapping/local_setup.bash
[0.209s] -- Up-to-date: /home/hjf/auto/rplidar-ros2/install/openslam_gmapping/share/openslam_gmapping/local_setup.sh
[0.209s] -- Up-to-date: /home/hjf/auto/rplidar-ros2/install/openslam_gmapping/share/openslam_gmapping/local_setup.zsh
[0.209s] -- Up-to-date: /home/hjf/auto/rplidar-ros2/install/openslam_gmapping/share/openslam_gmapping/local_setup.dsv
[0.209s] -- Installing: /home/hjf/auto/rplidar-ros2/install/openslam_gmapping/share/openslam_gmapping/package.dsv
[0.209s] -- Up-to-date: /home/hjf/auto/rplidar-ros2/install/openslam_gmapping/share/ament_index/resource_index/packages/openslam_gmapping
[0.209s] -- Up-to-date: /home/hjf/auto/rplidar-ros2/install/openslam_gmapping/share/openslam_gmapping/cmake/ament_cmake_export_libraries-extras.cmake
[0.210s] -- Up-to-date: /home/hjf/auto/rplidar-ros2/install/openslam_gmapping/share/openslam_gmapping/cmake/ament_cmake_export_include_directories-extras.cmake
[0.210s] -- Up-to-date: /home/hjf/auto/rplidar-ros2/install/openslam_gmapping/share/openslam_gmapping/cmake/openslam_gmappingConfig.cmake
[0.210s] -- Up-to-date: /home/hjf/auto/rplidar-ros2/install/openslam_gmapping/share/openslam_gmapping/cmake/openslam_gmappingConfig-version.cmake
[0.210s] -- Up-to-date: /home/hjf/auto/rplidar-ros2/install/openslam_gmapping/share/openslam_gmapping/package.xml
[0.210s] -- Up-to-date: /home/hjf/auto/rplidar-ros2/install/openslam_gmapping/lib/libgridfastslam.a
[0.210s] -- Up-to-date: /home/hjf/auto/rplidar-ros2/install/openslam_gmapping/lib/libscanmatcher.a
[0.210s] -- Up-to-date: /home/hjf/auto/rplidar-ros2/install/openslam_gmapping/share/openslam_gmapping/environment/library_path.sh
[0.210s] -- Up-to-date: /home/hjf/auto/rplidar-ros2/install/openslam_gmapping/share/openslam_gmapping/environment/library_path.dsv
[0.210s] -- Up-to-date: /home/hjf/auto/rplidar-ros2/install/openslam_gmapping/lib/libsensor_base.a
[0.210s] -- Up-to-date: /home/hjf/auto/rplidar-ros2/install/openslam_gmapping/share/openslam_gmapping/environment/library_path.sh
[0.211s] -- Up-to-date: /home/hjf/auto/rplidar-ros2/install/openslam_gmapping/share/openslam_gmapping/environment/library_path.dsv
[0.211s] -- Up-to-date: /home/hjf/auto/rplidar-ros2/install/openslam_gmapping/lib/libsensor_odometry.a
[0.211s] -- Up-to-date: /home/hjf/auto/rplidar-ros2/install/openslam_gmapping/lib/libsensor_range.a
[0.211s] -- Up-to-date: /home/hjf/auto/rplidar-ros2/install/openslam_gmapping/lib/libutils.a
[0.211s] -- Up-to-date: /home/hjf/auto/rplidar-ros2/install/openslam_gmapping/share/openslam_gmapping/environment/library_path.sh
[0.211s] -- Up-to-date: /home/hjf/auto/rplidar-ros2/install/openslam_gmapping/share/openslam_gmapping/environment/library_path.dsv
[0.211s] Invoked command in '/home/hjf/auto/rplidar-ros2/build/openslam_gmapping' returned '0': CMAKE_PREFIX_PATH=${CMAKE_PREFIX_PATH}:/opt/ros/foxy /usr/bin/cmake --install /home/hjf/auto/rplidar-ros2/build/openslam_gmapping
