[0.148s] DEBUG:colcon:Command line arguments: ['/usr/bin/colcon', 'build']
[0.148s] DEBUG:colcon:Parsed command line arguments: Namespace(allow_overriding=[], ament_cmake_args=None, base_paths=['.'], build_base='build', catkin_cmake_args=None, catkin_skip_building_tests=False, cmake_args=None, cmake_clean_cache=False, cmake_clean_first=False, cmake_force_configure=False, cmake_target=None, cmake_target_skip_unavailable=False, continue_on_error=False, event_handlers=None, executor='parallel', ignore_user_meta=False, install_base='install', log_base=None, log_level=None, main=<bound method BuildVerb.main of <colcon_core.verb.build.BuildVerb object at 0x7fcb599f20d0>>, merge_install=False, metas=['./colcon.meta'], packages_above=None, packages_above_and_dependencies=None, packages_above_depth=None, packages_end=None, packages_ignore=None, packages_ignore_regex=None, packages_select=None, packages_select_build_failed=False, packages_select_by_dep=None, packages_select_regex=None, packages_select_test_failures=False, packages_skip=None, packages_skip_build_finished=False, packages_skip_by_dep=None, packages_skip_regex=None, packages_skip_test_passed=False, packages_skip_up_to=None, packages_start=None, packages_up_to=None, packages_up_to_regex=None, parallel_workers=8, paths=None, symlink_install=False, test_result_base=None, verb_extension=<colcon_core.verb.build.BuildVerb object at 0x7fcb599f20d0>, verb_name='build', verb_parser=<colcon_defaults.argument_parser.defaults.DefaultArgumentsDecorator object at 0x7fcb599f2610>)
[0.172s] Level 1:colcon.colcon_core.package_discovery:discover_packages(colcon_meta) check parameters
[0.172s] Level 1:colcon.colcon_core.package_discovery:discover_packages(recursive) check parameters
[0.172s] Level 1:colcon.colcon_core.package_discovery:discover_packages(ignore) check parameters
[0.172s] Level 1:colcon.colcon_core.package_discovery:discover_packages(path) check parameters
[0.172s] Level 1:colcon.colcon_core.package_discovery:discover_packages(colcon_meta) discover
[0.172s] Level 1:colcon.colcon_core.package_discovery:discover_packages(recursive) discover
[0.172s] INFO:colcon.colcon_core.package_discovery:Crawling recursively for packages in '/home/hjf/auto/rplidar-ros2'
[0.172s] Level 1:colcon.colcon_core.package_identification:_identify(.) by extensions ['ignore', 'ignore_ament_install']
[0.172s] Level 1:colcon.colcon_core.package_identification:_identify(.) by extension 'ignore'
[0.172s] Level 1:colcon.colcon_core.package_identification:_identify(.) by extension 'ignore_ament_install'
[0.172s] Level 1:colcon.colcon_core.package_identification:_identify(.) by extensions ['colcon_pkg']
[0.173s] Level 1:colcon.colcon_core.package_identification:_identify(.) by extension 'colcon_pkg'
[0.173s] Level 1:colcon.colcon_core.package_identification:_identify(.) by extensions ['colcon_meta']
[0.173s] Level 1:colcon.colcon_core.package_identification:_identify(.) by extension 'colcon_meta'
[0.173s] Level 1:colcon.colcon_core.package_identification:_identify(.) by extensions ['ros']
[0.173s] Level 1:colcon.colcon_core.package_identification:_identify(.) by extension 'ros'
[0.183s] Level 1:colcon.colcon_core.package_identification:_identify(.) by extensions ['cmake', 'python']
[0.183s] Level 1:colcon.colcon_core.package_identification:_identify(.) by extension 'cmake'
[0.184s] Level 1:colcon.colcon_core.package_identification:_identify(.) by extension 'python'
[0.184s] Level 1:colcon.colcon_core.package_identification:_identify(.) by extensions ['python_setup_py']
[0.184s] Level 1:colcon.colcon_core.package_identification:_identify(.) by extension 'python_setup_py'
[0.184s] Level 1:colcon.colcon_core.package_identification:_identify(build) by extensions ['ignore', 'ignore_ament_install']
[0.184s] Level 1:colcon.colcon_core.package_identification:_identify(build) by extension 'ignore'
[0.184s] Level 1:colcon.colcon_core.package_identification:_identify(build) ignored
[0.184s] Level 1:colcon.colcon_core.package_identification:_identify(install) by extensions ['ignore', 'ignore_ament_install']
[0.184s] Level 1:colcon.colcon_core.package_identification:_identify(install) by extension 'ignore'
[0.184s] Level 1:colcon.colcon_core.package_identification:_identify(install) ignored
[0.184s] Level 1:colcon.colcon_core.package_identification:_identify(log) by extensions ['ignore', 'ignore_ament_install']
[0.184s] Level 1:colcon.colcon_core.package_identification:_identify(log) by extension 'ignore'
[0.184s] Level 1:colcon.colcon_core.package_identification:_identify(log) ignored
[0.185s] Level 1:colcon.colcon_core.package_identification:_identify(src) by extensions ['ignore', 'ignore_ament_install']
[0.185s] Level 1:colcon.colcon_core.package_identification:_identify(src) by extension 'ignore'
[0.185s] Level 1:colcon.colcon_core.package_identification:_identify(src) by extension 'ignore_ament_install'
[0.185s] Level 1:colcon.colcon_core.package_identification:_identify(src) by extensions ['colcon_pkg']
[0.185s] Level 1:colcon.colcon_core.package_identification:_identify(src) by extension 'colcon_pkg'
[0.185s] Level 1:colcon.colcon_core.package_identification:_identify(src) by extensions ['colcon_meta']
[0.185s] Level 1:colcon.colcon_core.package_identification:_identify(src) by extension 'colcon_meta'
[0.185s] Level 1:colcon.colcon_core.package_identification:_identify(src) by extensions ['ros']
[0.185s] Level 1:colcon.colcon_core.package_identification:_identify(src) by extension 'ros'
[0.185s] Level 1:colcon.colcon_core.package_identification:_identify(src) by extensions ['cmake', 'python']
[0.185s] Level 1:colcon.colcon_core.package_identification:_identify(src) by extension 'cmake'
[0.185s] Level 1:colcon.colcon_core.package_identification:_identify(src) by extension 'python'
[0.185s] Level 1:colcon.colcon_core.package_identification:_identify(src) by extensions ['python_setup_py']
[0.185s] Level 1:colcon.colcon_core.package_identification:_identify(src) by extension 'python_setup_py'
[0.185s] Level 1:colcon.colcon_core.package_identification:_identify(src/cartographer_test) by extensions ['ignore', 'ignore_ament_install']
[0.185s] Level 1:colcon.colcon_core.package_identification:_identify(src/cartographer_test) by extension 'ignore'
[0.185s] Level 1:colcon.colcon_core.package_identification:_identify(src/cartographer_test) by extension 'ignore_ament_install'
[0.185s] Level 1:colcon.colcon_core.package_identification:_identify(src/cartographer_test) by extensions ['colcon_pkg']
[0.185s] Level 1:colcon.colcon_core.package_identification:_identify(src/cartographer_test) by extension 'colcon_pkg'
[0.185s] Level 1:colcon.colcon_core.package_identification:_identify(src/cartographer_test) by extensions ['colcon_meta']
[0.186s] Level 1:colcon.colcon_core.package_identification:_identify(src/cartographer_test) by extension 'colcon_meta'
[0.186s] Level 1:colcon.colcon_core.package_identification:_identify(src/cartographer_test) by extensions ['ros']
[0.186s] Level 1:colcon.colcon_core.package_identification:_identify(src/cartographer_test) by extension 'ros'
[0.188s] DEBUG:colcon.colcon_core.package_identification:Package 'src/cartographer_test' with type 'ros.ament_cmake' and name 'cartographer_test'
[0.188s] Level 1:colcon.colcon_core.package_identification:_identify(src/openslam_gmapping) by extensions ['ignore', 'ignore_ament_install']
[0.188s] Level 1:colcon.colcon_core.package_identification:_identify(src/openslam_gmapping) by extension 'ignore'
[0.188s] Level 1:colcon.colcon_core.package_identification:_identify(src/openslam_gmapping) by extension 'ignore_ament_install'
[0.188s] Level 1:colcon.colcon_core.package_identification:_identify(src/openslam_gmapping) by extensions ['colcon_pkg']
[0.188s] Level 1:colcon.colcon_core.package_identification:_identify(src/openslam_gmapping) by extension 'colcon_pkg'
[0.188s] Level 1:colcon.colcon_core.package_identification:_identify(src/openslam_gmapping) by extensions ['colcon_meta']
[0.188s] Level 1:colcon.colcon_core.package_identification:_identify(src/openslam_gmapping) by extension 'colcon_meta'
[0.188s] Level 1:colcon.colcon_core.package_identification:_identify(src/openslam_gmapping) by extensions ['ros']
[0.188s] Level 1:colcon.colcon_core.package_identification:_identify(src/openslam_gmapping) by extension 'ros'
[0.196s] DEBUG:colcon.colcon_core.package_identification:Package 'src/openslam_gmapping' with type 'ros.ament_cmake' and name 'openslam_gmapping'
[0.196s] Level 1:colcon.colcon_core.package_identification:_identify(src/slam_gmapping) by extensions ['ignore', 'ignore_ament_install']
[0.197s] Level 1:colcon.colcon_core.package_identification:_identify(src/slam_gmapping) by extension 'ignore'
[0.197s] Level 1:colcon.colcon_core.package_identification:_identify(src/slam_gmapping) by extension 'ignore_ament_install'
[0.197s] Level 1:colcon.colcon_core.package_identification:_identify(src/slam_gmapping) by extensions ['colcon_pkg']
[0.197s] Level 1:colcon.colcon_core.package_identification:_identify(src/slam_gmapping) by extension 'colcon_pkg'
[0.197s] Level 1:colcon.colcon_core.package_identification:_identify(src/slam_gmapping) by extensions ['colcon_meta']
[0.197s] Level 1:colcon.colcon_core.package_identification:_identify(src/slam_gmapping) by extension 'colcon_meta'
[0.197s] Level 1:colcon.colcon_core.package_identification:_identify(src/slam_gmapping) by extensions ['ros']
[0.197s] Level 1:colcon.colcon_core.package_identification:_identify(src/slam_gmapping) by extension 'ros'
[0.198s] DEBUG:colcon.colcon_core.package_identification:Package 'src/slam_gmapping' with type 'ros.ament_cmake' and name 'slam_gmapping'
[0.198s] Level 1:colcon.colcon_core.package_identification:_identify(src/sllidar_ros2) by extensions ['ignore', 'ignore_ament_install']
[0.198s] Level 1:colcon.colcon_core.package_identification:_identify(src/sllidar_ros2) by extension 'ignore'
[0.198s] Level 1:colcon.colcon_core.package_identification:_identify(src/sllidar_ros2) by extension 'ignore_ament_install'
[0.198s] Level 1:colcon.colcon_core.package_identification:_identify(src/sllidar_ros2) by extensions ['colcon_pkg']
[0.198s] Level 1:colcon.colcon_core.package_identification:_identify(src/sllidar_ros2) by extension 'colcon_pkg'
[0.198s] Level 1:colcon.colcon_core.package_identification:_identify(src/sllidar_ros2) by extensions ['colcon_meta']
[0.199s] Level 1:colcon.colcon_core.package_identification:_identify(src/sllidar_ros2) by extension 'colcon_meta'
[0.199s] Level 1:colcon.colcon_core.package_identification:_identify(src/sllidar_ros2) by extensions ['ros']
[0.199s] Level 1:colcon.colcon_core.package_identification:_identify(src/sllidar_ros2) by extension 'ros'
[0.199s] DEBUG:colcon.colcon_core.package_identification:Package 'src/sllidar_ros2' with type 'ros.ament_cmake' and name 'sllidar_ros2'
[0.199s] Level 1:colcon.colcon_core.package_discovery:discover_packages(recursive) using defaults
[0.199s] Level 1:colcon.colcon_core.package_discovery:discover_packages(ignore) discover
[0.199s] Level 1:colcon.colcon_core.package_discovery:discover_packages(ignore) using defaults
[0.199s] Level 1:colcon.colcon_core.package_discovery:discover_packages(path) discover
[0.199s] Level 1:colcon.colcon_core.package_discovery:discover_packages(path) using defaults
[0.218s] Level 1:colcon.colcon_core.package_discovery:discover_packages(prefix_path) check parameters
[0.218s] Level 1:colcon.colcon_core.package_discovery:discover_packages(prefix_path) discover
[0.221s] DEBUG:colcon.colcon_installed_package_information.package_discovery:Found 4 installed packages in /home/hjf/auto/rplidar-ros2/install
[0.223s] DEBUG:colcon.colcon_installed_package_information.package_discovery:Found 293 installed packages in /opt/ros/foxy
[0.224s] Level 1:colcon.colcon_core.package_discovery:discover_packages(prefix_path) using defaults
[0.295s] Level 5:colcon.colcon_core.verb:set package 'cartographer_test' build argument 'cmake_args' from command line to 'None'
[0.295s] Level 5:colcon.colcon_core.verb:set package 'cartographer_test' build argument 'cmake_target' from command line to 'None'
[0.295s] Level 5:colcon.colcon_core.verb:set package 'cartographer_test' build argument 'cmake_target_skip_unavailable' from command line to 'False'
[0.295s] Level 5:colcon.colcon_core.verb:set package 'cartographer_test' build argument 'cmake_clean_cache' from command line to 'False'
[0.295s] Level 5:colcon.colcon_core.verb:set package 'cartographer_test' build argument 'cmake_clean_first' from command line to 'False'
[0.295s] Level 5:colcon.colcon_core.verb:set package 'cartographer_test' build argument 'cmake_force_configure' from command line to 'False'
[0.295s] Level 5:colcon.colcon_core.verb:set package 'cartographer_test' build argument 'ament_cmake_args' from command line to 'None'
[0.295s] Level 5:colcon.colcon_core.verb:set package 'cartographer_test' build argument 'catkin_cmake_args' from command line to 'None'
[0.295s] Level 5:colcon.colcon_core.verb:set package 'cartographer_test' build argument 'catkin_skip_building_tests' from command line to 'False'
[0.295s] DEBUG:colcon.colcon_core.verb:Building package 'cartographer_test' with the following arguments: {'ament_cmake_args': None, 'build_base': '/home/hjf/auto/rplidar-ros2/build/cartographer_test', 'catkin_cmake_args': None, 'catkin_skip_building_tests': False, 'cmake_args': None, 'cmake_clean_cache': False, 'cmake_clean_first': False, 'cmake_force_configure': False, 'cmake_target': None, 'cmake_target_skip_unavailable': False, 'install_base': '/home/hjf/auto/rplidar-ros2/install/cartographer_test', 'merge_install': False, 'path': '/home/hjf/auto/rplidar-ros2/src/cartographer_test', 'symlink_install': False, 'test_result_base': None}
[0.296s] Level 5:colcon.colcon_core.verb:set package 'openslam_gmapping' build argument 'cmake_args' from command line to 'None'
[0.296s] Level 5:colcon.colcon_core.verb:set package 'openslam_gmapping' build argument 'cmake_target' from command line to 'None'
[0.296s] Level 5:colcon.colcon_core.verb:set package 'openslam_gmapping' build argument 'cmake_target_skip_unavailable' from command line to 'False'
[0.296s] Level 5:colcon.colcon_core.verb:set package 'openslam_gmapping' build argument 'cmake_clean_cache' from command line to 'False'
[0.296s] Level 5:colcon.colcon_core.verb:set package 'openslam_gmapping' build argument 'cmake_clean_first' from command line to 'False'
[0.296s] Level 5:colcon.colcon_core.verb:set package 'openslam_gmapping' build argument 'cmake_force_configure' from command line to 'False'
[0.296s] Level 5:colcon.colcon_core.verb:set package 'openslam_gmapping' build argument 'ament_cmake_args' from command line to 'None'
[0.296s] Level 5:colcon.colcon_core.verb:set package 'openslam_gmapping' build argument 'catkin_cmake_args' from command line to 'None'
[0.296s] Level 5:colcon.colcon_core.verb:set package 'openslam_gmapping' build argument 'catkin_skip_building_tests' from command line to 'False'
[0.296s] DEBUG:colcon.colcon_core.verb:Building package 'openslam_gmapping' with the following arguments: {'ament_cmake_args': None, 'build_base': '/home/hjf/auto/rplidar-ros2/build/openslam_gmapping', 'catkin_cmake_args': None, 'catkin_skip_building_tests': False, 'cmake_args': None, 'cmake_clean_cache': False, 'cmake_clean_first': False, 'cmake_force_configure': False, 'cmake_target': None, 'cmake_target_skip_unavailable': False, 'install_base': '/home/hjf/auto/rplidar-ros2/install/openslam_gmapping', 'merge_install': False, 'path': '/home/hjf/auto/rplidar-ros2/src/openslam_gmapping', 'symlink_install': False, 'test_result_base': None}
[0.297s] Level 5:colcon.colcon_core.verb:set package 'sllidar_ros2' build argument 'cmake_args' from command line to 'None'
[0.297s] Level 5:colcon.colcon_core.verb:set package 'sllidar_ros2' build argument 'cmake_target' from command line to 'None'
[0.297s] Level 5:colcon.colcon_core.verb:set package 'sllidar_ros2' build argument 'cmake_target_skip_unavailable' from command line to 'False'
[0.297s] Level 5:colcon.colcon_core.verb:set package 'sllidar_ros2' build argument 'cmake_clean_cache' from command line to 'False'
[0.297s] Level 5:colcon.colcon_core.verb:set package 'sllidar_ros2' build argument 'cmake_clean_first' from command line to 'False'
[0.297s] Level 5:colcon.colcon_core.verb:set package 'sllidar_ros2' build argument 'cmake_force_configure' from command line to 'False'
[0.297s] Level 5:colcon.colcon_core.verb:set package 'sllidar_ros2' build argument 'ament_cmake_args' from command line to 'None'
[0.297s] Level 5:colcon.colcon_core.verb:set package 'sllidar_ros2' build argument 'catkin_cmake_args' from command line to 'None'
[0.297s] Level 5:colcon.colcon_core.verb:set package 'sllidar_ros2' build argument 'catkin_skip_building_tests' from command line to 'False'
[0.297s] DEBUG:colcon.colcon_core.verb:Building package 'sllidar_ros2' with the following arguments: {'ament_cmake_args': None, 'build_base': '/home/hjf/auto/rplidar-ros2/build/sllidar_ros2', 'catkin_cmake_args': None, 'catkin_skip_building_tests': False, 'cmake_args': None, 'cmake_clean_cache': False, 'cmake_clean_first': False, 'cmake_force_configure': False, 'cmake_target': None, 'cmake_target_skip_unavailable': False, 'install_base': '/home/hjf/auto/rplidar-ros2/install/sllidar_ros2', 'merge_install': False, 'path': '/home/hjf/auto/rplidar-ros2/src/sllidar_ros2', 'symlink_install': False, 'test_result_base': None}
[0.298s] Level 5:colcon.colcon_core.verb:set package 'slam_gmapping' build argument 'cmake_args' from command line to 'None'
[0.298s] Level 5:colcon.colcon_core.verb:set package 'slam_gmapping' build argument 'cmake_target' from command line to 'None'
[0.298s] Level 5:colcon.colcon_core.verb:set package 'slam_gmapping' build argument 'cmake_target_skip_unavailable' from command line to 'False'
[0.298s] Level 5:colcon.colcon_core.verb:set package 'slam_gmapping' build argument 'cmake_clean_cache' from command line to 'False'
[0.298s] Level 5:colcon.colcon_core.verb:set package 'slam_gmapping' build argument 'cmake_clean_first' from command line to 'False'
[0.298s] Level 5:colcon.colcon_core.verb:set package 'slam_gmapping' build argument 'cmake_force_configure' from command line to 'False'
[0.299s] Level 5:colcon.colcon_core.verb:set package 'slam_gmapping' build argument 'ament_cmake_args' from command line to 'None'
[0.299s] Level 5:colcon.colcon_core.verb:set package 'slam_gmapping' build argument 'catkin_cmake_args' from command line to 'None'
[0.299s] Level 5:colcon.colcon_core.verb:set package 'slam_gmapping' build argument 'catkin_skip_building_tests' from command line to 'False'
[0.299s] DEBUG:colcon.colcon_core.verb:Building package 'slam_gmapping' with the following arguments: {'ament_cmake_args': None, 'build_base': '/home/hjf/auto/rplidar-ros2/build/slam_gmapping', 'catkin_cmake_args': None, 'catkin_skip_building_tests': False, 'cmake_args': None, 'cmake_clean_cache': False, 'cmake_clean_first': False, 'cmake_force_configure': False, 'cmake_target': None, 'cmake_target_skip_unavailable': False, 'install_base': '/home/hjf/auto/rplidar-ros2/install/slam_gmapping', 'merge_install': False, 'path': '/home/hjf/auto/rplidar-ros2/src/slam_gmapping', 'symlink_install': False, 'test_result_base': None}
[0.299s] INFO:colcon.colcon_core.executor:Executing jobs using 'parallel' executor
[0.303s] DEBUG:colcon.colcon_parallel_executor.executor.parallel:run_until_complete
[0.304s] INFO:colcon.colcon_ros.task.ament_cmake.build:Building ROS package in '/home/hjf/auto/rplidar-ros2/src/openslam_gmapping' with build type 'ament_cmake'
[0.304s] INFO:colcon.colcon_cmake.task.cmake.build:Building CMake package in '/home/hjf/auto/rplidar-ros2/src/openslam_gmapping'
[0.308s] INFO:colcon.colcon_core.plugin_system:Skipping extension 'colcon_core.shell.bat': Not used on non-Windows systems
[0.308s] INFO:colcon.colcon_core.shell:Skip shell extension 'powershell' for command environment: Not usable outside of PowerShell
[0.308s] DEBUG:colcon.colcon_core.shell:Skip shell extension 'dsv' for command environment
[0.314s] INFO:colcon.colcon_ros.task.ament_cmake.build:Building ROS package in '/home/hjf/auto/rplidar-ros2/src/cartographer_test' with build type 'ament_cmake'
[0.314s] INFO:colcon.colcon_cmake.task.cmake.build:Building CMake package in '/home/hjf/auto/rplidar-ros2/src/cartographer_test'
[0.315s] INFO:colcon.colcon_core.shell:Skip shell extension 'powershell' for command environment: Not usable outside of PowerShell
[0.315s] DEBUG:colcon.colcon_core.shell:Skip shell extension 'dsv' for command environment
[0.322s] INFO:colcon.colcon_ros.task.ament_cmake.build:Building ROS package in '/home/hjf/auto/rplidar-ros2/src/sllidar_ros2' with build type 'ament_cmake'
[0.322s] INFO:colcon.colcon_cmake.task.cmake.build:Building CMake package in '/home/hjf/auto/rplidar-ros2/src/sllidar_ros2'
[0.324s] INFO:colcon.colcon_core.shell:Skip shell extension 'powershell' for command environment: Not usable outside of PowerShell
[0.325s] DEBUG:colcon.colcon_core.shell:Skip shell extension 'dsv' for command environment
[0.337s] DEBUG:colcon.colcon_core.event_handler.log_command:Invoking command in '/home/hjf/auto/rplidar-ros2/build/openslam_gmapping': CMAKE_PREFIX_PATH=${CMAKE_PREFIX_PATH}:/opt/ros/foxy /usr/bin/cmake --build /home/hjf/auto/rplidar-ros2/build/openslam_gmapping -- -j8 -l8
[0.342s] DEBUG:colcon.colcon_core.event_handler.log_command:Invoking command in '/home/hjf/auto/rplidar-ros2/build/cartographer_test': CMAKE_PREFIX_PATH=${CMAKE_PREFIX_PATH}:/opt/ros/foxy /usr/bin/cmake --build /home/hjf/auto/rplidar-ros2/build/cartographer_test -- -j8 -l8
[0.348s] DEBUG:colcon.colcon_core.event_handler.log_command:Invoking command in '/home/hjf/auto/rplidar-ros2/build/sllidar_ros2': CMAKE_PREFIX_PATH=${CMAKE_PREFIX_PATH}:/opt/ros/foxy /usr/bin/cmake --build /home/hjf/auto/rplidar-ros2/build/sllidar_ros2 -- -j8 -l8
[0.376s] DEBUG:colcon.colcon_core.event_handler.log_command:Invoked command in '/home/hjf/auto/rplidar-ros2/build/cartographer_test' returned '0': CMAKE_PREFIX_PATH=${CMAKE_PREFIX_PATH}:/opt/ros/foxy /usr/bin/cmake --build /home/hjf/auto/rplidar-ros2/build/cartographer_test -- -j8 -l8
[0.408s] DEBUG:colcon.colcon_core.event_handler.log_command:Invoking command in '/home/hjf/auto/rplidar-ros2/build/cartographer_test': CMAKE_PREFIX_PATH=${CMAKE_PREFIX_PATH}:/opt/ros/foxy /usr/bin/cmake --install /home/hjf/auto/rplidar-ros2/build/cartographer_test
[0.418s] Level 1:colcon.colcon_core.environment:create_environment_scripts_only(cartographer_test)
[0.422s] DEBUG:colcon.colcon_core.event_handler.log_command:Invoked command in '/home/hjf/auto/rplidar-ros2/build/cartographer_test' returned '0': CMAKE_PREFIX_PATH=${CMAKE_PREFIX_PATH}:/opt/ros/foxy /usr/bin/cmake --install /home/hjf/auto/rplidar-ros2/build/cartographer_test
[0.425s] Level 1:colcon.colcon_core.environment:checking '/home/hjf/auto/rplidar-ros2/install/cartographer_test' for CMake module files
[0.426s] Level 1:colcon.colcon_core.environment:checking '/home/hjf/auto/rplidar-ros2/install/cartographer_test' for CMake config files
[0.426s] Level 1:colcon.colcon_core.shell:create_environment_hook('cartographer_test', 'cmake_prefix_path')
[0.428s] INFO:colcon.colcon_core.shell:Creating environment hook '/home/hjf/auto/rplidar-ros2/install/cartographer_test/share/cartographer_test/hook/cmake_prefix_path.ps1'
[0.428s] INFO:colcon.colcon_core.shell:Creating environment descriptor '/home/hjf/auto/rplidar-ros2/install/cartographer_test/share/cartographer_test/hook/cmake_prefix_path.dsv'
[0.429s] INFO:colcon.colcon_core.shell:Creating environment hook '/home/hjf/auto/rplidar-ros2/install/cartographer_test/share/cartographer_test/hook/cmake_prefix_path.sh'
[0.430s] Level 1:colcon.colcon_core.environment:checking '/home/hjf/auto/rplidar-ros2/install/cartographer_test/bin'
[0.430s] Level 1:colcon.colcon_core.environment:checking '/home/hjf/auto/rplidar-ros2/install/cartographer_test/lib/pkgconfig/cartographer_test.pc'
[0.430s] Level 1:colcon.colcon_core.environment:checking '/home/hjf/auto/rplidar-ros2/install/cartographer_test/lib/python3.8/site-packages'
[0.430s] Level 1:colcon.colcon_core.environment:checking '/home/hjf/auto/rplidar-ros2/install/cartographer_test/bin'
[0.432s] INFO:colcon.colcon_core.shell:Creating package script '/home/hjf/auto/rplidar-ros2/install/cartographer_test/share/cartographer_test/package.ps1'
[0.432s] INFO:colcon.colcon_core.shell:Creating package descriptor '/home/hjf/auto/rplidar-ros2/install/cartographer_test/share/cartographer_test/package.dsv'
[0.433s] INFO:colcon.colcon_core.shell:Creating package script '/home/hjf/auto/rplidar-ros2/install/cartographer_test/share/cartographer_test/package.sh'
[0.434s] INFO:colcon.colcon_core.shell:Creating package script '/home/hjf/auto/rplidar-ros2/install/cartographer_test/share/cartographer_test/package.bash'
[0.435s] INFO:colcon.colcon_core.shell:Creating package script '/home/hjf/auto/rplidar-ros2/install/cartographer_test/share/cartographer_test/package.zsh'
[0.435s] Level 1:colcon.colcon_core.environment:create_file_with_runtime_dependencies(/home/hjf/auto/rplidar-ros2/install/cartographer_test/share/colcon-core/packages/cartographer_test)
[0.440s] DEBUG:colcon.colcon_core.event_handler.log_command:Invoked command in '/home/hjf/auto/rplidar-ros2/build/sllidar_ros2' returned '0': CMAKE_PREFIX_PATH=${CMAKE_PREFIX_PATH}:/opt/ros/foxy /usr/bin/cmake --build /home/hjf/auto/rplidar-ros2/build/sllidar_ros2 -- -j8 -l8
[0.454s] Level 1:colcon.colcon_core.environment:create_environment_scripts_only(cartographer_test)
[0.456s] Level 1:colcon.colcon_core.environment:checking '/home/hjf/auto/rplidar-ros2/install/cartographer_test' for CMake module files
[0.457s] Level 1:colcon.colcon_core.environment:checking '/home/hjf/auto/rplidar-ros2/install/cartographer_test' for CMake config files
[0.457s] Level 1:colcon.colcon_core.shell:create_environment_hook('cartographer_test', 'cmake_prefix_path')
[0.458s] INFO:colcon.colcon_core.shell:Creating environment hook '/home/hjf/auto/rplidar-ros2/install/cartographer_test/share/cartographer_test/hook/cmake_prefix_path.ps1'
[0.459s] INFO:colcon.colcon_core.shell:Creating environment descriptor '/home/hjf/auto/rplidar-ros2/install/cartographer_test/share/cartographer_test/hook/cmake_prefix_path.dsv'
[0.459s] INFO:colcon.colcon_core.shell:Creating environment hook '/home/hjf/auto/rplidar-ros2/install/cartographer_test/share/cartographer_test/hook/cmake_prefix_path.sh'
[0.460s] Level 1:colcon.colcon_core.environment:checking '/home/hjf/auto/rplidar-ros2/install/cartographer_test/bin'
[0.460s] Level 1:colcon.colcon_core.environment:checking '/home/hjf/auto/rplidar-ros2/install/cartographer_test/lib/pkgconfig/cartographer_test.pc'
[0.460s] Level 1:colcon.colcon_core.environment:checking '/home/hjf/auto/rplidar-ros2/install/cartographer_test/lib/python3.8/site-packages'
[0.460s] Level 1:colcon.colcon_core.environment:checking '/home/hjf/auto/rplidar-ros2/install/cartographer_test/bin'
[0.461s] INFO:colcon.colcon_core.shell:Creating package script '/home/hjf/auto/rplidar-ros2/install/cartographer_test/share/cartographer_test/package.ps1'
[0.462s] INFO:colcon.colcon_core.shell:Creating package descriptor '/home/hjf/auto/rplidar-ros2/install/cartographer_test/share/cartographer_test/package.dsv'
[0.462s] INFO:colcon.colcon_core.shell:Creating package script '/home/hjf/auto/rplidar-ros2/install/cartographer_test/share/cartographer_test/package.sh'
[0.463s] INFO:colcon.colcon_core.shell:Creating package script '/home/hjf/auto/rplidar-ros2/install/cartographer_test/share/cartographer_test/package.bash'
[0.463s] INFO:colcon.colcon_core.shell:Creating package script '/home/hjf/auto/rplidar-ros2/install/cartographer_test/share/cartographer_test/package.zsh'
[0.463s] Level 1:colcon.colcon_core.environment:create_file_with_runtime_dependencies(/home/hjf/auto/rplidar-ros2/install/cartographer_test/share/colcon-core/packages/cartographer_test)
[0.465s] DEBUG:colcon.colcon_core.event_handler.log_command:Invoked command in '/home/hjf/auto/rplidar-ros2/build/openslam_gmapping' returned '0': CMAKE_PREFIX_PATH=${CMAKE_PREFIX_PATH}:/opt/ros/foxy /usr/bin/cmake --build /home/hjf/auto/rplidar-ros2/build/openslam_gmapping -- -j8 -l8
[0.475s] DEBUG:colcon.colcon_core.event_handler.log_command:Invoking command in '/home/hjf/auto/rplidar-ros2/build/sllidar_ros2': CMAKE_PREFIX_PATH=${CMAKE_PREFIX_PATH}:/opt/ros/foxy /usr/bin/cmake --install /home/hjf/auto/rplidar-ros2/build/sllidar_ros2
[0.490s] Level 1:colcon.colcon_core.environment:create_environment_scripts_only(sllidar_ros2)
[0.493s] Level 1:colcon.colcon_core.environment:checking '/home/hjf/auto/rplidar-ros2/install/sllidar_ros2' for CMake module files
[0.494s] Level 1:colcon.colcon_core.environment:checking '/home/hjf/auto/rplidar-ros2/install/sllidar_ros2' for CMake config files
[0.494s] DEBUG:colcon.colcon_core.event_handler.log_command:Invoking command in '/home/hjf/auto/rplidar-ros2/build/openslam_gmapping': CMAKE_PREFIX_PATH=${CMAKE_PREFIX_PATH}:/opt/ros/foxy /usr/bin/cmake --install /home/hjf/auto/rplidar-ros2/build/openslam_gmapping
[0.495s] DEBUG:colcon.colcon_core.event_handler.log_command:Invoked command in '/home/hjf/auto/rplidar-ros2/build/sllidar_ros2' returned '0': CMAKE_PREFIX_PATH=${CMAKE_PREFIX_PATH}:/opt/ros/foxy /usr/bin/cmake --install /home/hjf/auto/rplidar-ros2/build/sllidar_ros2
[0.495s] Level 1:colcon.colcon_core.shell:create_environment_hook('sllidar_ros2', 'cmake_prefix_path')
[0.496s] INFO:colcon.colcon_core.shell:Creating environment hook '/home/hjf/auto/rplidar-ros2/install/sllidar_ros2/share/sllidar_ros2/hook/cmake_prefix_path.ps1'
[0.497s] INFO:colcon.colcon_core.shell:Creating environment descriptor '/home/hjf/auto/rplidar-ros2/install/sllidar_ros2/share/sllidar_ros2/hook/cmake_prefix_path.dsv'
[0.498s] INFO:colcon.colcon_core.shell:Creating environment hook '/home/hjf/auto/rplidar-ros2/install/sllidar_ros2/share/sllidar_ros2/hook/cmake_prefix_path.sh'
[0.499s] Level 1:colcon.colcon_core.environment:checking '/home/hjf/auto/rplidar-ros2/install/sllidar_ros2/lib'
[0.500s] Level 1:colcon.colcon_core.environment:checking '/home/hjf/auto/rplidar-ros2/install/sllidar_ros2/bin'
[0.500s] Level 1:colcon.colcon_core.environment:checking '/home/hjf/auto/rplidar-ros2/install/sllidar_ros2/lib/pkgconfig/sllidar_ros2.pc'
[0.500s] Level 1:colcon.colcon_core.environment:checking '/home/hjf/auto/rplidar-ros2/install/sllidar_ros2/lib/python3.8/site-packages'
[0.501s] Level 1:colcon.colcon_core.environment:checking '/home/hjf/auto/rplidar-ros2/install/sllidar_ros2/bin'
[0.503s] INFO:colcon.colcon_core.shell:Creating package script '/home/hjf/auto/rplidar-ros2/install/sllidar_ros2/share/sllidar_ros2/package.ps1'
[0.503s] INFO:colcon.colcon_core.shell:Creating package descriptor '/home/hjf/auto/rplidar-ros2/install/sllidar_ros2/share/sllidar_ros2/package.dsv'
[0.504s] INFO:colcon.colcon_core.shell:Creating package script '/home/hjf/auto/rplidar-ros2/install/sllidar_ros2/share/sllidar_ros2/package.sh'
[0.505s] INFO:colcon.colcon_core.shell:Creating package script '/home/hjf/auto/rplidar-ros2/install/sllidar_ros2/share/sllidar_ros2/package.bash'
[0.506s] INFO:colcon.colcon_core.shell:Creating package script '/home/hjf/auto/rplidar-ros2/install/sllidar_ros2/share/sllidar_ros2/package.zsh'
[0.506s] Level 1:colcon.colcon_core.environment:create_file_with_runtime_dependencies(/home/hjf/auto/rplidar-ros2/install/sllidar_ros2/share/colcon-core/packages/sllidar_ros2)
[0.510s] Level 1:colcon.colcon_core.environment:create_environment_scripts_only(openslam_gmapping)
[0.513s] Level 1:colcon.colcon_core.environment:checking '/home/hjf/auto/rplidar-ros2/install/openslam_gmapping' for CMake module files
[0.514s] Level 1:colcon.colcon_core.environment:checking '/home/hjf/auto/rplidar-ros2/install/openslam_gmapping' for CMake config files
[0.517s] DEBUG:colcon.colcon_core.event_handler.log_command:Invoked command in '/home/hjf/auto/rplidar-ros2/build/openslam_gmapping' returned '0': CMAKE_PREFIX_PATH=${CMAKE_PREFIX_PATH}:/opt/ros/foxy /usr/bin/cmake --install /home/hjf/auto/rplidar-ros2/build/openslam_gmapping
[0.517s] Level 1:colcon.colcon_core.shell:create_environment_hook('openslam_gmapping', 'cmake_prefix_path')
[0.518s] INFO:colcon.colcon_core.shell:Creating environment hook '/home/hjf/auto/rplidar-ros2/install/openslam_gmapping/share/openslam_gmapping/hook/cmake_prefix_path.ps1'
[0.519s] INFO:colcon.colcon_core.shell:Creating environment descriptor '/home/hjf/auto/rplidar-ros2/install/openslam_gmapping/share/openslam_gmapping/hook/cmake_prefix_path.dsv'
[0.519s] INFO:colcon.colcon_core.shell:Creating environment hook '/home/hjf/auto/rplidar-ros2/install/openslam_gmapping/share/openslam_gmapping/hook/cmake_prefix_path.sh'
[0.520s] Level 1:colcon.colcon_core.environment:checking '/home/hjf/auto/rplidar-ros2/install/openslam_gmapping/lib'
[0.520s] Level 1:colcon.colcon_core.environment:checking '/home/hjf/auto/rplidar-ros2/install/openslam_gmapping/bin'
[0.520s] Level 1:colcon.colcon_core.environment:checking '/home/hjf/auto/rplidar-ros2/install/openslam_gmapping/lib/pkgconfig/openslam_gmapping.pc'
[0.520s] Level 1:colcon.colcon_core.environment:checking '/home/hjf/auto/rplidar-ros2/install/openslam_gmapping/lib/python3.8/site-packages'
[0.520s] Level 1:colcon.colcon_core.environment:checking '/home/hjf/auto/rplidar-ros2/install/openslam_gmapping/bin'
[0.522s] INFO:colcon.colcon_core.shell:Creating package script '/home/hjf/auto/rplidar-ros2/install/openslam_gmapping/share/openslam_gmapping/package.ps1'
[0.522s] INFO:colcon.colcon_core.shell:Creating package descriptor '/home/hjf/auto/rplidar-ros2/install/openslam_gmapping/share/openslam_gmapping/package.dsv'
[0.522s] INFO:colcon.colcon_core.shell:Creating package script '/home/hjf/auto/rplidar-ros2/install/openslam_gmapping/share/openslam_gmapping/package.sh'
[0.523s] INFO:colcon.colcon_core.shell:Creating package script '/home/hjf/auto/rplidar-ros2/install/openslam_gmapping/share/openslam_gmapping/package.bash'
[0.523s] INFO:colcon.colcon_core.shell:Creating package script '/home/hjf/auto/rplidar-ros2/install/openslam_gmapping/share/openslam_gmapping/package.zsh'
[0.523s] Level 1:colcon.colcon_core.environment:create_file_with_runtime_dependencies(/home/hjf/auto/rplidar-ros2/install/openslam_gmapping/share/colcon-core/packages/openslam_gmapping)
[0.543s] Level 1:colcon.colcon_core.environment:create_environment_scripts_only(sllidar_ros2)
[0.545s] Level 1:colcon.colcon_core.environment:checking '/home/hjf/auto/rplidar-ros2/install/sllidar_ros2' for CMake module files
[0.545s] Level 1:colcon.colcon_core.environment:checking '/home/hjf/auto/rplidar-ros2/install/sllidar_ros2' for CMake config files
[0.545s] Level 1:colcon.colcon_core.shell:create_environment_hook('sllidar_ros2', 'cmake_prefix_path')
[0.547s] INFO:colcon.colcon_core.shell:Creating environment hook '/home/hjf/auto/rplidar-ros2/install/sllidar_ros2/share/sllidar_ros2/hook/cmake_prefix_path.ps1'
[0.547s] INFO:colcon.colcon_core.shell:Creating environment descriptor '/home/hjf/auto/rplidar-ros2/install/sllidar_ros2/share/sllidar_ros2/hook/cmake_prefix_path.dsv'
[0.547s] INFO:colcon.colcon_core.shell:Creating environment hook '/home/hjf/auto/rplidar-ros2/install/sllidar_ros2/share/sllidar_ros2/hook/cmake_prefix_path.sh'
[0.548s] Level 1:colcon.colcon_core.environment:checking '/home/hjf/auto/rplidar-ros2/install/sllidar_ros2/lib'
[0.548s] Level 1:colcon.colcon_core.environment:checking '/home/hjf/auto/rplidar-ros2/install/sllidar_ros2/bin'
[0.548s] Level 1:colcon.colcon_core.environment:checking '/home/hjf/auto/rplidar-ros2/install/sllidar_ros2/lib/pkgconfig/sllidar_ros2.pc'
[0.548s] Level 1:colcon.colcon_core.environment:checking '/home/hjf/auto/rplidar-ros2/install/sllidar_ros2/lib/python3.8/site-packages'
[0.548s] Level 1:colcon.colcon_core.environment:checking '/home/hjf/auto/rplidar-ros2/install/sllidar_ros2/bin'
[0.550s] INFO:colcon.colcon_core.shell:Creating package script '/home/hjf/auto/rplidar-ros2/install/sllidar_ros2/share/sllidar_ros2/package.ps1'
[0.550s] INFO:colcon.colcon_core.shell:Creating package descriptor '/home/hjf/auto/rplidar-ros2/install/sllidar_ros2/share/sllidar_ros2/package.dsv'
[0.551s] INFO:colcon.colcon_core.shell:Creating package script '/home/hjf/auto/rplidar-ros2/install/sllidar_ros2/share/sllidar_ros2/package.sh'
[0.551s] INFO:colcon.colcon_core.shell:Creating package script '/home/hjf/auto/rplidar-ros2/install/sllidar_ros2/share/sllidar_ros2/package.bash'
[0.551s] INFO:colcon.colcon_core.shell:Creating package script '/home/hjf/auto/rplidar-ros2/install/sllidar_ros2/share/sllidar_ros2/package.zsh'
[0.552s] Level 1:colcon.colcon_core.environment:create_file_with_runtime_dependencies(/home/hjf/auto/rplidar-ros2/install/sllidar_ros2/share/colcon-core/packages/sllidar_ros2)
[0.554s] Level 1:colcon.colcon_core.environment:create_environment_scripts_only(openslam_gmapping)
[0.556s] Level 1:colcon.colcon_core.environment:checking '/home/hjf/auto/rplidar-ros2/install/openslam_gmapping' for CMake module files
[0.557s] Level 1:colcon.colcon_core.environment:checking '/home/hjf/auto/rplidar-ros2/install/openslam_gmapping' for CMake config files
[0.557s] Level 1:colcon.colcon_core.shell:create_environment_hook('openslam_gmapping', 'cmake_prefix_path')
[0.558s] INFO:colcon.colcon_core.shell:Creating environment hook '/home/hjf/auto/rplidar-ros2/install/openslam_gmapping/share/openslam_gmapping/hook/cmake_prefix_path.ps1'
[0.559s] INFO:colcon.colcon_core.shell:Creating environment descriptor '/home/hjf/auto/rplidar-ros2/install/openslam_gmapping/share/openslam_gmapping/hook/cmake_prefix_path.dsv'
[0.559s] INFO:colcon.colcon_core.shell:Creating environment hook '/home/hjf/auto/rplidar-ros2/install/openslam_gmapping/share/openslam_gmapping/hook/cmake_prefix_path.sh'
[0.559s] Level 1:colcon.colcon_core.environment:checking '/home/hjf/auto/rplidar-ros2/install/openslam_gmapping/lib'
[0.560s] Level 1:colcon.colcon_core.environment:checking '/home/hjf/auto/rplidar-ros2/install/openslam_gmapping/bin'
[0.560s] Level 1:colcon.colcon_core.environment:checking '/home/hjf/auto/rplidar-ros2/install/openslam_gmapping/lib/pkgconfig/openslam_gmapping.pc'
[0.560s] Level 1:colcon.colcon_core.environment:checking '/home/hjf/auto/rplidar-ros2/install/openslam_gmapping/lib/python3.8/site-packages'
[0.560s] Level 1:colcon.colcon_core.environment:checking '/home/hjf/auto/rplidar-ros2/install/openslam_gmapping/bin'
[0.561s] INFO:colcon.colcon_core.shell:Creating package script '/home/hjf/auto/rplidar-ros2/install/openslam_gmapping/share/openslam_gmapping/package.ps1'
[0.562s] INFO:colcon.colcon_core.shell:Creating package descriptor '/home/hjf/auto/rplidar-ros2/install/openslam_gmapping/share/openslam_gmapping/package.dsv'
[0.562s] INFO:colcon.colcon_core.shell:Creating package script '/home/hjf/auto/rplidar-ros2/install/openslam_gmapping/share/openslam_gmapping/package.sh'
[0.562s] INFO:colcon.colcon_core.shell:Creating package script '/home/hjf/auto/rplidar-ros2/install/openslam_gmapping/share/openslam_gmapping/package.bash'
[0.563s] INFO:colcon.colcon_core.shell:Creating package script '/home/hjf/auto/rplidar-ros2/install/openslam_gmapping/share/openslam_gmapping/package.zsh'
[0.563s] Level 1:colcon.colcon_core.environment:create_file_with_runtime_dependencies(/home/hjf/auto/rplidar-ros2/install/openslam_gmapping/share/colcon-core/packages/openslam_gmapping)
[0.563s] INFO:colcon.colcon_ros.task.ament_cmake.build:Building ROS package in '/home/hjf/auto/rplidar-ros2/src/slam_gmapping' with build type 'ament_cmake'
[0.563s] INFO:colcon.colcon_cmake.task.cmake.build:Building CMake package in '/home/hjf/auto/rplidar-ros2/src/slam_gmapping'
[0.565s] INFO:colcon.colcon_core.shell:Skip shell extension 'powershell' for command environment: Not usable outside of PowerShell
[0.565s] DEBUG:colcon.colcon_core.shell:Skip shell extension 'dsv' for command environment
[0.577s] DEBUG:colcon.colcon_core.event_handler.log_command:Invoking command in '/home/hjf/auto/rplidar-ros2/build/slam_gmapping': CMAKE_PREFIX_PATH=/home/hjf/auto/rplidar-ros2/install/openslam_gmapping:/home/hjf/auto/rplidar-ros2/install/sllidar_ros2:/home/hjf/auto/rplidar-ros2/install/slam_gmapping:/home/hjf/auto/rplidar-ros2/install/cartographer_test:/opt/ros/foxy /usr/bin/cmake --build /home/hjf/auto/rplidar-ros2/build/slam_gmapping -- -j8 -l8
[0.644s] DEBUG:colcon.colcon_core.event_handler.log_command:Invoked command in '/home/hjf/auto/rplidar-ros2/build/slam_gmapping' returned '0': CMAKE_PREFIX_PATH=/home/hjf/auto/rplidar-ros2/install/openslam_gmapping:/home/hjf/auto/rplidar-ros2/install/sllidar_ros2:/home/hjf/auto/rplidar-ros2/install/slam_gmapping:/home/hjf/auto/rplidar-ros2/install/cartographer_test:/opt/ros/foxy /usr/bin/cmake --build /home/hjf/auto/rplidar-ros2/build/slam_gmapping -- -j8 -l8
[0.667s] DEBUG:colcon.colcon_core.event_handler.log_command:Invoking command in '/home/hjf/auto/rplidar-ros2/build/slam_gmapping': CMAKE_PREFIX_PATH=/home/hjf/auto/rplidar-ros2/install/openslam_gmapping:/home/hjf/auto/rplidar-ros2/install/sllidar_ros2:/home/hjf/auto/rplidar-ros2/install/slam_gmapping:/home/hjf/auto/rplidar-ros2/install/cartographer_test:/opt/ros/foxy /usr/bin/cmake --install /home/hjf/auto/rplidar-ros2/build/slam_gmapping
[0.679s] Level 1:colcon.colcon_core.environment:create_environment_scripts_only(slam_gmapping)
[0.681s] Level 1:colcon.colcon_core.environment:checking '/home/hjf/auto/rplidar-ros2/install/slam_gmapping' for CMake module files
[0.682s] DEBUG:colcon.colcon_core.event_handler.log_command:Invoked command in '/home/hjf/auto/rplidar-ros2/build/slam_gmapping' returned '0': CMAKE_PREFIX_PATH=/home/hjf/auto/rplidar-ros2/install/openslam_gmapping:/home/hjf/auto/rplidar-ros2/install/sllidar_ros2:/home/hjf/auto/rplidar-ros2/install/slam_gmapping:/home/hjf/auto/rplidar-ros2/install/cartographer_test:/opt/ros/foxy /usr/bin/cmake --install /home/hjf/auto/rplidar-ros2/build/slam_gmapping
[0.682s] Level 1:colcon.colcon_core.environment:checking '/home/hjf/auto/rplidar-ros2/install/slam_gmapping' for CMake config files
[0.682s] Level 1:colcon.colcon_core.shell:create_environment_hook('slam_gmapping', 'cmake_prefix_path')
[0.684s] INFO:colcon.colcon_core.shell:Creating environment hook '/home/hjf/auto/rplidar-ros2/install/slam_gmapping/share/slam_gmapping/hook/cmake_prefix_path.ps1'
[0.684s] INFO:colcon.colcon_core.shell:Creating environment descriptor '/home/hjf/auto/rplidar-ros2/install/slam_gmapping/share/slam_gmapping/hook/cmake_prefix_path.dsv'
[0.685s] INFO:colcon.colcon_core.shell:Creating environment hook '/home/hjf/auto/rplidar-ros2/install/slam_gmapping/share/slam_gmapping/hook/cmake_prefix_path.sh'
[0.685s] Level 1:colcon.colcon_core.environment:checking '/home/hjf/auto/rplidar-ros2/install/slam_gmapping/lib'
[0.685s] Level 1:colcon.colcon_core.environment:checking '/home/hjf/auto/rplidar-ros2/install/slam_gmapping/bin'
[0.685s] Level 1:colcon.colcon_core.environment:checking '/home/hjf/auto/rplidar-ros2/install/slam_gmapping/lib/pkgconfig/slam_gmapping.pc'
[0.685s] Level 1:colcon.colcon_core.environment:checking '/home/hjf/auto/rplidar-ros2/install/slam_gmapping/lib/python3.8/site-packages'
[0.686s] Level 1:colcon.colcon_core.environment:checking '/home/hjf/auto/rplidar-ros2/install/slam_gmapping/bin'
[0.687s] INFO:colcon.colcon_core.shell:Creating package script '/home/hjf/auto/rplidar-ros2/install/slam_gmapping/share/slam_gmapping/package.ps1'
[0.687s] INFO:colcon.colcon_core.shell:Creating package descriptor '/home/hjf/auto/rplidar-ros2/install/slam_gmapping/share/slam_gmapping/package.dsv'
[0.688s] INFO:colcon.colcon_core.shell:Creating package script '/home/hjf/auto/rplidar-ros2/install/slam_gmapping/share/slam_gmapping/package.sh'
[0.688s] INFO:colcon.colcon_core.shell:Creating package script '/home/hjf/auto/rplidar-ros2/install/slam_gmapping/share/slam_gmapping/package.bash'
[0.688s] INFO:colcon.colcon_core.shell:Creating package script '/home/hjf/auto/rplidar-ros2/install/slam_gmapping/share/slam_gmapping/package.zsh'
[0.689s] Level 1:colcon.colcon_core.environment:create_file_with_runtime_dependencies(/home/hjf/auto/rplidar-ros2/install/slam_gmapping/share/colcon-core/packages/slam_gmapping)
[0.712s] Level 1:colcon.colcon_core.environment:create_environment_scripts_only(slam_gmapping)
[0.714s] Level 1:colcon.colcon_core.environment:checking '/home/hjf/auto/rplidar-ros2/install/slam_gmapping' for CMake module files
[0.715s] Level 1:colcon.colcon_core.environment:checking '/home/hjf/auto/rplidar-ros2/install/slam_gmapping' for CMake config files
[0.715s] Level 1:colcon.colcon_core.shell:create_environment_hook('slam_gmapping', 'cmake_prefix_path')
[0.716s] INFO:colcon.colcon_core.shell:Creating environment hook '/home/hjf/auto/rplidar-ros2/install/slam_gmapping/share/slam_gmapping/hook/cmake_prefix_path.ps1'
[0.717s] INFO:colcon.colcon_core.shell:Creating environment descriptor '/home/hjf/auto/rplidar-ros2/install/slam_gmapping/share/slam_gmapping/hook/cmake_prefix_path.dsv'
[0.717s] INFO:colcon.colcon_core.shell:Creating environment hook '/home/hjf/auto/rplidar-ros2/install/slam_gmapping/share/slam_gmapping/hook/cmake_prefix_path.sh'
[0.717s] Level 1:colcon.colcon_core.environment:checking '/home/hjf/auto/rplidar-ros2/install/slam_gmapping/lib'
[0.718s] Level 1:colcon.colcon_core.environment:checking '/home/hjf/auto/rplidar-ros2/install/slam_gmapping/bin'
[0.718s] Level 1:colcon.colcon_core.environment:checking '/home/hjf/auto/rplidar-ros2/install/slam_gmapping/lib/pkgconfig/slam_gmapping.pc'
[0.718s] Level 1:colcon.colcon_core.environment:checking '/home/hjf/auto/rplidar-ros2/install/slam_gmapping/lib/python3.8/site-packages'
[0.718s] Level 1:colcon.colcon_core.environment:checking '/home/hjf/auto/rplidar-ros2/install/slam_gmapping/bin'
[0.719s] INFO:colcon.colcon_core.shell:Creating package script '/home/hjf/auto/rplidar-ros2/install/slam_gmapping/share/slam_gmapping/package.ps1'
[0.720s] INFO:colcon.colcon_core.shell:Creating package descriptor '/home/hjf/auto/rplidar-ros2/install/slam_gmapping/share/slam_gmapping/package.dsv'
[0.720s] INFO:colcon.colcon_core.shell:Creating package script '/home/hjf/auto/rplidar-ros2/install/slam_gmapping/share/slam_gmapping/package.sh'
[0.721s] INFO:colcon.colcon_core.shell:Creating package script '/home/hjf/auto/rplidar-ros2/install/slam_gmapping/share/slam_gmapping/package.bash'
[0.721s] INFO:colcon.colcon_core.shell:Creating package script '/home/hjf/auto/rplidar-ros2/install/slam_gmapping/share/slam_gmapping/package.zsh'
[0.722s] Level 1:colcon.colcon_core.environment:create_file_with_runtime_dependencies(/home/hjf/auto/rplidar-ros2/install/slam_gmapping/share/colcon-core/packages/slam_gmapping)
[0.722s] DEBUG:colcon.colcon_parallel_executor.executor.parallel:closing loop
[0.722s] DEBUG:colcon.colcon_parallel_executor.executor.parallel:loop closed
[0.722s] DEBUG:colcon.colcon_parallel_executor.executor.parallel:run_until_complete finished with '0'
[0.723s] DEBUG:colcon.colcon_core.event_reactor:joining thread
[0.729s] INFO:colcon.colcon_core.plugin_system:Skipping extension 'colcon_notification.desktop_notification.terminal_notifier': Not used on non-Darwin systems
[0.729s] INFO:colcon.colcon_core.plugin_system:Skipping extension 'colcon_notification.desktop_notification.win32': Not used on non-Windows systems
[0.729s] INFO:colcon.colcon_notification.desktop_notification:Sending desktop notification using 'notify2'
[0.741s] DEBUG:colcon.colcon_core.event_reactor:joined thread
[0.742s] INFO:colcon.colcon_core.shell:Creating prefix script '/home/hjf/auto/rplidar-ros2/install/local_setup.ps1'
[0.743s] INFO:colcon.colcon_core.shell:Creating prefix util module '/home/hjf/auto/rplidar-ros2/install/_local_setup_util_ps1.py'
[0.745s] INFO:colcon.colcon_core.shell:Creating prefix chain script '/home/hjf/auto/rplidar-ros2/install/setup.ps1'
[0.747s] INFO:colcon.colcon_core.shell:Creating prefix script '/home/hjf/auto/rplidar-ros2/install/local_setup.sh'
[0.747s] INFO:colcon.colcon_core.shell:Creating prefix util module '/home/hjf/auto/rplidar-ros2/install/_local_setup_util_sh.py'
[0.748s] INFO:colcon.colcon_core.shell:Creating prefix chain script '/home/hjf/auto/rplidar-ros2/install/setup.sh'
[0.749s] INFO:colcon.colcon_core.shell:Creating prefix script '/home/hjf/auto/rplidar-ros2/install/local_setup.bash'
[0.749s] INFO:colcon.colcon_core.shell:Creating prefix chain script '/home/hjf/auto/rplidar-ros2/install/setup.bash'
[0.751s] INFO:colcon.colcon_core.shell:Creating prefix script '/home/hjf/auto/rplidar-ros2/install/local_setup.zsh'
[0.751s] INFO:colcon.colcon_core.shell:Creating prefix chain script '/home/hjf/auto/rplidar-ros2/install/setup.zsh'
