[0.033s] Invoking command in '/home/hjf/auto/rplidar-ros2/build/openslam_gmapping': CMAKE_PREFIX_PATH=/opt/ros/foxy /usr/bin/cmake /home/hjf/auto/rplidar-ros2/src/openslam_gmapping -DCMAKE_INSTALL_PREFIX=/home/hjf/auto/rplidar-ros2/install/openslam_gmapping
[0.175s] -- The C compiler identification is GNU 9.4.0
[0.283s] -- The CXX compiler identification is GNU 9.4.0
[0.291s] -- Check for working C compiler: /usr/bin/cc
[0.370s] -- Check for working C compiler: /usr/bin/cc -- works
[0.371s] -- Detecting C compiler ABI info
[0.449s] -- Detecting C compiler ABI info - done
[0.464s] -- Detecting C compile features
[0.464s] -- Detecting C compile features - done
[0.467s] -- Check for working CXX compiler: /usr/bin/c++
[0.556s] -- Check for working CXX compiler: /usr/bin/c++ -- works
[0.558s] -- Detecting CXX compiler ABI info
[0.647s] -- Detecting CXX compiler ABI info - done
[0.662s] -- Detecting CXX compile features
[0.663s] -- Detecting CXX compile features - done
[0.666s] -- Found ament_cmake: 0.9.11 (/opt/ros/foxy/share/ament_cmake/cmake)
[0.699s] -- Found PythonInterp: /usr/bin/python3 (found suitable version "3.8.10", minimum required is "3") 
[0.699s] -- Using PYTHON_EXECUTABLE: /usr/bin/python3
[1.084s] -- Configuring done
[1.106s] -- Generating done
[1.109s] -- Build files have been written to: /home/hjf/auto/rplidar-ros2/build/openslam_gmapping
[1.114s] Invoked command in '/home/hjf/auto/rplidar-ros2/build/openslam_gmapping' returned '0': CMAKE_PREFIX_PATH=/opt/ros/foxy /usr/bin/cmake /home/hjf/auto/rplidar-ros2/src/openslam_gmapping -DCMAKE_INSTALL_PREFIX=/home/hjf/auto/rplidar-ros2/install/openslam_gmapping
[1.118s] Invoking command in '/home/hjf/auto/rplidar-ros2/build/openslam_gmapping': CMAKE_PREFIX_PATH=/opt/ros/foxy /usr/bin/cmake --build /home/hjf/auto/rplidar-ros2/build/openslam_gmapping -- -j8 -l8
[1.162s] [35m[1mScanning dependencies of target utils[0m
[1.162s] [35m[1mScanning dependencies of target sensor_base[0m
[1.177s] [ 13%] [32mBuilding CXX object sensor/sensor_base/CMakeFiles/sensor_base.dir/sensor.cpp.o[0m
[1.177s] [ 13%] [32mBuilding CXX object utils/CMakeFiles/utils.dir/movement.cpp.o[0m
[1.177s] [ 13%] [32mBuilding CXX object sensor/sensor_base/CMakeFiles/sensor_base.dir/sensorreading.cpp.o[0m
[1.179s] [ 18%] [32mBuilding CXX object utils/CMakeFiles/utils.dir/stat.cpp.o[0m
[1.555s] [ 22%] [32m[1mLinking CXX static library libsensor_base.a[0m
[1.602s] [ 22%] Built target sensor_base
[1.618s] [35m[1mScanning dependencies of target sensor_odometry[0m
[1.622s] [35m[1mScanning dependencies of target sensor_range[0m
[1.642s] [ 27%] [32mBuilding CXX object sensor/sensor_odometry/CMakeFiles/sensor_odometry.dir/odometryreading.cpp.o[0m
[1.642s] [ 31%] [32mBuilding CXX object sensor/sensor_odometry/CMakeFiles/sensor_odometry.dir/odometrysensor.cpp.o[0m
[1.644s] [ 36%] [32mBuilding CXX object sensor/sensor_range/CMakeFiles/sensor_range.dir/rangereading.cpp.o[0m
[1.646s] [ 40%] [32mBuilding CXX object sensor/sensor_range/CMakeFiles/sensor_range.dir/rangesensor.cpp.o[0m
[1.796s] [ 45%] [32m[1mLinking CXX static library libutils.a[0m
[1.858s] [ 45%] Built target utils
[2.138s] [ 50%] [32m[1mLinking CXX static library libsensor_odometry.a[0m
[2.181s] [ 50%] Built target sensor_odometry
[2.374s] [ 54%] [32m[1mLinking CXX static library libsensor_range.a[0m
[2.410s] [ 54%] Built target sensor_range
[2.422s] [35m[1mScanning dependencies of target scanmatcher[0m
[2.442s] [ 59%] [32mBuilding CXX object scanmatcher/CMakeFiles/scanmatcher.dir/smmap.cpp.o[0m
[2.443s] [ 63%] [32mBuilding CXX object scanmatcher/CMakeFiles/scanmatcher.dir/scanmatcherprocessor.cpp.o[0m
[2.443s] [ 68%] [32mBuilding CXX object scanmatcher/CMakeFiles/scanmatcher.dir/scanmatcher.cpp.o[0m
[2.445s] [ 72%] [32mBuilding CXX object scanmatcher/CMakeFiles/scanmatcher.dir/eig3.cpp.o[0m
[5.773s] [ 77%] [32m[1mLinking CXX static library libscanmatcher.a[0m
[5.814s] [ 77%] Built target scanmatcher
[5.826s] [35m[1mScanning dependencies of target gridfastslam[0m
[5.850s] [ 81%] [32mBuilding CXX object gridfastslam/CMakeFiles/gridfastslam.dir/gridslamprocessor.cpp.o[0m
[5.850s] [ 86%] [32mBuilding CXX object gridfastslam/CMakeFiles/gridfastslam.dir/gfsreader.cpp.o[0m
[5.851s] [ 90%] [32mBuilding CXX object gridfastslam/CMakeFiles/gridfastslam.dir/motionmodel.cpp.o[0m
[5.855s] [ 95%] [32mBuilding CXX object gridfastslam/CMakeFiles/gridfastslam.dir/gridslamprocessor_tree.cpp.o[0m
[8.619s] [100%] [32m[1mLinking CXX static library libgridfastslam.a[0m
[8.666s] [100%] Built target gridfastslam
[8.681s] Invoked command in '/home/hjf/auto/rplidar-ros2/build/openslam_gmapping' returned '0': CMAKE_PREFIX_PATH=/opt/ros/foxy /usr/bin/cmake --build /home/hjf/auto/rplidar-ros2/build/openslam_gmapping -- -j8 -l8
[8.726s] Invoking command in '/home/hjf/auto/rplidar-ros2/build/openslam_gmapping': CMAKE_PREFIX_PATH=/opt/ros/foxy /usr/bin/cmake --install /home/hjf/auto/rplidar-ros2/build/openslam_gmapping
[8.738s] -- Install configuration: ""
[8.738s] -- Installing: /home/hjf/auto/rplidar-ros2/install/openslam_gmapping/share/openslam_gmapping/environment/library_path.sh
[8.738s] -- Installing: /home/hjf/auto/rplidar-ros2/install/openslam_gmapping/share/openslam_gmapping/environment/library_path.dsv
[8.739s] -- Installing: /home/hjf/auto/rplidar-ros2/install/openslam_gmapping/include/
[8.739s] -- Installing: /home/hjf/auto/rplidar-ros2/install/openslam_gmapping/include//gmapping
[8.739s] -- Installing: /home/hjf/auto/rplidar-ros2/install/openslam_gmapping/include//gmapping/log
[8.740s] -- Installing: /home/hjf/auto/rplidar-ros2/install/openslam_gmapping/include//gmapping/log/sensorlog.h
[8.740s] -- Installing: /home/hjf/auto/rplidar-ros2/install/openslam_gmapping/include//gmapping/log/configuration.h
[8.740s] -- Installing: /home/hjf/auto/rplidar-ros2/install/openslam_gmapping/include//gmapping/gridfastslam
[8.740s] -- Installing: /home/hjf/auto/rplidar-ros2/install/openslam_gmapping/include//gmapping/gridfastslam/motionmodel.h
[8.740s] -- Installing: /home/hjf/auto/rplidar-ros2/install/openslam_gmapping/include//gmapping/gridfastslam/gridslamprocessor.h
[8.740s] -- Installing: /home/hjf/auto/rplidar-ros2/install/openslam_gmapping/include//gmapping/gridfastslam/gridslamprocessor.hxx
[8.741s] -- Installing: /home/hjf/auto/rplidar-ros2/install/openslam_gmapping/include//gmapping/particlefilter
[8.741s] -- Installing: /home/hjf/auto/rplidar-ros2/install/openslam_gmapping/include//gmapping/particlefilter/particlefilter.h
[8.741s] -- Installing: /home/hjf/auto/rplidar-ros2/install/openslam_gmapping/include//gmapping/scanmatcher
[8.741s] -- Installing: /home/hjf/auto/rplidar-ros2/install/openslam_gmapping/include//gmapping/scanmatcher/smmap.h
[8.741s] -- Installing: /home/hjf/auto/rplidar-ros2/install/openslam_gmapping/include//gmapping/scanmatcher/scanmatcher.h
[8.741s] -- Installing: /home/hjf/auto/rplidar-ros2/install/openslam_gmapping/include//gmapping/scanmatcher/icp.h
[8.741s] -- Installing: /home/hjf/auto/rplidar-ros2/install/openslam_gmapping/include//gmapping/sensor
[8.741s] -- Installing: /home/hjf/auto/rplidar-ros2/install/openslam_gmapping/include//gmapping/sensor/sensor_range
[8.741s] -- Installing: /home/hjf/auto/rplidar-ros2/install/openslam_gmapping/include//gmapping/sensor/sensor_range/rangesensor.h
[8.742s] -- Installing: /home/hjf/auto/rplidar-ros2/install/openslam_gmapping/include//gmapping/sensor/sensor_range/rangereading.h
[8.742s] -- Installing: /home/hjf/auto/rplidar-ros2/install/openslam_gmapping/include//gmapping/sensor/sensor_base
[8.742s] -- Installing: /home/hjf/auto/rplidar-ros2/install/openslam_gmapping/include//gmapping/sensor/sensor_base/sensorreading.h
[8.742s] -- Installing: /home/hjf/auto/rplidar-ros2/install/openslam_gmapping/include//gmapping/sensor/sensor_base/sensor.h
[8.742s] -- Installing: /home/hjf/auto/rplidar-ros2/install/openslam_gmapping/include//gmapping/sensor/sensor_odometry
[8.742s] -- Installing: /home/hjf/auto/rplidar-ros2/install/openslam_gmapping/include//gmapping/sensor/sensor_odometry/odometrysensor.h
[8.742s] -- Installing: /home/hjf/auto/rplidar-ros2/install/openslam_gmapping/include//gmapping/sensor/sensor_odometry/odometryreading.h
[8.742s] -- Installing: /home/hjf/auto/rplidar-ros2/install/openslam_gmapping/include//gmapping/grid
[8.743s] -- Installing: /home/hjf/auto/rplidar-ros2/install/openslam_gmapping/include//gmapping/grid/map.h
[8.743s] -- Installing: /home/hjf/auto/rplidar-ros2/install/openslam_gmapping/include//gmapping/grid/harray2d.h
[8.743s] -- Installing: /home/hjf/auto/rplidar-ros2/install/openslam_gmapping/include//gmapping/grid/accessstate.h
[8.743s] -- Installing: /home/hjf/auto/rplidar-ros2/install/openslam_gmapping/include//gmapping/grid/array2d.h
[8.743s] -- Installing: /home/hjf/auto/rplidar-ros2/install/openslam_gmapping/include//gmapping/utils
[8.743s] -- Installing: /home/hjf/auto/rplidar-ros2/install/openslam_gmapping/include//gmapping/utils/autoptr.h
[8.743s] -- Installing: /home/hjf/auto/rplidar-ros2/install/openslam_gmapping/include//gmapping/utils/gvalues.h
[8.743s] -- Installing: /home/hjf/auto/rplidar-ros2/install/openslam_gmapping/include//gmapping/utils/macro_params.h
[8.744s] -- Installing: /home/hjf/auto/rplidar-ros2/install/openslam_gmapping/include//gmapping/utils/commandline.h
[8.744s] -- Installing: /home/hjf/auto/rplidar-ros2/install/openslam_gmapping/include//gmapping/utils/point.h
[8.744s] -- Installing: /home/hjf/auto/rplidar-ros2/install/openslam_gmapping/include//gmapping/utils/stat.h
[8.744s] -- Installing: /home/hjf/auto/rplidar-ros2/install/openslam_gmapping/share/ament_index/resource_index/package_run_dependencies/openslam_gmapping
[8.744s] -- Installing: /home/hjf/auto/rplidar-ros2/install/openslam_gmapping/share/ament_index/resource_index/parent_prefix_path/openslam_gmapping
[8.745s] -- Installing: /home/hjf/auto/rplidar-ros2/install/openslam_gmapping/share/openslam_gmapping/environment/ament_prefix_path.sh
[8.745s] -- Installing: /home/hjf/auto/rplidar-ros2/install/openslam_gmapping/share/openslam_gmapping/environment/ament_prefix_path.dsv
[8.745s] -- Installing: /home/hjf/auto/rplidar-ros2/install/openslam_gmapping/share/openslam_gmapping/environment/path.sh
[8.745s] -- Installing: /home/hjf/auto/rplidar-ros2/install/openslam_gmapping/share/openslam_gmapping/environment/path.dsv
[8.745s] -- Installing: /home/hjf/auto/rplidar-ros2/install/openslam_gmapping/share/openslam_gmapping/local_setup.bash
[8.746s] -- Installing: /home/hjf/auto/rplidar-ros2/install/openslam_gmapping/share/openslam_gmapping/local_setup.sh
[8.747s] -- Installing: /home/hjf/auto/rplidar-ros2/install/openslam_gmapping/share/openslam_gmapping/local_setup.zsh
[8.747s] -- Installing: /home/hjf/auto/rplidar-ros2/install/openslam_gmapping/share/openslam_gmapping/local_setup.dsv
[8.747s] -- Installing: /home/hjf/auto/rplidar-ros2/install/openslam_gmapping/share/openslam_gmapping/package.dsv
[8.747s] -- Installing: /home/hjf/auto/rplidar-ros2/install/openslam_gmapping/share/ament_index/resource_index/packages/openslam_gmapping
[8.748s] -- Installing: /home/hjf/auto/rplidar-ros2/install/openslam_gmapping/share/openslam_gmapping/cmake/ament_cmake_export_libraries-extras.cmake
[8.748s] -- Installing: /home/hjf/auto/rplidar-ros2/install/openslam_gmapping/share/openslam_gmapping/cmake/ament_cmake_export_include_directories-extras.cmake
[8.748s] -- Installing: /home/hjf/auto/rplidar-ros2/install/openslam_gmapping/share/openslam_gmapping/cmake/openslam_gmappingConfig.cmake
[8.748s] -- Installing: /home/hjf/auto/rplidar-ros2/install/openslam_gmapping/share/openslam_gmapping/cmake/openslam_gmappingConfig-version.cmake
[8.748s] -- Installing: /home/hjf/auto/rplidar-ros2/install/openslam_gmapping/share/openslam_gmapping/package.xml
[8.748s] -- Installing: /home/hjf/auto/rplidar-ros2/install/openslam_gmapping/lib/libgridfastslam.a
[8.749s] -- Installing: /home/hjf/auto/rplidar-ros2/install/openslam_gmapping/lib/libscanmatcher.a
[8.749s] -- Up-to-date: /home/hjf/auto/rplidar-ros2/install/openslam_gmapping/share/openslam_gmapping/environment/library_path.sh
[8.749s] -- Up-to-date: /home/hjf/auto/rplidar-ros2/install/openslam_gmapping/share/openslam_gmapping/environment/library_path.dsv
[8.749s] -- Installing: /home/hjf/auto/rplidar-ros2/install/openslam_gmapping/lib/libsensor_base.a
[8.750s] -- Up-to-date: /home/hjf/auto/rplidar-ros2/install/openslam_gmapping/share/openslam_gmapping/environment/library_path.sh
[8.751s] -- Up-to-date: /home/hjf/auto/rplidar-ros2/install/openslam_gmapping/share/openslam_gmapping/environment/library_path.dsv
[8.751s] -- Installing: /home/hjf/auto/rplidar-ros2/install/openslam_gmapping/lib/libsensor_odometry.a
[8.752s] -- Installing: /home/hjf/auto/rplidar-ros2/install/openslam_gmapping/lib/libsensor_range.a
[8.752s] -- Installing: /home/hjf/auto/rplidar-ros2/install/openslam_gmapping/lib/libutils.a
[8.752s] -- Up-to-date: /home/hjf/auto/rplidar-ros2/install/openslam_gmapping/share/openslam_gmapping/environment/library_path.sh
[8.752s] -- Up-to-date: /home/hjf/auto/rplidar-ros2/install/openslam_gmapping/share/openslam_gmapping/environment/library_path.dsv
[8.754s] Invoked command in '/home/hjf/auto/rplidar-ros2/build/openslam_gmapping' returned '0': CMAKE_PREFIX_PATH=/opt/ros/foxy /usr/bin/cmake --install /home/hjf/auto/rplidar-ros2/build/openslam_gmapping
