[0.022s] Invoking command in '/home/hjf/auto/rplidar-ros2/build/sllidar_ros2': CMAKE_PREFIX_PATH=/opt/ros/foxy /usr/bin/cmake /home/hjf/auto/rplidar-ros2/src/sllidar_ros2 -DCMAKE_INSTALL_PREFIX=/home/hjf/auto/rplidar-ros2/install/sllidar_ros2
[0.159s] -- The C compiler identification is GNU 9.4.0
[0.267s] -- The CXX compiler identification is GNU 9.4.0
[0.276s] -- Check for working C compiler: /usr/bin/cc
[0.354s] -- Check for working C compiler: /usr/bin/cc -- works
[0.356s] -- Detecting C compiler ABI info
[0.430s] -- Detecting C compiler ABI info - done
[0.445s] -- Detecting C compile features
[0.446s] -- Detecting C compile features - done
[0.450s] -- Check for working CXX compiler: /usr/bin/c++
[0.540s] -- Check for working CXX compiler: /usr/bin/c++ -- works
[0.542s] -- Detecting CXX compiler ABI info
[0.632s] -- Detecting CXX compiler ABI info - done
[0.649s] -- Detecting CXX compile features
[0.649s] -- Detecting CXX compile features - done
[0.653s] -- Found ament_cmake: 0.9.11 (/opt/ros/foxy/share/ament_cmake/cmake)
[0.682s] -- Found PythonInterp: /usr/bin/python3 (found suitable version "3.8.10", minimum required is "3") 
[0.682s] -- Using PYTHON_EXECUTABLE: /usr/bin/python3
[0.965s] -- Found rclcpp: 2.4.2 (/opt/ros/foxy/share/rclcpp/cmake)
[1.036s] -- Using all available rosidl_typesupport_c: rosidl_typesupport_fastrtps_c;rosidl_typesupport_introspection_c
[1.048s] -- Found rosidl_adapter: 1.3.0 (/opt/ros/foxy/share/rosidl_adapter/cmake)
[1.165s] -- Found OpenSSL: /usr/lib/x86_64-linux-gnu/libcrypto.so (found version "1.1.1f")  
[1.215s] -- Found FastRTPS: /opt/ros/foxy/include  
[1.358s] -- Using all available rosidl_typesupport_cpp: rosidl_typesupport_fastrtps_cpp;rosidl_typesupport_introspection_cpp
[1.481s] -- Found rmw_implementation_cmake: 1.0.3 (/opt/ros/foxy/share/rmw_implementation_cmake/cmake)
[1.487s] -- Using RMW implementation 'rmw_fastrtps_cpp' as default
[1.490s] -- Looking for pthread.h
[1.596s] -- Looking for pthread.h - found
[1.596s] -- Performing Test CMAKE_HAVE_LIBC_PTHREAD
[1.746s] -- Performing Test CMAKE_HAVE_LIBC_PTHREAD - Failed
[1.747s] -- Looking for pthread_create in pthreads
[1.869s] -- Looking for pthread_create in pthreads - not found
[1.869s] -- Looking for pthread_create in pthread
[1.982s] -- Looking for pthread_create in pthread - found
[1.984s] -- Found Threads: TRUE  
[2.306s] -- Found sensor_msgs: 2.0.5 (/opt/ros/foxy/share/sensor_msgs/cmake)
[2.487s] -- Found std_srvs: 2.0.5 (/opt/ros/foxy/share/std_srvs/cmake)
[2.664s] -- Configuring done
[2.700s] -- Generating done
[2.703s] -- Build files have been written to: /home/hjf/auto/rplidar-ros2/build/sllidar_ros2
[2.720s] Invoked command in '/home/hjf/auto/rplidar-ros2/build/sllidar_ros2' returned '0': CMAKE_PREFIX_PATH=/opt/ros/foxy /usr/bin/cmake /home/hjf/auto/rplidar-ros2/src/sllidar_ros2 -DCMAKE_INSTALL_PREFIX=/home/hjf/auto/rplidar-ros2/install/sllidar_ros2
[2.726s] Invoking command in '/home/hjf/auto/rplidar-ros2/build/sllidar_ros2': CMAKE_PREFIX_PATH=/opt/ros/foxy /usr/bin/cmake --build /home/hjf/auto/rplidar-ros2/build/sllidar_ros2 -- -j8 -l8
[2.808s] [35m[1mScanning dependencies of target sllidar_node[0m
[2.812s] [35m[1mScanning dependencies of target sllidar_client[0m
[2.966s] [  7%] [32mBuilding CXX object CMakeFiles/sllidar_node.dir/src/sllidar_node.cpp.o[0m
[2.968s] [ 14%] [32mBuilding CXX object CMakeFiles/sllidar_node.dir/sdk/src/arch/linux/net_serial.cpp.o[0m
[2.976s] [ 21%] [32mBuilding CXX object CMakeFiles/sllidar_node.dir/sdk/src/hal/thread.cpp.o[0m
[2.976s] [ 28%] [32mBuilding CXX object CMakeFiles/sllidar_node.dir/sdk/src/arch/linux/net_socket.cpp.o[0m
[2.978s] [ 35%] [32mBuilding CXX object CMakeFiles/sllidar_client.dir/src/sllidar_client.cpp.o[0m
[2.989s] [ 42%] [32mBuilding CXX object CMakeFiles/sllidar_node.dir/sdk/src/arch/linux/timer.cpp.o[0m
[2.993s] [ 50%] [32mBuilding CXX object CMakeFiles/sllidar_node.dir/sdk/src/rplidar_driver.cpp.o[0m
[3.067s] [ 57%] [32mBuilding CXX object CMakeFiles/sllidar_node.dir/sdk/src/sl_crc.cpp.o[0m
[3.110s] In file included from [01m[K/home/hjf/auto/rplidar-ros2/src/sllidar_ros2/./sdk/src/sdkcommon.h:47[m[K,
[3.110s]                  from [01m[K/home/hjf/auto/rplidar-ros2/src/sllidar_ros2/sdk/src/arch/linux/net_socket.cpp:10[m[K:
[3.110s] [01m[K/home/hjf/auto/rplidar-ros2/src/sllidar_ros2/./sdk/src/hal/assert.h:1:1:[m[K [01;35m[Kwarning: [m[Knull character(s) ignored
[3.110s]     1 | [01;35m[K [m[K                                                                                                                                                                                                                                                                                                                        
[3.111s]       | [01;35m[K^[m[K
[3.114s] In file included from [01m[K/home/hjf/auto/rplidar-ros2/src/sllidar_ros2/./sdk/include/sl_lidar_cmd.h:36[m[K,
[3.114s]                  from [01m[K/home/hjf/auto/rplidar-ros2/src/sllidar_ros2/./sdk/include/sl_crc.h:36[m[K,
[3.114s]                  from [01m[K/home/hjf/auto/rplidar-ros2/src/sllidar_ros2/sdk/src/sl_crc.cpp:33[m[K:
[3.114s] [01m[K/home/hjf/auto/rplidar-ros2/src/sllidar_ros2/./sdk/include/sl_lidar_protocol.h:58:16:[m[K [01;35m[Kwarning: [m[KISO C++ forbids zero-size array ‘[01m[Kdata[m[K’ [[01;35m[K-Wpedantic[m[K]
[3.114s]    58 |     sl_u8 data[[01;35m[K0[m[K];
[3.114s]       |                [01;35m[K^[m[K
[3.115s] In file included from [01m[K/home/hjf/auto/rplidar-ros2/src/sllidar_ros2/./sdk/include/sl_crc.h:36[m[K,
[3.115s]                  from [01m[K/home/hjf/auto/rplidar-ros2/src/sllidar_ros2/sdk/src/sl_crc.cpp:33[m[K:
[3.115s] [01m[K/home/hjf/auto/rplidar-ros2/src/sllidar_ros2/./sdk/include/sl_lidar_cmd.h:295:20:[m[K [01;35m[Kwarning: [m[KISO C++ forbids zero-size array ‘[01m[Kpayload[m[K’ [[01;35m[K-Wpedantic[m[K]
[3.116s]   295 |     sl_u8  payload[[01;35m[K0[m[K];
[3.116s]       |                    [01;35m[K^[m[K
[3.116s] [01m[K/home/hjf/auto/rplidar-ros2/src/sllidar_ros2/sdk/src/sl_crc.cpp:[m[K In function ‘[01m[Ksl_u32 sl::crc32::cal(sl_u32, void*, sl_u16)[m[K’:
[3.116s] [01m[K/home/hjf/auto/rplidar-ros2/src/sllidar_ros2/sdk/src/sl_crc.cpp:77:29:[m[K [01;35m[Kwarning: [m[Ksuggest parentheses around ‘[01m[K-[m[K’ in operand of ‘[01m[K&[m[K’ [[01;35m[K-Wparentheses[m[K]
[3.116s]    77 |         sl_u8 leftBytes = [01;35m[K4 - len[m[K & 0x3;
[3.117s]       |                           [01;35m[K~~^~~~~[m[K
[3.166s] In file included from [01m[K/home/hjf/auto/rplidar-ros2/src/sllidar_ros2/sdk/src/sdkcommon.h:47[m[K,
[3.167s]                  from [01m[K/home/hjf/auto/rplidar-ros2/src/sllidar_ros2/sdk/src/rplidar_driver.cpp:33[m[K:
[3.167s] [01m[K/home/hjf/auto/rplidar-ros2/src/sllidar_ros2/sdk/src/hal/assert.h:1:1:[m[K [01;35m[Kwarning: [m[Knull character(s) ignored
[3.167s]     1 | [01;35m[K [m[K                                                                                                                                                                                                                                                                                                                        
[3.168s]       | [01;35m[K^[m[K
[3.179s] In file included from [01m[K/home/hjf/auto/rplidar-ros2/src/sllidar_ros2/sdk/src/rplidar_driver.cpp:37[m[K:
[3.179s] [01m[K/home/hjf/auto/rplidar-ros2/src/sllidar_ros2/sdk/src/hal/assert.h:1:1:[m[K [01;35m[Kwarning: [m[Knull character(s) ignored
[3.179s]     1 | [01;35m[K [m[K                                                                                                                                                                                                                                                                                                                        
[3.179s]       | [01;35m[K^[m[K
[3.206s] In file included from [01m[K/home/hjf/auto/rplidar-ros2/src/sllidar_ros2/./sdk/src/sdkcommon.h:47[m[K,
[3.207s]                  from [01m[K/home/hjf/auto/rplidar-ros2/src/sllidar_ros2/sdk/src/hal/thread.cpp:35[m[K:
[3.207s] [01m[K/home/hjf/auto/rplidar-ros2/src/sllidar_ros2/./sdk/src/hal/assert.h:1:1:[m[K [01;35m[Kwarning: [m[Knull character(s) ignored
[3.207s]     1 | [01;35m[K [m[K                                                                                                                                                                                                                                                                                                                        
[3.207s]       | [01;35m[K^[m[K
[3.213s] [ 64%] [32mBuilding CXX object CMakeFiles/sllidar_node.dir/sdk/src/sl_lidar_driver.cpp.o[0m
[3.397s] In file included from [01m[K/home/hjf/auto/rplidar-ros2/src/sllidar_ros2/sdk/src/sdkcommon.h:47[m[K,
[3.397s]                  from [01m[K/home/hjf/auto/rplidar-ros2/src/sllidar_ros2/sdk/src/sl_lidar_driver.cpp:33[m[K:
[3.398s] [01m[K/home/hjf/auto/rplidar-ros2/src/sllidar_ros2/sdk/src/hal/assert.h:1:1:[m[K [01;35m[Kwarning: [m[Knull character(s) ignored
[3.398s]     1 | [01;35m[K [m[K                                                                                                                                                                                                                                                                                                                        
[3.398s]       | [01;35m[K^[m[K
[3.416s] In file included from [01m[K/home/hjf/auto/rplidar-ros2/src/sllidar_ros2/sdk/src/sl_lidar_driver.cpp:37[m[K:
[3.417s] [01m[K/home/hjf/auto/rplidar-ros2/src/sllidar_ros2/sdk/src/hal/assert.h:1:1:[m[K [01;35m[Kwarning: [m[Knull character(s) ignored
[3.417s]     1 | [01;35m[K [m[K                                                                                                                                                                                                                                                                                                                        
[3.418s]       | [01;35m[K^[m[K
[3.868s] In file included from [01m[K/home/hjf/auto/rplidar-ros2/src/sllidar_ros2/./sdk/include/rplidar_protocol.h:36[m[K,
[3.868s]                  from [01m[K/home/hjf/auto/rplidar-ros2/src/sllidar_ros2/./sdk/include/rplidar.h:39[m[K,
[3.868s]                  from [01m[K/home/hjf/auto/rplidar-ros2/src/sllidar_ros2/sdk/src/sdkcommon.h:49[m[K,
[3.868s]                  from [01m[K/home/hjf/auto/rplidar-ros2/src/sllidar_ros2/sdk/src/rplidar_driver.cpp:33[m[K:
[3.868s] [01m[K/home/hjf/auto/rplidar-ros2/src/sllidar_ros2/./sdk/include/sl_lidar_protocol.h:58:16:[m[K [01;35m[Kwarning: [m[KISO C++ forbids zero-size array ‘[01m[Kdata[m[K’ [[01;35m[K-Wpedantic[m[K]
[3.868s]    58 |     sl_u8 data[[01;35m[K0[m[K];
[3.869s]       |                [01;35m[K^[m[K
[3.869s] In file included from [01m[K/home/hjf/auto/rplidar-ros2/src/sllidar_ros2/./sdk/include/rplidar_cmd.h:36[m[K,
[3.870s]                  from [01m[K/home/hjf/auto/rplidar-ros2/src/sllidar_ros2/./sdk/include/rplidar.h:40[m[K,
[3.871s]                  from [01m[K/home/hjf/auto/rplidar-ros2/src/sllidar_ros2/sdk/src/sdkcommon.h:49[m[K,
[3.872s]                  from [01m[K/home/hjf/auto/rplidar-ros2/src/sllidar_ros2/sdk/src/rplidar_driver.cpp:33[m[K:
[3.874s] [01m[K/home/hjf/auto/rplidar-ros2/src/sllidar_ros2/./sdk/include/sl_lidar_cmd.h:295:20:[m[K [01;35m[Kwarning: [m[KISO C++ forbids zero-size array ‘[01m[Kpayload[m[K’ [[01;35m[K-Wpedantic[m[K]
[3.874s]   295 |     sl_u8  payload[[01;35m[K0[m[K];
[3.874s]       |                    [01;35m[K^[m[K
[3.901s] In file included from [01m[K/home/hjf/auto/rplidar-ros2/src/sllidar_ros2/./sdk/include/rplidar_protocol.h:36[m[K,
[3.902s]                  from [01m[K/home/hjf/auto/rplidar-ros2/src/sllidar_ros2/./sdk/include/rplidar.h:39[m[K,
[3.903s]                  from [01m[K/home/hjf/auto/rplidar-ros2/src/sllidar_ros2/./sdk/src/sdkcommon.h:49[m[K,
[3.904s]                  from [01m[K/home/hjf/auto/rplidar-ros2/src/sllidar_ros2/sdk/src/hal/thread.cpp:35[m[K:
[3.905s] [01m[K/home/hjf/auto/rplidar-ros2/src/sllidar_ros2/./sdk/include/sl_lidar_protocol.h:58:16:[m[K [01;35m[Kwarning: [m[KISO C++ forbids zero-size array ‘[01m[Kdata[m[K’ [[01;35m[K-Wpedantic[m[K]
[3.906s]    58 |     sl_u8 data[[01;35m[K0[m[K];
[3.906s]       |                [01;35m[K^[m[K
[3.906s] In file included from [01m[K/home/hjf/auto/rplidar-ros2/src/sllidar_ros2/./sdk/include/rplidar_cmd.h:36[m[K,
[3.906s]                  from [01m[K/home/hjf/auto/rplidar-ros2/src/sllidar_ros2/./sdk/include/rplidar.h:40[m[K,
[3.907s]                  from [01m[K/home/hjf/auto/rplidar-ros2/src/sllidar_ros2/./sdk/src/sdkcommon.h:49[m[K,
[3.907s]                  from [01m[K/home/hjf/auto/rplidar-ros2/src/sllidar_ros2/sdk/src/hal/thread.cpp:35[m[K:
[3.907s] [01m[K/home/hjf/auto/rplidar-ros2/src/sllidar_ros2/./sdk/include/sl_lidar_cmd.h:295:20:[m[K [01;35m[Kwarning: [m[KISO C++ forbids zero-size array ‘[01m[Kpayload[m[K’ [[01;35m[K-Wpedantic[m[K]
[3.908s]   295 |     sl_u8  payload[[01;35m[K0[m[K];
[3.908s]       |                    [01;35m[K^[m[K
[3.908s] [01m[K/home/hjf/auto/rplidar-ros2/src/sllidar_ros2/sdk/src/arch/linux/net_serial.cpp:[m[K In member function ‘[01m[Kbool rp::arch::net::raw_serial::open(const char*, uint32_t, uint32_t)[m[K’:
[3.908s] [01m[K/home/hjf/auto/rplidar-ros2/src/sllidar_ros2/sdk/src/arch/linux/net_serial.cpp:97:74:[m[K [01;35m[Kwarning: [m[Kunused parameter ‘[01m[Kflags[m[K’ [[01;35m[K-Wunused-parameter[m[K]
[3.908s]    97 | bool raw_serial::open(const char * portname, uint32_t baudrate, [01;35m[Kuint32_t flags[m[K)
[3.908s]       |                                                                 [01;35m[K~~~~~~~~~^~~~~[m[K
[3.909s] [01m[K/home/hjf/auto/rplidar-ros2/src/sllidar_ros2/sdk/src/arch/linux/net_serial.cpp:[m[K In member function ‘[01m[Kvirtual void rp::arch::net::raw_serial::flush(_u32)[m[K’:
[3.909s] [01m[K/home/hjf/auto/rplidar-ros2/src/sllidar_ros2/sdk/src/arch/linux/net_serial.cpp:281:30:[m[K [01;35m[Kwarning: [m[Kunused parameter ‘[01m[Kflags[m[K’ [[01;35m[K-Wunused-parameter[m[K]
[3.909s]   281 | void raw_serial::flush( [01;35m[K_u32 flags[m[K)
[3.909s]       |                         [01;35m[K~~~~~^~~~~[m[K
[3.909s] [01m[K/home/hjf/auto/rplidar-ros2/src/sllidar_ros2/sdk/src/arch/linux/net_serial.cpp:[m[K In member function ‘[01m[Kvirtual int rp::arch::net::raw_serial::waitforsent(_u32, size_t*)[m[K’:
[3.909s] [01m[K/home/hjf/auto/rplidar-ros2/src/sllidar_ros2/sdk/src/arch/linux/net_serial.cpp:286:34:[m[K [01;35m[Kwarning: [m[Kunused parameter ‘[01m[Ktimeout[m[K’ [[01;35m[K-Wunused-parameter[m[K]
[3.909s]   286 | int raw_serial::waitforsent([01;35m[K_u32 timeout[m[K, size_t * returned_size)
[3.910s]       |                             [01;35m[K~~~~~^~~~~~~[m[K
[3.910s] [01m[K/home/hjf/auto/rplidar-ros2/src/sllidar_ros2/sdk/src/arch/linux/net_serial.cpp:[m[K In member function ‘[01m[Kvirtual int rp::arch::net::raw_serial::waitforrecv(_u32, size_t*)[m[K’:
[3.910s] [01m[K/home/hjf/auto/rplidar-ros2/src/sllidar_ros2/sdk/src/arch/linux/net_serial.cpp:292:34:[m[K [01;35m[Kwarning: [m[Kunused parameter ‘[01m[Ktimeout[m[K’ [[01;35m[K-Wunused-parameter[m[K]
[3.910s]   292 | int raw_serial::waitforrecv([01;35m[K_u32 timeout[m[K, size_t * returned_size)
[3.910s]       |                             [01;35m[K~~~~~^~~~~~~[m[K
[3.981s] In file included from [01m[K/home/hjf/auto/rplidar-ros2/src/sllidar_ros2/./sdk/include/rplidar_protocol.h:36[m[K,
[3.981s]                  from [01m[K/home/hjf/auto/rplidar-ros2/src/sllidar_ros2/./sdk/include/rplidar.h:39[m[K,
[3.981s]                  from [01m[K/home/hjf/auto/rplidar-ros2/src/sllidar_ros2/./sdk/src/sdkcommon.h:49[m[K,
[3.982s]                  from [01m[K/home/hjf/auto/rplidar-ros2/src/sllidar_ros2/sdk/src/arch/linux/net_socket.cpp:10[m[K:
[3.982s] [01m[K/home/hjf/auto/rplidar-ros2/src/sllidar_ros2/./sdk/include/sl_lidar_protocol.h:58:16:[m[K [01;35m[Kwarning: [m[KISO C++ forbids zero-size array ‘[01m[Kdata[m[K’ [[01;35m[K-Wpedantic[m[K]
[3.982s]    58 |     sl_u8 data[[01;35m[K0[m[K];
[3.982s]       |                [01;35m[K^[m[K
[3.982s] In file included from [01m[K/home/hjf/auto/rplidar-ros2/src/sllidar_ros2/./sdk/include/rplidar_cmd.h:36[m[K,
[3.982s]                  from [01m[K/home/hjf/auto/rplidar-ros2/src/sllidar_ros2/./sdk/include/rplidar.h:40[m[K,
[3.982s]                  from [01m[K/home/hjf/auto/rplidar-ros2/src/sllidar_ros2/./sdk/src/sdkcommon.h:49[m[K,
[3.983s]                  from [01m[K/home/hjf/auto/rplidar-ros2/src/sllidar_ros2/sdk/src/arch/linux/net_socket.cpp:10[m[K:
[3.983s] [01m[K/home/hjf/auto/rplidar-ros2/src/sllidar_ros2/./sdk/include/sl_lidar_cmd.h:295:20:[m[K [01;35m[Kwarning: [m[KISO C++ forbids zero-size array ‘[01m[Kpayload[m[K’ [[01;35m[K-Wpedantic[m[K]
[3.983s]   295 |     sl_u8  payload[[01;35m[K0[m[K];
[3.983s]       |                    [01;35m[K^[m[K
[4.008s] In file included from [01m[K/home/hjf/auto/rplidar-ros2/src/sllidar_ros2/sdk/src/hal/thread.cpp:43[m[K:
[4.008s] [01m[K/home/hjf/auto/rplidar-ros2/src/sllidar_ros2/./sdk/src/arch/linux/thread.hpp:[m[K In static member function ‘[01m[Kstatic rp::hal::Thread rp::hal::Thread::create(thread_proc_t, void*)[m[K’:
[4.008s] [01m[K/home/hjf/auto/rplidar-ros2/src/sllidar_ros2/./sdk/src/arch/linux/thread.hpp:48:77:[m[K [01;35m[Kwarning: [m[Kcast between incompatible function types from ‘[01m[Kthread_proc_t[m[K’ {aka ‘[01m[Klong unsigned int (*)(void*)[m[K’} to ‘[01m[Kvoid* (*)(void*)[m[K’ [[01;35m[K-Wcast-function-type[m[K]
[4.008s]    48 |     pthread_create((pthread_t *)&newborn._handle, NULL, (void * (*)(void *))[01;35m[Kproc[m[K, data);
[4.009s]       |                                                                             [01;35m[K^~~~[m[K
[4.010s] [01m[K/home/hjf/auto/rplidar-ros2/src/sllidar_ros2/./sdk/src/arch/linux/thread.hpp:[m[K In member function ‘[01m[Ku_result rp::hal::Thread::join(long unsigned int)[m[K’:
[4.010s] [01m[K/home/hjf/auto/rplidar-ros2/src/sllidar_ros2/./sdk/src/arch/linux/thread.hpp:129:37:[m[K [01;35m[Kwarning: [m[Kunused parameter ‘[01m[Ktimeout[m[K’ [[01;35m[K-Wunused-parameter[m[K]
[4.011s]   129 | u_result Thread::join([01;35m[Kunsigned long timeout[m[K)
[4.011s]       |                       [01;35m[K~~~~~~~~~~~~~~^~~~~~~[m[K
[4.016s] [ 71%] [32mBuilding CXX object CMakeFiles/sllidar_node.dir/sdk/src/sl_serial_channel.cpp.o[0m
[4.067s] [01m[K/home/hjf/auto/rplidar-ros2/src/sllidar_ros2/sdk/src/sl_serial_channel.cpp:33:9:[m[K [01;35m[Kwarning: [m[K#pragma once in main file
[4.067s]    33 | #pragma [01;35m[Konce[m[K
[4.068s]       |         [01;35m[K^~~~[m[K
[4.068s] [01m[K/home/hjf/auto/rplidar-ros2/src/sllidar_ros2/sdk/src/arch/linux/net_socket.cpp:[m[K In member function ‘[01m[Kvirtual u_result rp::net::SocketAddress::getAddressAsString(char*, size_t) const[m[K’:
[4.068s] [01m[K/home/hjf/auto/rplidar-ros2/src/sllidar_ros2/sdk/src/arch/linux/net_socket.cpp:170:17:[m[K [01;35m[Kwarning: [m[Kordered comparison of pointer with integer zero [[01;35m[K-Wextra[m[K]
[4.068s]   170 |     return ans<=[01;35m[K0[m[K?RESULT_OPERATION_FAIL:RESULT_OK;
[4.068s]       |                 [01;35m[K^[m[K
[4.077s] [01m[K/home/hjf/auto/rplidar-ros2/src/sllidar_ros2/sdk/src/arch/linux/net_socket.cpp:[m[K In member function ‘[01m[Kvirtual u_result rp::arch::net::StreamSocketImpl::send(const void*, size_t)[m[K’:
[4.078s] [01m[K/home/hjf/auto/rplidar-ros2/src/sllidar_ros2/sdk/src/arch/linux/net_socket.cpp:438:17:[m[K [01;35m[Kwarning: [m[Kcomparison of integer expressions of different signedness: ‘[01m[Ksize_t[m[K’ {aka ‘[01m[Klong unsigned int[m[K’} and ‘[01m[Kint[m[K’ [[01;35m[K-Wsign-compare[m[K]
[4.078s]   438 |         if ([01;35m[Kans == (int)len[m[K) {
[4.078s]       |             [01;35m[K~~~~^~~~~~~~~~~[m[K
[4.084s] In file included from [01m[K/home/hjf/auto/rplidar-ros2/src/sllidar_ros2/./sdk/src/arch/linux/arch_linux.h:42[m[K,
[4.084s]                  from [01m[K/home/hjf/auto/rplidar-ros2/src/sllidar_ros2/./sdk/src/sdkcommon.h:41[m[K,
[4.085s]                  from [01m[K/home/hjf/auto/rplidar-ros2/src/sllidar_ros2/sdk/src/arch/linux/net_socket.cpp:10[m[K:
[4.085s] [01m[K/home/hjf/auto/rplidar-ros2/src/sllidar_ros2/sdk/src/arch/linux/net_socket.cpp:[m[K In member function ‘[01m[Kvirtual u_result rp::arch::net::DGramSocketImpl::sendTo(const rp::net::SocketAddress&, const void*, size_t)[m[K’:
[4.085s] [01m[K/home/hjf/auto/rplidar-ros2/src/sllidar_ros2/sdk/src/arch/linux/net_socket.cpp:726:24:[m[K [01;35m[Kwarning: [m[Kcomparison of integer expressions of different signedness: ‘[01m[Ksize_t[m[K’ {aka ‘[01m[Klong unsigned int[m[K’} and ‘[01m[Kint[m[K’ [[01;35m[K-Wsign-compare[m[K]
[4.085s]   726 |             assert([01;35m[Kans == (int)len[m[K);
[4.085s]       |                    [01;35m[K~~~~^~~~~~~~~~~[m[K
[4.107s] [01m[K/home/hjf/auto/rplidar-ros2/src/sllidar_ros2/sdk/src/rplidar_driver.cpp:[m[K In member function ‘[01m[Ku_result rp::standalone::rplidar::RPlidarDriver::connect(const char*, _u32, _u32)[m[K’:
[4.107s] [01m[K/home/hjf/auto/rplidar-ros2/src/sllidar_ros2/sdk/src/rplidar_driver.cpp:67:77:[m[K [01;35m[Kwarning: [m[Kunused parameter ‘[01m[Kflag[m[K’ [[01;35m[K-Wunused-parameter[m[K]
[4.107s]    67 |     u_result RPlidarDriver::connect(const char *path, _u32 portOrBaud, [01;35m[K_u32 flag[m[K)
[4.107s]       |                                                                        [01;35m[K~~~~~^~~~[m[K
[4.108s] [01m[K/home/hjf/auto/rplidar-ros2/src/sllidar_ros2/sdk/src/rplidar_driver.cpp:[m[K In member function ‘[01m[Ku_result rp::standalone::rplidar::RPlidarDriver::reset(_u32)[m[K’:
[4.108s] [01m[K/home/hjf/auto/rplidar-ros2/src/sllidar_ros2/sdk/src/rplidar_driver.cpp:101:40:[m[K [01;35m[Kwarning: [m[Kunused parameter ‘[01m[Ktimeout[m[K’ [[01;35m[K-Wunused-parameter[m[K]
[4.108s]   101 |     u_result RPlidarDriver::reset([01;35m[K_u32 timeout[m[K)
[4.108s]       |                                   [01;35m[K~~~~~^~~~~~~[m[K
[4.109s] [01m[K/home/hjf/auto/rplidar-ros2/src/sllidar_ros2/sdk/src/rplidar_driver.cpp:[m[K In member function ‘[01m[Ku_result rp::standalone::rplidar::RPlidarDriver::getScanDataWithInterval(rplidar_response_measurement_node_t*, size_t&)[m[K’:
[4.109s] [01m[K/home/hjf/auto/rplidar-ros2/src/sllidar_ros2/sdk/src/rplidar_driver.cpp:175:91:[m[K [01;35m[Kwarning: [m[Kunused parameter ‘[01m[Knodebuffer[m[K’ [[01;35m[K-Wunused-parameter[m[K]
[4.109s]   175 |     u_result RPlidarDriver::getScanDataWithInterval([01;35m[Krplidar_response_measurement_node_t * nodebuffer[m[K, size_t & count)
[4.109s]       |                                                     [01;35m[K~~~~~~~~~~~~~~~~~~~~~~~~~~~~~~~~~~~~~~^~~~~~~~~~[m[K
[4.109s] [01m[K/home/hjf/auto/rplidar-ros2/src/sllidar_ros2/sdk/src/rplidar_driver.cpp:175:112:[m[K [01;35m[Kwarning: [m[Kunused parameter ‘[01m[Kcount[m[K’ [[01;35m[K-Wunused-parameter[m[K]
[4.109s]   175 |     u_result RPlidarDriver::getScanDataWithInterval(rplidar_response_measurement_node_t * nodebuffer, [01;35m[Ksize_t & count[m[K)
[4.109s]       |                                                                                                       [01;35m[K~~~~~~~~~^~~~~[m[K
[4.168s] [ 78%] [32mBuilding CXX object CMakeFiles/sllidar_node.dir/sdk/src/sl_tcp_channel.cpp.o[0m
[4.194s] [01m[K/home/hjf/auto/rplidar-ros2/src/sllidar_ros2/sdk/src/arch/linux/net_socket.cpp:722:47:[m[K [01;35m[Kwarning: [m[Knonnull argument ‘[01m[Ktarget[m[K’ compared to NULL [[01;35m[K-Wnonnull-compare[m[K]
[4.194s]   722 |         const struct sockaddr* addr = &target [01;35m[K?[m[K reinterpret_cast<const struct sockaddr*>(target.getPlatformData()) : NULL;
[4.195s]       |                                               [01;35m[K^[m[K
[4.197s] [ 85%] [32mBuilding CXX object CMakeFiles/sllidar_node.dir/sdk/src/sl_udp_channel.cpp.o[0m
[4.212s] [01m[K/home/hjf/auto/rplidar-ros2/src/sllidar_ros2/sdk/src/sl_tcp_channel.cpp:33:9:[m[K [01;35m[Kwarning: [m[K#pragma once in main file
[4.212s]    33 | #pragma [01;35m[Konce[m[K
[4.212s]       |         [01;35m[K^~~~[m[K
[4.248s] [01m[K/home/hjf/auto/rplidar-ros2/src/sllidar_ros2/sdk/src/sl_udp_channel.cpp:33:9:[m[K [01;35m[Kwarning: [m[K#pragma once in main file
[4.248s]    33 | #pragma [01;35m[Konce[m[K
[4.248s]       |         [01;35m[K^~~~[m[K
[4.267s] In file included from [01m[K/home/hjf/auto/rplidar-ros2/src/sllidar_ros2/./sdk/include/rplidar_protocol.h:36[m[K,
[4.268s]                  from [01m[K/home/hjf/auto/rplidar-ros2/src/sllidar_ros2/./sdk/include/rplidar.h:39[m[K,
[4.268s]                  from [01m[K/home/hjf/auto/rplidar-ros2/src/sllidar_ros2/sdk/src/sdkcommon.h:49[m[K,
[4.268s]                  from [01m[K/home/hjf/auto/rplidar-ros2/src/sllidar_ros2/sdk/src/sl_lidar_driver.cpp:33[m[K:
[4.268s] [01m[K/home/hjf/auto/rplidar-ros2/src/sllidar_ros2/./sdk/include/sl_lidar_protocol.h:58:16:[m[K [01;35m[Kwarning: [m[KISO C++ forbids zero-size array ‘[01m[Kdata[m[K’ [[01;35m[K-Wpedantic[m[K]
[4.268s]    58 |     sl_u8 data[[01;35m[K0[m[K];
[4.268s]       |                [01;35m[K^[m[K
[4.269s] In file included from [01m[K/home/hjf/auto/rplidar-ros2/src/sllidar_ros2/./sdk/include/rplidar_cmd.h:36[m[K,
[4.269s]                  from [01m[K/home/hjf/auto/rplidar-ros2/src/sllidar_ros2/./sdk/include/rplidar.h:40[m[K,
[4.270s]                  from [01m[K/home/hjf/auto/rplidar-ros2/src/sllidar_ros2/sdk/src/sdkcommon.h:49[m[K,
[4.270s]                  from [01m[K/home/hjf/auto/rplidar-ros2/src/sllidar_ros2/sdk/src/sl_lidar_driver.cpp:33[m[K:
[4.270s] [01m[K/home/hjf/auto/rplidar-ros2/src/sllidar_ros2/./sdk/include/sl_lidar_cmd.h:295:20:[m[K [01;35m[Kwarning: [m[KISO C++ forbids zero-size array ‘[01m[Kpayload[m[K’ [[01;35m[K-Wpedantic[m[K]
[4.270s]   295 |     sl_u8  payload[[01;35m[K0[m[K];
[4.270s]       |                    [01;35m[K^[m[K
[4.569s] [01m[K/home/hjf/auto/rplidar-ros2/src/sllidar_ros2/sdk/src/sl_lidar_driver.cpp:[m[K In member function ‘[01m[Kvirtual sl_result sl::SlamtecLidarDriver::reset(sl_u32)[m[K’:
[4.569s] [01m[K/home/hjf/auto/rplidar-ros2/src/sllidar_ros2/sdk/src/sl_lidar_driver.cpp:273:32:[m[K [01;35m[Kwarning: [m[Kunused parameter ‘[01m[KtimeoutInMs[m[K’ [[01;35m[K-Wunused-parameter[m[K]
[4.569s]   273 |         sl_result reset([01;35m[Ksl_u32 timeoutInMs = DEFAULT_TIMEOUT[m[K)
[4.569s]       |                         [01;35m[K~~~~~~~^~~~~~~~~~~~~~~~~~~~~~~~~~~~~[m[K
[4.574s] [01m[K/home/hjf/auto/rplidar-ros2/src/sllidar_ros2/sdk/src/sl_lidar_driver.cpp:[m[K In member function ‘[01m[Kvirtual sl_result sl::SlamtecLidarDriver::getAllSupportedScanModes(std::vector<sl::LidarScanMode>&, sl_u32)[m[K’:
[4.575s] [01m[K/home/hjf/auto/rplidar-ros2/src/sllidar_ros2/sdk/src/sl_lidar_driver.cpp:286:89:[m[K [01;35m[Kwarning: [m[Kunused parameter ‘[01m[KtimeoutInMs[m[K’ [[01;35m[K-Wunused-parameter[m[K]
[4.575s]   286 |         sl_result getAllSupportedScanModes(std::vector<LidarScanMode>& outModes, [01;35m[Ksl_u32 timeoutInMs = DEFAULT_TIMEOUT[m[K)
[4.575s]       |                                                                                  [01;35m[K~~~~~~~^~~~~~~~~~~~~~~~~~~~~~~~~~~~~[m[K
[4.577s] [01m[K/home/hjf/auto/rplidar-ros2/src/sllidar_ros2/sdk/src/sl_lidar_driver.cpp:[m[K In member function ‘[01m[Kvirtual sl_result sl::SlamtecLidarDriver::startScan(bool, bool, sl_u32, sl::LidarScanMode*)[m[K’:
[4.577s] [01m[K/home/hjf/auto/rplidar-ros2/src/sllidar_ros2/sdk/src/sl_lidar_driver.cpp:347:69:[m[K [01;35m[Kwarning: [m[Kunused parameter ‘[01m[Koptions[m[K’ [[01;35m[K-Wunused-parameter[m[K]
[4.577s]   347 |         sl_result startScan(bool force, bool useTypicalScan, [01;35m[Ksl_u32 options = 0[m[K, LidarScanMode* outUsedScanMode = nullptr)
[4.577s]       |                                                              [01;35m[K~~~~~~~^~~~~~~~~~~[m[K
[4.583s] [01m[K/home/hjf/auto/rplidar-ros2/src/sllidar_ros2/sdk/src/sl_lidar_driver.cpp:[m[K In member function ‘[01m[Kvirtual sl_result sl::SlamtecLidarDriver::stop(sl_u32)[m[K’:
[4.583s] [01m[K/home/hjf/auto/rplidar-ros2/src/sllidar_ros2/sdk/src/sl_lidar_driver.cpp:534:31:[m[K [01;35m[Kwarning: [m[Kunused parameter ‘[01m[Ktimeout[m[K’ [[01;35m[K-Wunused-parameter[m[K]
[4.583s]   534 |         sl_result stop([01;35m[Ksl_u32 timeout = DEFAULT_TIMEOUT[m[K)
[4.583s]       |                        [01;35m[K~~~~~~~^~~~~~~~~~~~~~~~~~~~~~~~~[m[K
[4.584s] [01m[K/home/hjf/auto/rplidar-ros2/src/sllidar_ros2/sdk/src/sl_lidar_driver.cpp:[m[K In member function ‘[01m[Kvirtual sl_result sl::SlamtecLidarDriver::getDeviceInfo(sl_lidar_response_device_info_t&, sl_u32)[m[K’:
[4.584s] [01m[K/home/hjf/auto/rplidar-ros2/src/sllidar_ros2/sdk/src/sl_lidar_driver.cpp:579:79:[m[K [01;35m[Kwarning: [m[Kunused parameter ‘[01m[Ktimeout[m[K’ [[01;35m[K-Wunused-parameter[m[K]
[4.584s]   579 |         sl_result getDeviceInfo(sl_lidar_response_device_info_t& info, [01;35m[Ksl_u32 timeout = DEFAULT_TIMEOUT[m[K)
[4.584s]       |                                                                        [01;35m[K~~~~~~~^~~~~~~~~~~~~~~~~~~~~~~~~[m[K
[4.585s] [01m[K/home/hjf/auto/rplidar-ros2/src/sllidar_ros2/sdk/src/sl_lidar_driver.cpp:[m[K In member function ‘[01m[Kvirtual sl_result sl::SlamtecLidarDriver::checkMotorCtrlSupport(sl::MotorCtrlSupport&, sl_u32)[m[K’:
[4.585s] [01m[K/home/hjf/auto/rplidar-ros2/src/sllidar_ros2/sdk/src/sl_lidar_driver.cpp:592:76:[m[K [01;35m[Kwarning: [m[Kunused parameter ‘[01m[Ktimeout[m[K’ [[01;35m[K-Wunused-parameter[m[K]
[4.585s]   592 |         sl_result checkMotorCtrlSupport(MotorCtrlSupport & support, [01;35m[Ksl_u32 timeout = DEFAULT_TIMEOUT[m[K)
[4.586s]       |                                                                     [01;35m[K~~~~~~~^~~~~~~~~~~~~~~~~~~~~~~~~[m[K
[4.586s] [01m[K/home/hjf/auto/rplidar-ros2/src/sllidar_ros2/sdk/src/sl_lidar_driver.cpp:[m[K In member function ‘[01m[Kvirtual sl_result sl::SlamtecLidarDriver::getFrequency(const sl::LidarScanMode&, const sl_lidar_response_measurement_node_hq_t*, size_t, float&)[m[K’:
[4.586s] [01m[K/home/hjf/auto/rplidar-ros2/src/sllidar_ros2/sdk/src/sl_lidar_driver.cpp:627:110:[m[K [01;35m[Kwarning: [m[Kunused parameter ‘[01m[Knodes[m[K’ [[01;35m[K-Wunused-parameter[m[K]
[4.586s]   627 |         sl_result getFrequency(const LidarScanMode& scanMode, [01;35m[Kconst sl_lidar_response_measurement_node_hq_t* nodes[m[K, size_t count, float& frequency)
[4.586s]       |                                                               [01;35m[K~~~~~~~~~~~~~~~~~~~~~~~~~~~~~~~~~~~~~~~~~~~~~~~^~~~~[m[K
[4.586s] [01m[K/home/hjf/auto/rplidar-ros2/src/sllidar_ros2/sdk/src/sl_lidar_driver.cpp:[m[K In member function ‘[01m[Kvirtual sl_result sl::SlamtecLidarDriver::getHealth(sl_lidar_response_device_health_t&, sl_u32)[m[K’:
[4.587s] [01m[K/home/hjf/auto/rplidar-ros2/src/sllidar_ros2/sdk/src/sl_lidar_driver.cpp:640:79:[m[K [01;35m[Kwarning: [m[Kunused parameter ‘[01m[Ktimeout[m[K’ [[01;35m[K-Wunused-parameter[m[K]
[4.587s]   640 |         sl_result getHealth(sl_lidar_response_device_health_t& health, [01;35m[Ksl_u32 timeout = DEFAULT_TIMEOUT[m[K)
[4.587s]       |                                                                        [01;35m[K~~~~~~~^~~~~~~~~~~~~~~~~~~~~~~~~[m[K
[4.589s] [01m[K/home/hjf/auto/rplidar-ros2/src/sllidar_ros2/sdk/src/sl_lidar_driver.cpp:[m[K In member function ‘[01m[Kvirtual sl_result sl::SlamtecLidarDriver::getMotorInfo(sl::LidarMotorInfo&, sl_u32)[m[K’:
[4.589s] [01m[K/home/hjf/auto/rplidar-ros2/src/sllidar_ros2/sdk/src/sl_lidar_driver.cpp:730:66:[m[K [01;35m[Kwarning: [m[Kunused parameter ‘[01m[KtimeoutInMs[m[K’ [[01;35m[K-Wunused-parameter[m[K]
[4.589s]   730 |         sl_result getMotorInfo(LidarMotorInfo &motorInfo, [01;35m[Ksl_u32 timeoutInMs[m[K)
[4.590s]       |                                                           [01;35m[K~~~~~~~^~~~~~~~~~~[m[K
[4.601s] [01m[K/home/hjf/auto/rplidar-ros2/src/sllidar_ros2/sdk/src/sl_lidar_driver.cpp:[m[K In member function ‘[01m[Ksl_result sl::SlamtecLidarDriver::_sendCommand(sl_u16, const void*, size_t)[m[K’:
[4.601s] [01m[K/home/hjf/auto/rplidar-ros2/src/sllidar_ros2/sdk/src/sl_lidar_driver.cpp:1089:35:[m[K [01;35m[Kwarning: [m[Kcomparison of integer expressions of different signedness: ‘[01m[Kint[m[K’ and ‘[01m[Kstd::vector<unsigned char>::size_type[m[K’ {aka ‘[01m[Klong unsigned int[m[K’} [[01;35m[K-Wsign-compare[m[K]
[4.601s]  1089 |             for (int pos = 0; [01;35m[Kpos < cmd_packet.size()[m[K; pos++) {
[4.602s]       |                               [01;35m[K~~~~^~~~~~~~~~~~~~~~~~~[m[K
[4.602s] [01m[K/home/hjf/auto/rplidar-ros2/src/sllidar_ros2/sdk/src/sl_lidar_driver.cpp:1058:19:[m[K [01;35m[Kwarning: [m[Kunused variable ‘[01m[Kpkt_header[m[K’ [[01;35m[K-Wunused-variable[m[K]
[4.602s]  1058 |             sl_u8 [01;35m[Kpkt_header[m[K[10];
[4.602s]       |                   [01;35m[K^~~~~~~~~~[m[K
[4.608s] [01m[K/home/hjf/auto/rplidar-ros2/src/sllidar_ros2/sdk/src/sl_lidar_driver.cpp:[m[K In member function ‘[01m[Kvoid sl::SlamtecLidarDriver::_ultraCapsuleToNormal(const sl_lidar_response_ultra_capsule_measurement_nodes_t&, sl_lidar_response_measurement_node_hq_t*, size_t&)[m[K’:
[4.608s] [01m[K/home/hjf/auto/rplidar-ros2/src/sllidar_ros2/sdk/src/sl_lidar_driver.cpp:1370:40:[m[K [01;35m[Kwarning: [m[Kcomparison of integer expressions of different signedness: ‘[01m[Kint[m[K’ and ‘[01m[Kunsigned int[m[K’ [[01;35m[K-Wsign-compare[m[K]
[4.609s]  1370 |                     if (([01;35m[Kdist_predict1 == 0xFFFFFE00[m[K) || (dist_predict1 == 0x1FF)) {
[4.609s]       |                          [01;35m[K~~~~~~~~~~~~~~^~~~~~~~~~~~~[m[K
[4.609s] [01m[K/home/hjf/auto/rplidar-ros2/src/sllidar_ros2/sdk/src/sl_lidar_driver.cpp:1379:40:[m[K [01;35m[Kwarning: [m[Kcomparison of integer expressions of different signedness: ‘[01m[Kint[m[K’ and ‘[01m[Kunsigned int[m[K’ [[01;35m[K-Wsign-compare[m[K]
[4.609s]  1379 |                     if (([01;35m[Kdist_predict2 == 0xFFFFFE00[m[K) || (dist_predict2 == 0x1FF)) {
[4.609s]       |                          [01;35m[K~~~~~~~~~~~~~~^~~~~~~~~~~~~[m[K
[4.616s] [01m[K/home/hjf/auto/rplidar-ros2/src/sllidar_ros2/sdk/src/sl_lidar_driver.cpp:[m[K In member function ‘[01m[Kvoid sl::SlamtecLidarDriver::_dense_capsuleToNormal(const sl_lidar_response_capsule_measurement_nodes_t&, sl_lidar_response_measurement_node_hq_t*, size_t&)[m[K’:
[4.616s] [01m[K/home/hjf/auto/rplidar-ros2/src/sllidar_ros2/sdk/src/sl_lidar_driver.cpp:1577:116:[m[K [01;35m[Kwarning: [m[Ktype qualifiers ignored on cast result type [[01;35m[K-Wignored-qualifiers[m[K]
[4.616s]  1577 |                     const int dist = static_cast<const int>(_cached_previous_dense_capsuledata.cabins[pos].distance[01;35m[K)[m[K;
[4.616s]       |                                                                                                                    [01;35m[K^[m[K
[4.642s] In file included from [01m[K/home/hjf/auto/rplidar-ros2/src/sllidar_ros2/./sdk/include/sl_lidar_cmd.h:36[m[K,
[4.642s]                  from [01m[K/home/hjf/auto/rplidar-ros2/src/sllidar_ros2/./sdk/include/sl_lidar_driver.h:54[m[K,
[4.642s]                  from [01m[K/home/hjf/auto/rplidar-ros2/src/sllidar_ros2/sdk/src/sl_udp_channel.cpp:34[m[K:
[4.643s] [01m[K/home/hjf/auto/rplidar-ros2/src/sllidar_ros2/./sdk/include/sl_lidar_protocol.h:58:16:[m[K [01;35m[Kwarning: [m[KISO C++ forbids zero-size array ‘[01m[Kdata[m[K’ [[01;35m[K-Wpedantic[m[K]
[4.643s]    58 |     sl_u8 data[[01;35m[K0[m[K];
[4.643s]       |                [01;35m[K^[m[K
[4.644s] In file included from [01m[K/home/hjf/auto/rplidar-ros2/src/sllidar_ros2/./sdk/include/sl_lidar_driver.h:54[m[K,
[4.644s]                  from [01m[K/home/hjf/auto/rplidar-ros2/src/sllidar_ros2/sdk/src/sl_udp_channel.cpp:34[m[K:
[4.645s] [01m[K/home/hjf/auto/rplidar-ros2/src/sllidar_ros2/./sdk/include/sl_lidar_cmd.h:295:20:[m[K [01;35m[Kwarning: [m[KISO C++ forbids zero-size array ‘[01m[Kpayload[m[K’ [[01;35m[K-Wpedantic[m[K]
[4.645s]   295 |     sl_u8  payload[[01;35m[K0[m[K];
[4.645s]       |                    [01;35m[K^[m[K
[4.653s] [01m[K/home/hjf/auto/rplidar-ros2/src/sllidar_ros2/sdk/src/sl_udp_channel.cpp:[m[K In member function ‘[01m[Kvoid sl::UdpChannel::setStatus(_u32)[m[K’:
[4.653s] [01m[K/home/hjf/auto/rplidar-ros2/src/sllidar_ros2/sdk/src/sl_udp_channel.cpp:103:29:[m[K [01;35m[Kwarning: [m[Kunused parameter ‘[01m[Kflag[m[K’ [[01;35m[K-Wunused-parameter[m[K]
[4.653s]   103 |         void setStatus([01;35m[K_u32 flag[m[K){}
[4.653s]       |                        [01;35m[K~~~~~^~~~[m[K
[4.702s] In file included from [01m[K/home/hjf/auto/rplidar-ros2/src/sllidar_ros2/./sdk/include/sl_lidar_cmd.h:36[m[K,
[4.702s]                  from [01m[K/home/hjf/auto/rplidar-ros2/src/sllidar_ros2/./sdk/include/sl_lidar_driver.h:54[m[K,
[4.703s]                  from [01m[K/home/hjf/auto/rplidar-ros2/src/sllidar_ros2/sdk/src/sl_serial_channel.cpp:34[m[K:
[4.703s] [01m[K/home/hjf/auto/rplidar-ros2/src/sllidar_ros2/./sdk/include/sl_lidar_protocol.h:58:16:[m[K [01;35m[Kwarning: [m[KISO C++ forbids zero-size array ‘[01m[Kdata[m[K’ [[01;35m[K-Wpedantic[m[K]
[4.703s]    58 |     sl_u8 data[[01;35m[K0[m[K];
[4.703s]       |                [01;35m[K^[m[K
[4.705s] In file included from [01m[K/home/hjf/auto/rplidar-ros2/src/sllidar_ros2/./sdk/include/sl_lidar_driver.h:54[m[K,
[4.705s]                  from [01m[K/home/hjf/auto/rplidar-ros2/src/sllidar_ros2/sdk/src/sl_serial_channel.cpp:34[m[K:
[4.705s] [01m[K/home/hjf/auto/rplidar-ros2/src/sllidar_ros2/./sdk/include/sl_lidar_cmd.h:295:20:[m[K [01;35m[Kwarning: [m[KISO C++ forbids zero-size array ‘[01m[Kpayload[m[K’ [[01;35m[K-Wpedantic[m[K]
[4.705s]   295 |     sl_u8  payload[[01;35m[K0[m[K];
[4.705s]       |                    [01;35m[K^[m[K
[4.809s] In file included from [01m[K/home/hjf/auto/rplidar-ros2/src/sllidar_ros2/./sdk/include/sl_lidar_cmd.h:36[m[K,
[4.810s]                  from [01m[K/home/hjf/auto/rplidar-ros2/src/sllidar_ros2/./sdk/include/sl_lidar_driver.h:54[m[K,
[4.810s]                  from [01m[K/home/hjf/auto/rplidar-ros2/src/sllidar_ros2/sdk/src/sl_tcp_channel.cpp:34[m[K:
[4.810s] [01m[K/home/hjf/auto/rplidar-ros2/src/sllidar_ros2/./sdk/include/sl_lidar_protocol.h:58:16:[m[K [01;35m[Kwarning: [m[KISO C++ forbids zero-size array ‘[01m[Kdata[m[K’ [[01;35m[K-Wpedantic[m[K]
[4.810s]    58 |     sl_u8 data[[01;35m[K0[m[K];
[4.810s]       |                [01;35m[K^[m[K
[4.811s] In file included from [01m[K/home/hjf/auto/rplidar-ros2/src/sllidar_ros2/./sdk/include/sl_lidar_driver.h:54[m[K,
[4.811s]                  from [01m[K/home/hjf/auto/rplidar-ros2/src/sllidar_ros2/sdk/src/sl_tcp_channel.cpp:34[m[K:
[4.811s] [01m[K/home/hjf/auto/rplidar-ros2/src/sllidar_ros2/./sdk/include/sl_lidar_cmd.h:295:20:[m[K [01;35m[Kwarning: [m[KISO C++ forbids zero-size array ‘[01m[Kpayload[m[K’ [[01;35m[K-Wpedantic[m[K]
[4.811s]   295 |     sl_u8  payload[[01;35m[K0[m[K];
[4.811s]       |                    [01;35m[K^[m[K
[4.812s] [01m[K/home/hjf/auto/rplidar-ros2/src/sllidar_ros2/sdk/src/sl_lidar_driver.cpp:[m[K At global scope:
[4.812s] [01m[K/home/hjf/auto/rplidar-ros2/src/sllidar_ros2/sdk/src/sl_lidar_driver.cpp:72:17:[m[K [01;35m[Kwarning: [m[K‘[01m[Kvoid sl::convert(const sl_lidar_response_measurement_node_hq_t&, sl_lidar_response_measurement_node_t&)[m[K’ defined but not used [[01;35m[K-Wunused-function[m[K]
[4.812s]    72 |     static void [01;35m[Kconvert[m[K(const sl_lidar_response_measurement_node_hq_t& from, sl_lidar_response_measurement_node_t& to)
[4.813s]       |                 [01;35m[K^~~~~~~[m[K
[4.813s] [01m[K/home/hjf/auto/rplidar-ros2/src/sllidar_ros2/sdk/src/sl_lidar_driver.cpp:59:17:[m[K [01;35m[Kwarning: [m[K‘[01m[Kvoid sl::printDeprecationWarn(const char*, const char*)[m[K’ defined but not used [[01;35m[K-Wunused-function[m[K]
[4.813s]    59 |     static void [01;35m[KprintDeprecationWarn[m[K(const char* fn, const char* replacement)
[4.813s]       |                 [01;35m[K^~~~~~~~~~~~~~~~~~~~[m[K
[4.818s] [01m[K/home/hjf/auto/rplidar-ros2/src/sllidar_ros2/sdk/src/sl_tcp_channel.cpp:[m[K In member function ‘[01m[Kvoid sl::TcpChannel::setStatus(_u32)[m[K’:
[4.819s] [01m[K/home/hjf/auto/rplidar-ros2/src/sllidar_ros2/sdk/src/sl_tcp_channel.cpp:95:29:[m[K [01;35m[Kwarning: [m[Kunused parameter ‘[01m[Kflag[m[K’ [[01;35m[K-Wunused-parameter[m[K]
[4.819s]    95 |         void setStatus([01;35m[K_u32 flag[m[K){}
[4.819s]       |                        [01;35m[K~~~~~^~~~[m[K
[6.189s] In file included from [01m[K/home/hjf/auto/rplidar-ros2/src/sllidar_ros2/./sdk/include/sl_lidar_cmd.h:36[m[K,
[6.189s]                  from [01m[K/home/hjf/auto/rplidar-ros2/src/sllidar_ros2/./sdk/include/sl_lidar_driver.h:54[m[K,
[6.189s]                  from [01m[K/home/hjf/auto/rplidar-ros2/src/sllidar_ros2/./sdk/include/sl_lidar.h:36[m[K,
[6.189s]                  from [01m[K/home/hjf/auto/rplidar-ros2/src/sllidar_ros2/src/sllidar_node.cpp:38[m[K:
[6.189s] [01m[K/home/hjf/auto/rplidar-ros2/src/sllidar_ros2/./sdk/include/sl_lidar_protocol.h:58:16:[m[K [01;35m[Kwarning: [m[KISO C++ forbids zero-size array ‘[01m[Kdata[m[K’ [[01;35m[K-Wpedantic[m[K]
[6.190s]    58 |     sl_u8 data[[01;35m[K0[m[K];
[6.190s]       |                [01;35m[K^[m[K
[6.190s] In file included from [01m[K/home/hjf/auto/rplidar-ros2/src/sllidar_ros2/./sdk/include/sl_lidar_driver.h:54[m[K,
[6.190s]                  from [01m[K/home/hjf/auto/rplidar-ros2/src/sllidar_ros2/./sdk/include/sl_lidar.h:36[m[K,
[6.190s]                  from [01m[K/home/hjf/auto/rplidar-ros2/src/sllidar_ros2/src/sllidar_node.cpp:38[m[K:
[6.190s] [01m[K/home/hjf/auto/rplidar-ros2/src/sllidar_ros2/./sdk/include/sl_lidar_cmd.h:295:20:[m[K [01;35m[Kwarning: [m[KISO C++ forbids zero-size array ‘[01m[Kpayload[m[K’ [[01;35m[K-Wpedantic[m[K]
[6.190s]   295 |     sl_u8  payload[[01;35m[K0[m[K];
[6.191s]       |                    [01;35m[K^[m[K
[8.024s] [01m[K/home/hjf/auto/rplidar-ros2/src/sllidar_ros2/src/sllidar_node.cpp:[m[K In member function ‘[01m[Kbool SLlidarNode::checkSLLIDARHealth(sl::ILidarDriver*)[m[K’:
[8.024s] [01m[K/home/hjf/auto/rplidar-ros2/src/sllidar_ros2/src/sllidar_node.cpp:147:5:[m[K [01;35m[Kwarning: [m[Kcontrol reaches end of non-void function [[01;35m[K-Wreturn-type[m[K]
[8.024s]   147 |     [01;35m[K}[m[K
[8.024s]       |     [01;35m[K^[m[K
[9.808s] [ 92%] [32m[1mLinking CXX executable sllidar_node[0m
[10.207s] [ 92%] Built target sllidar_node
[11.226s] [100%] [32m[1mLinking CXX executable sllidar_client[0m
[11.562s] [100%] Built target sllidar_client
[11.575s] Invoked command in '/home/hjf/auto/rplidar-ros2/build/sllidar_ros2' returned '0': CMAKE_PREFIX_PATH=/opt/ros/foxy /usr/bin/cmake --build /home/hjf/auto/rplidar-ros2/build/sllidar_ros2 -- -j8 -l8
[11.620s] Invoking command in '/home/hjf/auto/rplidar-ros2/build/sllidar_ros2': CMAKE_PREFIX_PATH=/opt/ros/foxy /usr/bin/cmake --install /home/hjf/auto/rplidar-ros2/build/sllidar_ros2
[11.629s] -- Install configuration: ""
[11.629s] -- Installing: /home/hjf/auto/rplidar-ros2/install/sllidar_ros2/share/sllidar_ros2/launch
[11.630s] -- Installing: /home/hjf/auto/rplidar-ros2/install/sllidar_ros2/share/sllidar_ros2/launch/view_sllidar_launch.py
[11.630s] -- Installing: /home/hjf/auto/rplidar-ros2/install/sllidar_ros2/share/sllidar_ros2/launch/gmapping_launch.py
[11.631s] -- Installing: /home/hjf/auto/rplidar-ros2/install/sllidar_ros2/share/sllidar_ros2/launch/sllidar_s2_launch.py
[11.631s] -- Installing: /home/hjf/auto/rplidar-ros2/install/sllidar_ros2/share/sllidar_ros2/launch/sllidar_s1_launch.py
[11.631s] -- Installing: /home/hjf/auto/rplidar-ros2/install/sllidar_ros2/share/sllidar_ros2/launch/sllidar_t1_launch.py
[11.632s] -- Installing: /home/hjf/auto/rplidar-ros2/install/sllidar_ros2/share/sllidar_ros2/launch/view_sllidar_t1_launch.py
[11.632s] -- Installing: /home/hjf/auto/rplidar-ros2/install/sllidar_ros2/share/sllidar_ros2/launch/view_sllidar_s1_tcp_launch.py
[11.633s] -- Installing: /home/hjf/auto/rplidar-ros2/install/sllidar_ros2/share/sllidar_ros2/launch/sllidar_s1_tcp_launch.py
[11.633s] -- Installing: /home/hjf/auto/rplidar-ros2/install/sllidar_ros2/share/sllidar_ros2/launch/gmapping_s2_launch.py
[11.634s] -- Installing: /home/hjf/auto/rplidar-ros2/install/sllidar_ros2/share/sllidar_ros2/launch/view_sllidar_a3_launch.py
[11.634s] -- Installing: /home/hjf/auto/rplidar-ros2/install/sllidar_ros2/share/sllidar_ros2/launch/sllidar_launch.py
[11.634s] -- Installing: /home/hjf/auto/rplidar-ros2/install/sllidar_ros2/share/sllidar_ros2/launch/view_sllidar_s1_launch.py
[11.635s] -- Installing: /home/hjf/auto/rplidar-ros2/install/sllidar_ros2/share/sllidar_ros2/launch/sllidar_a3_launch.py
[11.635s] -- Installing: /home/hjf/auto/rplidar-ros2/install/sllidar_ros2/share/sllidar_ros2/launch/view_sllidar_s2_launch.py
[11.636s] -- Installing: /home/hjf/auto/rplidar-ros2/install/sllidar_ros2/share/sllidar_ros2/rviz
[11.636s] -- Installing: /home/hjf/auto/rplidar-ros2/install/sllidar_ros2/share/sllidar_ros2/rviz/sllidar_ros2.rviz
[11.636s] -- Installing: /home/hjf/auto/rplidar-ros2/install/sllidar_ros2/share/sllidar_ros2/rviz/sllidar_gmapping_ros2.rviz
[11.638s] -- Installing: /home/hjf/auto/rplidar-ros2/install/sllidar_ros2/lib/sllidar_ros2/sllidar_node
[11.639s] -- Set runtime path of "/home/hjf/auto/rplidar-ros2/install/sllidar_ros2/lib/sllidar_ros2/sllidar_node" to ""
[11.639s] -- Installing: /home/hjf/auto/rplidar-ros2/install/sllidar_ros2/lib/sllidar_ros2/sllidar_client
[11.641s] -- Set runtime path of "/home/hjf/auto/rplidar-ros2/install/sllidar_ros2/lib/sllidar_ros2/sllidar_client" to ""
[11.641s] -- Installing: /home/hjf/auto/rplidar-ros2/install/sllidar_ros2/share/ament_index/resource_index/package_run_dependencies/sllidar_ros2
[11.641s] -- Installing: /home/hjf/auto/rplidar-ros2/install/sllidar_ros2/share/ament_index/resource_index/parent_prefix_path/sllidar_ros2
[11.642s] -- Installing: /home/hjf/auto/rplidar-ros2/install/sllidar_ros2/share/sllidar_ros2/environment/ament_prefix_path.sh
[11.642s] -- Installing: /home/hjf/auto/rplidar-ros2/install/sllidar_ros2/share/sllidar_ros2/environment/ament_prefix_path.dsv
[11.642s] -- Installing: /home/hjf/auto/rplidar-ros2/install/sllidar_ros2/share/sllidar_ros2/environment/path.sh
[11.642s] -- Installing: /home/hjf/auto/rplidar-ros2/install/sllidar_ros2/share/sllidar_ros2/environment/path.dsv
[11.643s] -- Installing: /home/hjf/auto/rplidar-ros2/install/sllidar_ros2/share/sllidar_ros2/local_setup.bash
[11.643s] -- Installing: /home/hjf/auto/rplidar-ros2/install/sllidar_ros2/share/sllidar_ros2/local_setup.sh
[11.643s] -- Installing: /home/hjf/auto/rplidar-ros2/install/sllidar_ros2/share/sllidar_ros2/local_setup.zsh
[11.643s] -- Installing: /home/hjf/auto/rplidar-ros2/install/sllidar_ros2/share/sllidar_ros2/local_setup.dsv
[11.643s] -- Installing: /home/hjf/auto/rplidar-ros2/install/sllidar_ros2/share/sllidar_ros2/package.dsv
[11.643s] -- Installing: /home/hjf/auto/rplidar-ros2/install/sllidar_ros2/share/ament_index/resource_index/packages/sllidar_ros2
[11.644s] -- Installing: /home/hjf/auto/rplidar-ros2/install/sllidar_ros2/share/sllidar_ros2/cmake/ament_cmake_export_dependencies-extras.cmake
[11.644s] -- Installing: /home/hjf/auto/rplidar-ros2/install/sllidar_ros2/share/sllidar_ros2/cmake/ament_cmake_export_include_directories-extras.cmake
[11.644s] -- Installing: /home/hjf/auto/rplidar-ros2/install/sllidar_ros2/share/sllidar_ros2/cmake/sllidar_ros2Config.cmake
[11.644s] -- Installing: /home/hjf/auto/rplidar-ros2/install/sllidar_ros2/share/sllidar_ros2/cmake/sllidar_ros2Config-version.cmake
[11.644s] -- Installing: /home/hjf/auto/rplidar-ros2/install/sllidar_ros2/share/sllidar_ros2/package.xml
[11.649s] Invoked command in '/home/hjf/auto/rplidar-ros2/build/sllidar_ros2' returned '0': CMAKE_PREFIX_PATH=/opt/ros/foxy /usr/bin/cmake --install /home/hjf/auto/rplidar-ros2/build/sllidar_ros2
