[0.021s] Invoking command in '/home/hjf/auto/rplidar-ros2/build/sllidar_ros2': CMAKE_PREFIX_PATH=${CMAKE_PREFIX_PATH}:/opt/ros/foxy /usr/bin/cmake --build /home/hjf/auto/rplidar-ros2/build/sllidar_ros2 -- -j8 -l8
[0.099s] [ 85%] Built target sllidar_node
[0.100s] [100%] Built target sllidar_client
[0.112s] Invoked command in '/home/hjf/auto/rplidar-ros2/build/sllidar_ros2' returned '0': CMAKE_PREFIX_PATH=${CMAKE_PREFIX_PATH}:/opt/ros/foxy /usr/bin/cmake --build /home/hjf/auto/rplidar-ros2/build/sllidar_ros2 -- -j8 -l8
[0.158s] Invoking command in '/home/hjf/auto/rplidar-ros2/build/sllidar_ros2': CMAKE_PREFIX_PATH=${CMAKE_PREFIX_PATH}:/opt/ros/foxy /usr/bin/cmake --install /home/hjf/auto/rplidar-ros2/build/sllidar_ros2
[0.166s] -- Install configuration: ""
[0.166s] -- Up-to-date: /home/hjf/auto/rplidar-ros2/install/sllidar_ros2/share/sllidar_ros2/launch
[0.166s] -- Up-to-date: /home/hjf/auto/rplidar-ros2/install/sllidar_ros2/share/sllidar_ros2/launch/view_sllidar_launch.py
[0.166s] -- Installing: /home/hjf/auto/rplidar-ros2/install/sllidar_ros2/share/sllidar_ros2/launch/gmapping_launch.py
[0.167s] -- Up-to-date: /home/hjf/auto/rplidar-ros2/install/sllidar_ros2/share/sllidar_ros2/launch/sllidar_s2_launch.py
[0.167s] -- Up-to-date: /home/hjf/auto/rplidar-ros2/install/sllidar_ros2/share/sllidar_ros2/launch/sllidar_s1_launch.py
[0.167s] -- Up-to-date: /home/hjf/auto/rplidar-ros2/install/sllidar_ros2/share/sllidar_ros2/launch/sllidar_t1_launch.py
[0.167s] -- Up-to-date: /home/hjf/auto/rplidar-ros2/install/sllidar_ros2/share/sllidar_ros2/launch/view_sllidar_t1_launch.py
[0.167s] -- Up-to-date: /home/hjf/auto/rplidar-ros2/install/sllidar_ros2/share/sllidar_ros2/launch/view_sllidar_s1_tcp_launch.py
[0.167s] -- Up-to-date: /home/hjf/auto/rplidar-ros2/install/sllidar_ros2/share/sllidar_ros2/launch/sllidar_s1_tcp_launch.py
[0.167s] -- Up-to-date: /home/hjf/auto/rplidar-ros2/install/sllidar_ros2/share/sllidar_ros2/launch/gmapping_s2_launch.py
[0.167s] -- Installing: /home/hjf/auto/rplidar-ros2/install/sllidar_ros2/share/sllidar_ros2/launch/view_sllidar_a3_launch.py
[0.167s] -- Up-to-date: /home/hjf/auto/rplidar-ros2/install/sllidar_ros2/share/sllidar_ros2/launch/sllidar_launch.py
[0.167s] -- Up-to-date: /home/hjf/auto/rplidar-ros2/install/sllidar_ros2/share/sllidar_ros2/launch/view_sllidar_s1_launch.py
[0.167s] -- Installing: /home/hjf/auto/rplidar-ros2/install/sllidar_ros2/share/sllidar_ros2/launch/sllidar_a3_launch.py
[0.168s] -- Up-to-date: /home/hjf/auto/rplidar-ros2/install/sllidar_ros2/share/sllidar_ros2/launch/view_sllidar_s2_launch.py
[0.168s] -- Up-to-date: /home/hjf/auto/rplidar-ros2/install/sllidar_ros2/share/sllidar_ros2/rviz
[0.168s] -- Up-to-date: /home/hjf/auto/rplidar-ros2/install/sllidar_ros2/share/sllidar_ros2/rviz/sllidar_ros2.rviz
[0.168s] -- Up-to-date: /home/hjf/auto/rplidar-ros2/install/sllidar_ros2/share/sllidar_ros2/rviz/sllidar_gmapping_ros2.rviz
[0.168s] -- Up-to-date: /home/hjf/auto/rplidar-ros2/install/sllidar_ros2/lib/sllidar_ros2/sllidar_node
[0.169s] -- Up-to-date: /home/hjf/auto/rplidar-ros2/install/sllidar_ros2/lib/sllidar_ros2/sllidar_client
[0.169s] -- Up-to-date: /home/hjf/auto/rplidar-ros2/install/sllidar_ros2/share/ament_index/resource_index/package_run_dependencies/sllidar_ros2
[0.170s] -- Up-to-date: /home/hjf/auto/rplidar-ros2/install/sllidar_ros2/share/ament_index/resource_index/parent_prefix_path/sllidar_ros2
[0.170s] -- Up-to-date: /home/hjf/auto/rplidar-ros2/install/sllidar_ros2/share/sllidar_ros2/environment/ament_prefix_path.sh
[0.170s] -- Up-to-date: /home/hjf/auto/rplidar-ros2/install/sllidar_ros2/share/sllidar_ros2/environment/ament_prefix_path.dsv
[0.170s] -- Up-to-date: /home/hjf/auto/rplidar-ros2/install/sllidar_ros2/share/sllidar_ros2/environment/path.sh
[0.170s] -- Up-to-date: /home/hjf/auto/rplidar-ros2/install/sllidar_ros2/share/sllidar_ros2/environment/path.dsv
[0.170s] -- Up-to-date: /home/hjf/auto/rplidar-ros2/install/sllidar_ros2/share/sllidar_ros2/local_setup.bash
[0.170s] -- Up-to-date: /home/hjf/auto/rplidar-ros2/install/sllidar_ros2/share/sllidar_ros2/local_setup.sh
[0.170s] -- Up-to-date: /home/hjf/auto/rplidar-ros2/install/sllidar_ros2/share/sllidar_ros2/local_setup.zsh
[0.170s] -- Up-to-date: /home/hjf/auto/rplidar-ros2/install/sllidar_ros2/share/sllidar_ros2/local_setup.dsv
[0.170s] -- Installing: /home/hjf/auto/rplidar-ros2/install/sllidar_ros2/share/sllidar_ros2/package.dsv
[0.170s] -- Up-to-date: /home/hjf/auto/rplidar-ros2/install/sllidar_ros2/share/ament_index/resource_index/packages/sllidar_ros2
[0.171s] -- Up-to-date: /home/hjf/auto/rplidar-ros2/install/sllidar_ros2/share/sllidar_ros2/cmake/ament_cmake_export_dependencies-extras.cmake
[0.171s] -- Up-to-date: /home/hjf/auto/rplidar-ros2/install/sllidar_ros2/share/sllidar_ros2/cmake/ament_cmake_export_include_directories-extras.cmake
[0.171s] -- Up-to-date: /home/hjf/auto/rplidar-ros2/install/sllidar_ros2/share/sllidar_ros2/cmake/sllidar_ros2Config.cmake
[0.171s] -- Up-to-date: /home/hjf/auto/rplidar-ros2/install/sllidar_ros2/share/sllidar_ros2/cmake/sllidar_ros2Config-version.cmake
[0.171s] -- Up-to-date: /home/hjf/auto/rplidar-ros2/install/sllidar_ros2/share/sllidar_ros2/package.xml
[0.173s] Invoked command in '/home/hjf/auto/rplidar-ros2/build/sllidar_ros2' returned '0': CMAKE_PREFIX_PATH=${CMAKE_PREFIX_PATH}:/opt/ros/foxy /usr/bin/cmake --install /home/hjf/auto/rplidar-ros2/build/sllidar_ros2
