[0.012s] Invoking command in '/home/hjf/auto/rplidar-ros2/build/slam_gmapping': CMAKE_PREFIX_PATH=/home/hjf/auto/rplidar-ros2/install/openslam_gmapping:/home/hjf/auto/rplidar-ros2/install/sllidar_ros2:/home/hjf/auto/rplidar-ros2/install/slam_gmapping:/home/hjf/auto/rplidar-ros2/install/cartographer_test:/opt/ros/foxy /usr/bin/cmake --build /home/hjf/auto/rplidar-ros2/build/slam_gmapping -- -j8 -l8
[0.066s] [ 33%] Built target scan_dilute
[0.069s] [100%] Built target transform
[0.069s] [100%] Built target slam_gmapping
[0.079s] Invoked command in '/home/hjf/auto/rplidar-ros2/build/slam_gmapping' returned '0': CMAKE_PREFIX_PATH=/home/hjf/auto/rplidar-ros2/install/openslam_gmapping:/home/hjf/auto/rplidar-ros2/install/sllidar_ros2:/home/hjf/auto/rplidar-ros2/install/slam_gmapping:/home/hjf/auto/rplidar-ros2/install/cartographer_test:/opt/ros/foxy /usr/bin/cmake --build /home/hjf/auto/rplidar-ros2/build/slam_gmapping -- -j8 -l8
[0.103s] Invoking command in '/home/hjf/auto/rplidar-ros2/build/slam_gmapping': CMAKE_PREFIX_PATH=/home/hjf/auto/rplidar-ros2/install/openslam_gmapping:/home/hjf/auto/rplidar-ros2/install/sllidar_ros2:/home/hjf/auto/rplidar-ros2/install/slam_gmapping:/home/hjf/auto/rplidar-ros2/install/cartographer_test:/opt/ros/foxy /usr/bin/cmake --install /home/hjf/auto/rplidar-ros2/build/slam_gmapping
[0.111s] -- Install configuration: ""
[0.111s] -- Up-to-date: /home/hjf/auto/rplidar-ros2/install/slam_gmapping/lib/slam_gmapping/slam_gmapping
[0.111s] -- Up-to-date: /home/hjf/auto/rplidar-ros2/install/slam_gmapping/lib/slam_gmapping/transform
[0.111s] -- Up-to-date: /home/hjf/auto/rplidar-ros2/install/slam_gmapping/lib/slam_gmapping/scan_dilute
[0.112s] -- Up-to-date: /home/hjf/auto/rplidar-ros2/install/slam_gmapping/share/slam_gmapping/launch
[0.112s] -- Up-to-date: /home/hjf/auto/rplidar-ros2/install/slam_gmapping/share/slam_gmapping/launch/slam_gmapping.launch.py
[0.112s] -- Up-to-date: /home/hjf/auto/rplidar-ros2/install/slam_gmapping/share/ament_index/resource_index/package_run_dependencies/slam_gmapping
[0.112s] -- Up-to-date: /home/hjf/auto/rplidar-ros2/install/slam_gmapping/share/ament_index/resource_index/parent_prefix_path/slam_gmapping
[0.112s] -- Up-to-date: /home/hjf/auto/rplidar-ros2/install/slam_gmapping/share/slam_gmapping/environment/ament_prefix_path.sh
[0.112s] -- Up-to-date: /home/hjf/auto/rplidar-ros2/install/slam_gmapping/share/slam_gmapping/environment/ament_prefix_path.dsv
[0.112s] -- Up-to-date: /home/hjf/auto/rplidar-ros2/install/slam_gmapping/share/slam_gmapping/environment/path.sh
[0.112s] -- Up-to-date: /home/hjf/auto/rplidar-ros2/install/slam_gmapping/share/slam_gmapping/environment/path.dsv
[0.112s] -- Up-to-date: /home/hjf/auto/rplidar-ros2/install/slam_gmapping/share/slam_gmapping/local_setup.bash
[0.112s] -- Up-to-date: /home/hjf/auto/rplidar-ros2/install/slam_gmapping/share/slam_gmapping/local_setup.sh
[0.113s] -- Up-to-date: /home/hjf/auto/rplidar-ros2/install/slam_gmapping/share/slam_gmapping/local_setup.zsh
[0.113s] -- Up-to-date: /home/hjf/auto/rplidar-ros2/install/slam_gmapping/share/slam_gmapping/local_setup.dsv
[0.113s] -- Installing: /home/hjf/auto/rplidar-ros2/install/slam_gmapping/share/slam_gmapping/package.dsv
[0.113s] -- Up-to-date: /home/hjf/auto/rplidar-ros2/install/slam_gmapping/share/ament_index/resource_index/packages/slam_gmapping
[0.113s] -- Up-to-date: /home/hjf/auto/rplidar-ros2/install/slam_gmapping/share/slam_gmapping/cmake/slam_gmappingConfig.cmake
[0.113s] -- Up-to-date: /home/hjf/auto/rplidar-ros2/install/slam_gmapping/share/slam_gmapping/cmake/slam_gmappingConfig-version.cmake
[0.113s] -- Up-to-date: /home/hjf/auto/rplidar-ros2/install/slam_gmapping/share/slam_gmapping/package.xml
[0.114s] Invoked command in '/home/hjf/auto/rplidar-ros2/build/slam_gmapping' returned '0': CMAKE_PREFIX_PATH=/home/hjf/auto/rplidar-ros2/install/openslam_gmapping:/home/hjf/auto/rplidar-ros2/install/sllidar_ros2:/home/hjf/auto/rplidar-ros2/install/slam_gmapping:/home/hjf/auto/rplidar-ros2/install/cartographer_test:/opt/ros/foxy /usr/bin/cmake --install /home/hjf/auto/rplidar-ros2/build/slam_gmapping
