[0.021s] Invoking command in '/home/hjf/auto/rplidar-ros2/build/slam_gmapping': AMENT_PREFIX_PATH=/home/hjf/auto/rplidar-ros2/install/openslam_gmapping:${AMENT_PREFIX_PATH} CMAKE_PREFIX_PATH=/home/hjf/auto/rplidar-ros2/install/openslam_gmapping:/opt/ros/foxy LD_LIBRARY_PATH=/home/hjf/auto/rplidar-ros2/install/openslam_gmapping/lib:${LD_LIBRARY_PATH} /usr/bin/cmake --build /home/hjf/auto/rplidar-ros2/build/slam_gmapping -- -j8 -l8
[0.118s] [ 33%] Built target slam_gmapping
[0.122s] [ 66%] Built target transform
[0.122s] [100%] Built target scan_dilute
[0.133s] Invoked command in '/home/hjf/auto/rplidar-ros2/build/slam_gmapping' returned '0': AMENT_PREFIX_PATH=/home/hjf/auto/rplidar-ros2/install/openslam_gmapping:${AMENT_PREFIX_PATH} CMAKE_PREFIX_PATH=/home/hjf/auto/rplidar-ros2/install/openslam_gmapping:/opt/ros/foxy LD_LIBRARY_PATH=/home/hjf/auto/rplidar-ros2/install/openslam_gmapping/lib:${LD_LIBRARY_PATH} /usr/bin/cmake --build /home/hjf/auto/rplidar-ros2/build/slam_gmapping -- -j8 -l8
[0.163s] Invoking command in '/home/hjf/auto/rplidar-ros2/build/slam_gmapping': AMENT_PREFIX_PATH=/home/hjf/auto/rplidar-ros2/install/openslam_gmapping:${AMENT_PREFIX_PATH} CMAKE_PREFIX_PATH=/home/hjf/auto/rplidar-ros2/install/openslam_gmapping:/opt/ros/foxy LD_LIBRARY_PATH=/home/hjf/auto/rplidar-ros2/install/openslam_gmapping/lib:${LD_LIBRARY_PATH} /usr/bin/cmake --install /home/hjf/auto/rplidar-ros2/build/slam_gmapping
[0.171s] -- Install configuration: ""
[0.172s] -- Up-to-date: /home/hjf/auto/rplidar-ros2/install/slam_gmapping/lib/slam_gmapping/slam_gmapping
[0.174s] -- Up-to-date: /home/hjf/auto/rplidar-ros2/install/slam_gmapping/lib/slam_gmapping/transform
[0.176s] -- Up-to-date: /home/hjf/auto/rplidar-ros2/install/slam_gmapping/lib/slam_gmapping/scan_dilute
[0.177s] -- Up-to-date: /home/hjf/auto/rplidar-ros2/install/slam_gmapping/share/slam_gmapping/launch
[0.177s] -- Up-to-date: /home/hjf/auto/rplidar-ros2/install/slam_gmapping/share/slam_gmapping/launch/slam_gmapping.launch.py
[0.178s] -- Up-to-date: /home/hjf/auto/rplidar-ros2/install/slam_gmapping/share/ament_index/resource_index/package_run_dependencies/slam_gmapping
[0.178s] -- Up-to-date: /home/hjf/auto/rplidar-ros2/install/slam_gmapping/share/ament_index/resource_index/parent_prefix_path/slam_gmapping
[0.178s] -- Up-to-date: /home/hjf/auto/rplidar-ros2/install/slam_gmapping/share/slam_gmapping/environment/ament_prefix_path.sh
[0.179s] -- Up-to-date: /home/hjf/auto/rplidar-ros2/install/slam_gmapping/share/slam_gmapping/environment/ament_prefix_path.dsv
[0.179s] -- Up-to-date: /home/hjf/auto/rplidar-ros2/install/slam_gmapping/share/slam_gmapping/environment/path.sh
[0.179s] -- Up-to-date: /home/hjf/auto/rplidar-ros2/install/slam_gmapping/share/slam_gmapping/environment/path.dsv
[0.179s] -- Up-to-date: /home/hjf/auto/rplidar-ros2/install/slam_gmapping/share/slam_gmapping/local_setup.bash
[0.179s] -- Up-to-date: /home/hjf/auto/rplidar-ros2/install/slam_gmapping/share/slam_gmapping/local_setup.sh
[0.179s] -- Up-to-date: /home/hjf/auto/rplidar-ros2/install/slam_gmapping/share/slam_gmapping/local_setup.zsh
[0.180s] -- Up-to-date: /home/hjf/auto/rplidar-ros2/install/slam_gmapping/share/slam_gmapping/local_setup.dsv
[0.180s] -- Installing: /home/hjf/auto/rplidar-ros2/install/slam_gmapping/share/slam_gmapping/package.dsv
[0.180s] -- Up-to-date: /home/hjf/auto/rplidar-ros2/install/slam_gmapping/share/ament_index/resource_index/packages/slam_gmapping
[0.180s] -- Up-to-date: /home/hjf/auto/rplidar-ros2/install/slam_gmapping/share/slam_gmapping/cmake/slam_gmappingConfig.cmake
[0.180s] -- Up-to-date: /home/hjf/auto/rplidar-ros2/install/slam_gmapping/share/slam_gmapping/cmake/slam_gmappingConfig-version.cmake
[0.180s] -- Up-to-date: /home/hjf/auto/rplidar-ros2/install/slam_gmapping/share/slam_gmapping/package.xml
[0.185s] Invoked command in '/home/hjf/auto/rplidar-ros2/build/slam_gmapping' returned '0': AMENT_PREFIX_PATH=/home/hjf/auto/rplidar-ros2/install/openslam_gmapping:${AMENT_PREFIX_PATH} CMAKE_PREFIX_PATH=/home/hjf/auto/rplidar-ros2/install/openslam_gmapping:/opt/ros/foxy LD_LIBRARY_PATH=/home/hjf/auto/rplidar-ros2/install/openslam_gmapping/lib:${LD_LIBRARY_PATH} /usr/bin/cmake --install /home/hjf/auto/rplidar-ros2/build/slam_gmapping
